<?xml version="1.0" encoding="UTF-8"?>
<robot generator="Robot 7.4.2 (Python 3.14.6 on win32)" generated="2026-09-25T15:04:40.498558" rpa="false" schemaversion="5">
<suite id="s1" name="Tests" source="C:\Projects\Internship_proj\RobotFramework-Ecommerce-Automation\tests">
<suite id="s1-s1" name="Ecommerce Tests" source="C:\Projects\Internship_proj\RobotFramework-Ecommerce-Automation\tests\ecommerce_tests.robot">
<test id="s1-s1-t1" name="TC12 - Verify Product Quantity In Cart" line="102">
<kw name="Open Application" owner="common" type="SETUP">
<kw name="Open Browser" owner="SeleniumLibrary">
<msg time="2026-09-25T15:04:41.490713" level="INFO">Opening browser 'chrome' to base url 'https://automationexercise.com'.</msg>
<arg>${BASE_URL}</arg>
<arg>${BROWSER}</arg>
<doc>Opens a new browser instance to the optional ``url``.</doc>
<status status="PASS" start="2026-09-25T15:04:41.490250" elapsed="5.534566"/>
</kw>
<kw name="Maximize Browser Window" owner="SeleniumLibrary">
<doc>Maximizes current browser window.</doc>
<status status="PASS" start="2026-09-25T15:04:47.025290" elapsed="0.064608"/>
</kw>
<kw name="Set Selenium Timeout" owner="SeleniumLibrary">
<arg>15 seconds</arg>
<doc>Sets the timeout that is used by various keywords.</doc>
<status status="PASS" start="2026-09-25T15:04:47.090111" elapsed="0.001336"/>
</kw>
<status status="PASS" start="2026-09-25T15:04:41.489166" elapsed="5.602418"/>
</kw>
<kw name="Add Product With Quantity" owner="advanced_ecommerce">
<kw name="Open First Product Details" owner="advanced_ecommerce">
<kw name="Go To" owner="SeleniumLibrary">
<msg time="2026-09-25T15:04:47.092945" level="INFO">Opening url 'https://automationexercise.com/products'</msg>
<arg>${BASE_URL}/products</arg>
<doc>Navigates the current browser window to the provided ``url``.</doc>
<status status="PASS" start="2026-09-25T15:04:47.092808" elapsed="6.529774"/>
</kw>
<kw name="Wait Until Location Contains" owner="SeleniumLibrary">
<arg>/products</arg>
<arg>30 seconds</arg>
<doc>Waits until the current URL contains ``expected``.</doc>
<status status="PASS" start="2026-09-25T15:04:53.623118" elapsed="0.017827"/>
</kw>
<kw name="Wait Until Element Is Visible" owner="SeleniumLibrary">
<arg>${FIRST_VIEW_PRODUCT}</arg>
<arg>30 seconds</arg>
<doc>Waits until the element ``locator`` is visible.</doc>
<status status="PASS" start="2026-09-25T15:04:53.641337" elapsed="0.043066"/>
</kw>
<kw name="Scroll Element Into View" owner="SeleniumLibrary">
<arg>${FIRST_VIEW_PRODUCT}</arg>
<doc>Scrolls the element identified by ``locator`` into view.</doc>
<status status="PASS" start="2026-09-25T15:04:53.684804" elapsed="0.454106"/>
</kw>
<kw name="Remove Advertisement Overlays" owner="common">
<kw name="Execute Javascript" owner="SeleniumLibrary">
<msg time="2026-09-25T15:04:54.140445" level="INFO">Executing JavaScript:
document.querySelectorAll('iframe[id^="aswift"], div[id^="aswift"], ins.adsbygoogle, [id^="google_ads_iframe"], [id*="google_ads_iframe"]').forEach(el =&gt; el.remove());
Without any arguments.</msg>
<arg>document.querySelectorAll('iframe[id^="aswift"], div[id^="aswift"], ins.adsbygoogle, [id^="google_ads_iframe"], [id*="google_ads_iframe"]').forEach(el =&gt; el.remove());</arg>
<doc>Executes the given JavaScript code with possible arguments.</doc>
<status status="PASS" start="2026-09-25T15:04:54.140041" elapsed="0.039546"/>
</kw>
<kw name="Execute Javascript" owner="SeleniumLibrary">
<msg time="2026-09-25T15:04:54.180260" level="INFO">Executing JavaScript:
document.querySelectorAll('body &gt; *').forEach(el =&gt; { const s = getComputedStyle(el); if (s.position === 'fixed' &amp;&amp; parseInt(s.zIndex || '0') &gt; 100000) el.remove(); });
Without any arguments.</msg>
<arg>document.querySelectorAll('body &gt; *').forEach(el =&gt; { const s = getComputedStyle(el); if (s.position === 'fixed' &amp;&amp; parseInt(s.zIndex || '0') &gt; 100000) el.remove(); });</arg>
<doc>Executes the given JavaScript code with possible arguments.</doc>
<status status="PASS" start="2026-09-25T15:04:54.179958" elapsed="0.013136"/>
</kw>
<status status="PASS" start="2026-09-25T15:04:54.139413" elapsed="0.053867"/>
</kw>
<kw name="Get WebElement" owner="SeleniumLibrary">
<msg time="2026-09-25T15:04:54.201611" level="INFO">${product_link} = &lt;selenium.webdriver.remote.webelement.WebElement (session="94a71da5f00ddbe56c80125b583ab2a0", element="f.665948D2447C9FE477681E4FDCF4E525.d.FB7C0402A9F092FCE5C813D60C874C5A.e.83")&gt;</msg>
<var>${product_link}</var>
<arg>${FIRST_VIEW_PRODUCT}</arg>
<doc>Returns the first WebElement matching the given ``locator``.</doc>
<status status="PASS" start="2026-09-25T15:04:54.193467" elapsed="0.008221"/>
</kw>
<kw name="Execute Javascript" owner="SeleniumLibrary">
<msg time="2026-09-25T15:04:54.202274" level="INFO">Executing JavaScript:
arguments[0].click();
By using argument:
'&lt;selenium.webdriver.remote.webelement.WebElement (session="94a71da5f00ddbe56c80125b583ab2a0", element="f.665948D2447C9FE477681E4FDCF4E525.d.FB7C0402A9F092FCE5C813D60C874C5A.e.83")&gt;'</msg>
<arg>arguments[0].click();</arg>
<arg>ARGUMENTS</arg>
<arg>${product_link}</arg>
<doc>Executes the given JavaScript code with possible arguments.</doc>
<status status="PASS" start="2026-09-25T15:04:54.201956" elapsed="23.834079"/>
</kw>
<kw name="Wait Until Location Contains" owner="SeleniumLibrary">
<arg>/product_details/</arg>
<arg>30 seconds</arg>
<doc>Waits until the current URL contains ``expected``.</doc>
<status status="PASS" start="2026-09-25T15:05:18.036499" elapsed="0.028396"/>
</kw>
<kw name="Wait Until Page Contains" owner="SeleniumLibrary">
<arg>Availability:</arg>
<arg>30 seconds</arg>
<doc>Waits until ``text`` appears on the current page.</doc>
<status status="PASS" start="2026-09-25T15:05:18.065357" elapsed="0.023904"/>
</kw>
<status status="PASS" start="2026-09-25T15:04:47.092608" elapsed="30.996864"/>
</kw>
<kw name="Wait Until Element Is Visible" owner="SeleniumLibrary">
<arg>${PRODUCT_QUANTITY_FIELD}</arg>
<arg>15 seconds</arg>
<doc>Waits until the element ``locator`` is visible.</doc>
<status status="PASS" start="2026-09-25T15:05:18.089729" elapsed="0.029746"/>
</kw>
<kw name="Clear Element Text" owner="SeleniumLibrary">
<arg>${PRODUCT_QUANTITY_FIELD}</arg>
<doc>Clears the value of the text-input-element identified by ``locator``.</doc>
<status status="PASS" start="2026-09-25T15:05:18.119931" elapsed="0.116858"/>
</kw>
<kw name="Input Text" owner="SeleniumLibrary">
<msg time="2026-09-25T15:05:18.237480" level="INFO">Typing text '4' into text field 'id=quantity'.</msg>
<arg>${PRODUCT_QUANTITY_FIELD}</arg>
<arg>${quantity}</arg>
<doc>Types the given ``text`` into the text field identified by ``locator``.</doc>
<status status="PASS" start="2026-09-25T15:05:18.237080" elapsed="0.062384"/>
</kw>
<kw name="Remove Advertisement Overlays" owner="common">
<kw name="Execute Javascript" owner="SeleniumLibrary">
<msg time="2026-09-25T15:05:18.300296" level="INFO">Executing JavaScript:
document.querySelectorAll('iframe[id^="aswift"], div[id^="aswift"], ins.adsbygoogle, [id^="google_ads_iframe"], [id*="google_ads_iframe"]').forEach(el =&gt; el.remove());
Without any arguments.</msg>
<arg>document.querySelectorAll('iframe[id^="aswift"], div[id^="aswift"], ins.adsbygoogle, [id^="google_ads_iframe"], [id*="google_ads_iframe"]').forEach(el =&gt; el.remove());</arg>
<doc>Executes the given JavaScript code with possible arguments.</doc>
<status status="PASS" start="2026-09-25T15:05:18.300128" elapsed="0.040087"/>
</kw>
<kw name="Execute Javascript" owner="SeleniumLibrary">
<msg time="2026-09-25T15:05:18.340695" level="INFO">Executing JavaScript:
document.querySelectorAll('body &gt; *').forEach(el =&gt; { const s = getComputedStyle(el); if (s.position === 'fixed' &amp;&amp; parseInt(s.zIndex || '0') &gt; 100000) el.remove(); });
Without any arguments.</msg>
<arg>document.querySelectorAll('body &gt; *').forEach(el =&gt; { const s = getComputedStyle(el); if (s.position === 'fixed' &amp;&amp; parseInt(s.zIndex || '0') &gt; 100000) el.remove(); });</arg>
<doc>Executes the given JavaScript code with possible arguments.</doc>
<status status="PASS" start="2026-09-25T15:05:18.340469" elapsed="0.009268"/>
</kw>
<status status="PASS" start="2026-09-25T15:05:18.299817" elapsed="0.050209"/>
</kw>
<kw name="Get WebElement" owner="SeleniumLibrary">
<msg time="2026-09-25T15:05:18.361123" level="INFO">${add_button} = &lt;selenium.webdriver.remote.webelement.WebElement (session="94a71da5f00ddbe56c80125b583ab2a0", element="f.665948D2447C9FE477681E4FDCF4E525.d.4B27716767FD789771728A77FD3795EE.e.129")&gt;</msg>
<var>${add_button}</var>
<arg>xpath=//*[self::button or self::a][contains(normalize-space(.),'Add to cart')]</arg>
<doc>Returns the first WebElement matching the given ``locator``.</doc>
<status status="PASS" start="2026-09-25T15:05:18.350209" elapsed="0.011027"/>
</kw>
<kw name="Execute Javascript" owner="SeleniumLibrary">
<msg time="2026-09-25T15:05:18.362087" level="INFO">Executing JavaScript:
arguments[0].scrollIntoView({block:'center'});
By using argument:
'&lt;selenium.webdriver.remote.webelement.WebElement (session="94a71da5f00ddbe56c80125b583ab2a0", element="f.665948D2447C9FE477681E4FDCF4E525.d.4B27716767FD789771728A77FD3795EE.e.129")&gt;'</msg>
<arg>arguments[0].scrollIntoView({block:'center'});</arg>
<arg>ARGUMENTS</arg>
<arg>${add_button}</arg>
<doc>Executes the given JavaScript code with possible arguments.</doc>
<status status="PASS" start="2026-09-25T15:05:18.361659" elapsed="0.009163"/>
</kw>
<kw name="Remove Advertisement Overlays" owner="common">
<kw name="Execute Javascript" owner="SeleniumLibrary">
<msg time="2026-09-25T15:05:18.372276" level="INFO">Executing JavaScript:
document.querySelectorAll('iframe[id^="aswift"], div[id^="aswift"], ins.adsbygoogle, [id^="google_ads_iframe"], [id*="google_ads_iframe"]').forEach(el =&gt; el.remove());
Without any arguments.</msg>
<arg>document.querySelectorAll('iframe[id^="aswift"], div[id^="aswift"], ins.adsbygoogle, [id^="google_ads_iframe"], [id*="google_ads_iframe"]').forEach(el =&gt; el.remove());</arg>
<doc>Executes the given JavaScript code with possible arguments.</doc>
<status status="PASS" start="2026-09-25T15:05:18.371902" elapsed="0.006128"/>
</kw>
<kw name="Execute Javascript" owner="SeleniumLibrary">
<msg time="2026-09-25T15:05:18.378480" level="INFO">Executing JavaScript:
document.querySelectorAll('body &gt; *').forEach(el =&gt; { const s = getComputedStyle(el); if (s.position === 'fixed' &amp;&amp; parseInt(s.zIndex || '0') &gt; 100000) el.remove(); });
Without any arguments.</msg>
<arg>document.querySelectorAll('body &gt; *').forEach(el =&gt; { const s = getComputedStyle(el); if (s.position === 'fixed' &amp;&amp; parseInt(s.zIndex || '0') &gt; 100000) el.remove(); });</arg>
<doc>Executes the given JavaScript code with possible arguments.</doc>
<status status="PASS" start="2026-09-25T15:05:18.378271" elapsed="0.004545"/>
</kw>
<status status="PASS" start="2026-09-25T15:05:18.371289" elapsed="0.011695"/>
</kw>
<kw name="Execute Javascript" owner="SeleniumLibrary">
<msg time="2026-09-25T15:05:18.383528" level="INFO">Executing JavaScript:
arguments[0].click();
By using argument:
'&lt;selenium.webdriver.remote.webelement.WebElement (session="94a71da5f00ddbe56c80125b583ab2a0", element="f.665948D2447C9FE477681E4FDCF4E525.d.4B27716767FD789771728A77FD3795EE.e.129")&gt;'</msg>
<arg>arguments[0].click();</arg>
<arg>ARGUMENTS</arg>
<arg>${add_button}</arg>
<doc>Executes the given JavaScript code with possible arguments.</doc>
<status status="PASS" start="2026-09-25T15:05:18.383227" elapsed="0.005890"/>
</kw>
<kw name="Wait Until Element Is Visible" owner="SeleniumLibrary">
<arg>xpath=//*[contains(normalize-space(.),'Your product has been added to cart')]</arg>
<arg>15 seconds</arg>
<doc>Waits until the element ``locator`` is visible.</doc>
<status status="PASS" start="2026-09-25T15:05:18.389404" elapsed="0.013084"/>
</kw>
<kw name="Open Cart From Modal" owner="advanced_ecommerce">
<kw name="Remove Advertisement Overlays" owner="common">
<kw name="Execute Javascript" owner="SeleniumLibrary">
<msg time="2026-09-25T15:05:18.403846" level="INFO">Executing JavaScript:
document.querySelectorAll('iframe[id^="aswift"], div[id^="aswift"], ins.adsbygoogle, [id^="google_ads_iframe"], [id*="google_ads_iframe"]').forEach(el =&gt; el.remove());
Without any arguments.</msg>
<arg>document.querySelectorAll('iframe[id^="aswift"], div[id^="aswift"], ins.adsbygoogle, [id^="google_ads_iframe"], [id*="google_ads_iframe"]').forEach(el =&gt; el.remove());</arg>
<doc>Executes the given JavaScript code with possible arguments.</doc>
<status status="PASS" start="2026-09-25T15:05:18.403681" elapsed="0.004241"/>
</kw>
<kw name="Execute Javascript" owner="SeleniumLibrary">
<msg time="2026-09-25T15:05:18.408579" level="INFO">Executing JavaScript:
document.querySelectorAll('body &gt; *').forEach(el =&gt; { const s = getComputedStyle(el); if (s.position === 'fixed' &amp;&amp; parseInt(s.zIndex || '0') &gt; 100000) el.remove(); });
Without any arguments.</msg>
<arg>document.querySelectorAll('body &gt; *').forEach(el =&gt; { const s = getComputedStyle(el); if (s.position === 'fixed' &amp;&amp; parseInt(s.zIndex || '0') &gt; 100000) el.remove(); });</arg>
<doc>Executes the given JavaScript code with possible arguments.</doc>
<status status="PASS" start="2026-09-25T15:05:18.408239" elapsed="0.004933"/>
</kw>
<status status="PASS" start="2026-09-25T15:05:18.403460" elapsed="0.009929"/>
</kw>
<kw name="Wait Until Element Is Visible" owner="SeleniumLibrary">
<arg>${VIEW_CART_BUTTON}</arg>
<arg>15 seconds</arg>
<doc>Waits until the element ``locator`` is visible.</doc>
<status status="PASS" start="2026-09-25T15:05:18.413676" elapsed="0.994201"/>
</kw>
<kw name="Click Element" owner="SeleniumLibrary">
<msg time="2026-09-25T15:05:19.410378" level="INFO">Clicking element 'xpath=//u[normalize-space(.)='View Cart']/ancestor::a[1]'.</msg>
<arg>${VIEW_CART_BUTTON}</arg>
<doc>Click the element identified by ``locator``.</doc>
<status status="PASS" start="2026-09-25T15:05:19.408946" elapsed="4.305856"/>
</kw>
<kw name="Wait Until Location Contains" owner="SeleniumLibrary">
<arg>/view_cart</arg>
<doc>Waits until the current URL contains ``expected``.</doc>
<status status="PASS" start="2026-09-25T15:05:23.715131" elapsed="0.006940"/>
</kw>
<kw name="Wait Until Element Is Visible" owner="SeleniumLibrary">
<arg>${CART_PRODUCT_ROWS}</arg>
<arg>30 seconds</arg>
<doc>Waits until the element ``locator`` is visible.</doc>
<status status="PASS" start="2026-09-25T15:05:23.722457" elapsed="0.020346"/>
</kw>
<status status="PASS" start="2026-09-25T15:05:18.402971" elapsed="5.340105"/>
</kw>
<arg>4</arg>
<status status="PASS" start="2026-09-25T15:04:47.092211" elapsed="36.650937"/>
</kw>
<kw name="Verify Cart Quantity" owner="advanced_ecommerce">
<kw name="Wait Until Element Is Visible" owner="SeleniumLibrary">
<msg time="2026-09-25T15:05:39.140604" level="INFO" html="true">&lt;/td&gt;&lt;/tr&gt;&lt;tr&gt;&lt;td colspan="3"&gt;&lt;a href="selenium-screenshot-19.png"&gt;&lt;img src="selenium-screenshot-19.png" width="800px"&gt;&lt;/a&gt;</msg>
<msg time="2026-09-25T15:05:39.141099" level="FAIL">Element 'css=input.cart_quantity' not visible after 15 seconds.</msg>
<arg>${CART_QUANTITY_FIELD}</arg>
<arg>15 seconds</arg>
<doc>Waits until the element ``locator`` is visible.</doc>
<status status="FAIL" start="2026-09-25T15:05:23.744040" elapsed="15.404472">Element 'css=input.cart_quantity' not visible after 15 seconds.</status>
</kw>
<kw name="Get Element Attribute" owner="SeleniumLibrary">
<var>${actual_quantity}</var>
<arg>${CART_QUANTITY_FIELD}</arg>
<arg>value</arg>
<doc>Returns the value of ``attribute`` from the element ``locator``.</doc>
<status status="NOT RUN" start="2026-09-25T15:05:39.148989" elapsed="0.000078"/>
</kw>
<kw name="Should Be Equal As Strings" owner="BuiltIn">
<arg>${actual_quantity}</arg>
<arg>${expected_quantity}</arg>
<doc>Fails if objects are unequal after converting them to strings.</doc>
<status status="NOT RUN" start="2026-09-25T15:05:39.149293" elapsed="0.000221"/>
</kw>
<arg>4</arg>
<status status="FAIL" start="2026-09-25T15:05:23.743702" elapsed="15.406213">Element 'css=input.cart_quantity' not visible after 15 seconds.</status>
</kw>
<kw name="Cleanup Test" type="TEARDOWN">
<kw name="Run Keyword If" owner="BuiltIn">
<kw name="Capture Page Screenshot" owner="SeleniumLibrary">
<msg time="2026-09-25T15:05:39.391459" level="INFO" html="true">&lt;/td&gt;&lt;/tr&gt;&lt;tr&gt;&lt;td colspan="3"&gt;&lt;a href="selenium-screenshot-20.png"&gt;&lt;img src="selenium-screenshot-20.png" width="800px"&gt;&lt;/a&gt;</msg>
<doc>Takes a screenshot of the current page and embeds it into a log file.</doc>
<status status="PASS" start="2026-09-25T15:05:39.154985" elapsed="0.236747"/>
</kw>
<arg>'${TEST STATUS}' == 'FAIL'</arg>
<arg>Capture Page Screenshot</arg>
<doc>Runs the given keyword with the given arguments, if ``condition`` is true.</doc>
<status status="PASS" start="2026-09-25T15:05:39.153649" elapsed="0.238251"/>
</kw>
<kw name="Close Application" owner="common">
<kw name="Close All Browsers" owner="SeleniumLibrary">
<doc>Closes all open browsers and resets the browser cache.</doc>
<status status="PASS" start="2026-09-25T15:05:39.392959" elapsed="2.629549"/>
</kw>
<status status="PASS" start="2026-09-25T15:05:39.392303" elapsed="2.630497"/>
</kw>
<status status="PASS" start="2026-09-25T15:05:39.153019" elapsed="2.869936"/>
</kw>
<status status="FAIL" start="2026-09-25T15:04:41.487839" elapsed="60.535839">Element 'css=input.cart_quantity' not visible after 15 seconds.</status>
</test>
<test id="s1-s1-t2" name="TC14 - Verify Category Navigation" line="123">
<kw name="Open Application" owner="common" type="SETUP">
<kw name="Open Browser" owner="SeleniumLibrary">
<msg time="2026-09-25T15:05:42.030266" level="INFO">Opening browser 'chrome' to base url 'https://automationexercise.com'.</msg>
<arg>${BASE_URL}</arg>
<arg>${BROWSER}</arg>
<doc>Opens a new browser instance to the optional ``url``.</doc>
<status status="PASS" start="2026-09-25T15:05:42.028938" elapsed="7.470271"/>
</kw>
<kw name="Maximize Browser Window" owner="SeleniumLibrary">
<doc>Maximizes current browser window.</doc>
<status status="PASS" start="2026-09-25T15:05:49.499697" elapsed="0.092359"/>
</kw>
<kw name="Set Selenium Timeout" owner="SeleniumLibrary">
<arg>15 seconds</arg>
<doc>Sets the timeout that is used by various keywords.</doc>
<status status="PASS" start="2026-09-25T15:05:49.592299" elapsed="0.004780"/>
</kw>
<status status="PASS" start="2026-09-25T15:05:42.026220" elapsed="7.570975"/>
</kw>
<kw name="Open Women Tops Category" owner="advanced_ecommerce">
<kw name="Go To" owner="SeleniumLibrary">
<msg time="2026-09-25T15:05:49.598207" level="INFO">Opening url 'https://automationexercise.com'</msg>
<arg>${BASE_URL}</arg>
<doc>Navigates the current browser window to the provided ``url``.</doc>
<status status="PASS" start="2026-09-25T15:05:49.598062" elapsed="2.290852"/>
</kw>
<kw name="Wait Until Location Is" owner="SeleniumLibrary">
<arg>${BASE_URL}/</arg>
<doc>Waits until the current URL is ``expected``.</doc>
<status status="PASS" start="2026-09-25T15:05:51.889201" elapsed="0.011471"/>
</kw>
<kw name="Wait Until Element Is Visible" owner="SeleniumLibrary">
<arg>${WOMEN_CATEGORY_TOGGLE}</arg>
<arg>30 seconds</arg>
<doc>Waits until the element ``locator`` is visible.</doc>
<status status="PASS" start="2026-09-25T15:05:51.901022" elapsed="0.031654"/>
</kw>
<kw name="Remove Advertisement Overlays" owner="common">
<kw name="Execute Javascript" owner="SeleniumLibrary">
<msg time="2026-09-25T15:05:51.933907" level="INFO">Executing JavaScript:
document.querySelectorAll('iframe[id^="aswift"], div[id^="aswift"], ins.adsbygoogle, [id^="google_ads_iframe"], [id*="google_ads_iframe"]').forEach(el =&gt; el.remove());
Without any arguments.</msg>
<arg>document.querySelectorAll('iframe[id^="aswift"], div[id^="aswift"], ins.adsbygoogle, [id^="google_ads_iframe"], [id*="google_ads_iframe"]').forEach(el =&gt; el.remove());</arg>
<doc>Executes the given JavaScript code with possible arguments.</doc>
<status status="PASS" start="2026-09-25T15:05:51.933618" elapsed="0.016157"/>
</kw>
<kw name="Execute Javascript" owner="SeleniumLibrary">
<msg time="2026-09-25T15:05:51.950581" level="INFO">Executing JavaScript:
document.querySelectorAll('body &gt; *').forEach(el =&gt; { const s = getComputedStyle(el); if (s.position === 'fixed' &amp;&amp; parseInt(s.zIndex || '0') &gt; 100000) el.remove(); });
Without any arguments.</msg>
<arg>document.querySelectorAll('body &gt; *').forEach(el =&gt; { const s = getComputedStyle(el); if (s.position === 'fixed' &amp;&amp; parseInt(s.zIndex || '0') &gt; 100000) el.remove(); });</arg>
<doc>Executes the given JavaScript code with possible arguments.</doc>
<status status="PASS" start="2026-09-25T15:05:51.950209" elapsed="0.013774"/>
</kw>
<status status="PASS" start="2026-09-25T15:05:51.933139" elapsed="0.031110"/>
</kw>
<kw name="Click Element" owner="SeleniumLibrary">
<msg time="2026-09-25T15:05:51.965222" level="INFO">Clicking element 'xpath=//div[contains(@class,'category-products')]//a[contains(@href,'#')][contains(normalize-space(.),'Women')]'.</msg>
<arg>${WOMEN_CATEGORY_TOGGLE}</arg>
<doc>Click the element identified by ``locator``.</doc>
<status status="PASS" start="2026-09-25T15:05:51.964582" elapsed="0.147067"/>
</kw>
<kw name="Wait Until Element Is Visible" owner="SeleniumLibrary">
<msg time="2026-09-25T15:06:07.656368" level="INFO" html="true">&lt;/td&gt;&lt;/tr&gt;&lt;tr&gt;&lt;td colspan="3"&gt;&lt;a href="selenium-screenshot-21.png"&gt;&lt;img src="selenium-screenshot-21.png" width="800px"&gt;&lt;/a&gt;</msg>
<msg time="2026-09-25T15:06:07.656655" level="FAIL">Element 'xpath=//a[@href='/category_products/2']' not visible after 15 seconds.</msg>
<arg>${WOMEN_TOPS_CATEGORY}</arg>
<arg>15 seconds</arg>
<doc>Waits until the element ``locator`` is visible.</doc>
<status status="FAIL" start="2026-09-25T15:05:52.111932" elapsed="15.546097">Element 'xpath=//a[@href='/category_products/2']' not visible after 15 seconds.</status>
</kw>
<kw name="Click Element" owner="SeleniumLibrary">
<arg>${WOMEN_TOPS_CATEGORY}</arg>
<doc>Click the element identified by ``locator``.</doc>
<status status="NOT RUN" start="2026-09-25T15:06:07.658366" elapsed="0.000051"/>
</kw>
<kw name="Wait Until Location Contains" owner="SeleniumLibrary">
<arg>/category_products/2</arg>
<arg>30 seconds</arg>
<doc>Waits until the current URL contains ``expected``.</doc>
<status status="NOT RUN" start="2026-09-25T15:06:07.658518" elapsed="0.000023"/>
</kw>
<kw name="Wait Until Page Contains" owner="SeleniumLibrary">
<arg>Women - Tops Products</arg>
<arg>30 seconds</arg>
<doc>Waits until ``text`` appears on the current page.</doc>
<status status="NOT RUN" start="2026-09-25T15:06:07.658628" elapsed="0.000021"/>
</kw>
<status status="FAIL" start="2026-09-25T15:05:49.597714" elapsed="18.061080">Element 'xpath=//a[@href='/category_products/2']' not visible after 15 seconds.</status>
</kw>
<kw name="Open Men Tshirts Category" owner="advanced_ecommerce">
<status status="NOT RUN" start="2026-09-25T15:06:07.660384" elapsed="0.000064"/>
</kw>
<kw name="Cleanup Test" type="TEARDOWN">
<kw name="Run Keyword If" owner="BuiltIn">
<kw name="Capture Page Screenshot" owner="SeleniumLibrary">
<msg time="2026-09-25T15:06:07.984712" level="INFO" html="true">&lt;/td&gt;&lt;/tr&gt;&lt;tr&gt;&lt;td colspan="3"&gt;&lt;a href="selenium-screenshot-22.png"&gt;&lt;img src="selenium-screenshot-22.png" width="800px"&gt;&lt;/a&gt;</msg>
<doc>Takes a screenshot of the current page and embeds it into a log file.</doc>
<status status="PASS" start="2026-09-25T15:06:07.662793" elapsed="0.322218"/>
</kw>
<arg>'${TEST STATUS}' == 'FAIL'</arg>
<arg>Capture Page Screenshot</arg>
<doc>Runs the given keyword with the given arguments, if ``condition`` is true.</doc>
<status status="PASS" start="2026-09-25T15:06:07.662281" elapsed="0.323062"/>
</kw>
<kw name="Close Application" owner="common">
<kw name="Close All Browsers" owner="SeleniumLibrary">
<doc>Closes all open browsers and resets the browser cache.</doc>
<status status="PASS" start="2026-09-25T15:06:07.986692" elapsed="2.676612"/>
</kw>
<status status="PASS" start="2026-09-25T15:06:07.985970" elapsed="2.677827"/>
</kw>
<status status="PASS" start="2026-09-25T15:06:07.661866" elapsed="3.002133"/>
</kw>
<status status="FAIL" start="2026-09-25T15:05:42.025180" elapsed="28.645197">Element 'xpath=//a[@href='/category_products/2']' not visible after 15 seconds.</status>
</test>
<test id="s1-s1-t3" name="TC15 - Verify Brand Navigation" line="131">
<kw name="Open Application" owner="common" type="SETUP">
<kw name="Open Browser" owner="SeleniumLibrary">
<msg time="2026-09-25T15:06:10.690732" level="INFO">Opening browser 'chrome' to base url 'https://automationexercise.com'.</msg>
<arg>${BASE_URL}</arg>
<arg>${BROWSER}</arg>
<doc>Opens a new browser instance to the optional ``url``.</doc>
<status status="PASS" start="2026-09-25T15:06:10.690484" elapsed="5.072115"/>
</kw>
<kw name="Maximize Browser Window" owner="SeleniumLibrary">
<doc>Maximizes current browser window.</doc>
<status status="PASS" start="2026-09-25T15:06:15.763268" elapsed="0.036923"/>
</kw>
<kw name="Set Selenium Timeout" owner="SeleniumLibrary">
<arg>15 seconds</arg>
<doc>Sets the timeout that is used by various keywords.</doc>
<status status="PASS" start="2026-09-25T15:06:15.800461" elapsed="0.001989"/>
</kw>
<status status="PASS" start="2026-09-25T15:06:10.689970" elapsed="5.112584"/>
</kw>
<kw name="Open HM Brand" owner="advanced_ecommerce">
<kw name="Go To" owner="SeleniumLibrary">
<msg time="2026-09-25T15:06:15.803798" level="INFO">Opening url 'https://automationexercise.com/products'</msg>
<arg>${BASE_URL}/products</arg>
<doc>Navigates the current browser window to the provided ``url``.</doc>
<status status="PASS" start="2026-09-25T15:06:15.803652" elapsed="3.310141"/>
</kw>
<kw name="Wait Until Location Contains" owner="SeleniumLibrary">
<arg>/products</arg>
<doc>Waits until the current URL contains ``expected``.</doc>
<status status="PASS" start="2026-09-25T15:06:19.114352" elapsed="0.009391"/>
</kw>
<kw name="Wait Until Element Is Visible" owner="SeleniumLibrary">
<arg>${HM_BRAND}</arg>
<arg>30 seconds</arg>
<doc>Waits until the element ``locator`` is visible.</doc>
<status status="PASS" start="2026-09-25T15:06:19.124109" elapsed="0.030118"/>
</kw>
<kw name="Remove Advertisement Overlays" owner="common">
<kw name="Execute Javascript" owner="SeleniumLibrary">
<msg time="2026-09-25T15:06:19.155461" level="INFO">Executing JavaScript:
document.querySelectorAll('iframe[id^="aswift"], div[id^="aswift"], ins.adsbygoogle, [id^="google_ads_iframe"], [id*="google_ads_iframe"]').forEach(el =&gt; el.remove());
Without any arguments.</msg>
<arg>document.querySelectorAll('iframe[id^="aswift"], div[id^="aswift"], ins.adsbygoogle, [id^="google_ads_iframe"], [id*="google_ads_iframe"]').forEach(el =&gt; el.remove());</arg>
<doc>Executes the given JavaScript code with possible arguments.</doc>
<status status="PASS" start="2026-09-25T15:06:19.155215" elapsed="0.039759"/>
</kw>
<kw name="Execute Javascript" owner="SeleniumLibrary">
<msg time="2026-09-25T15:06:19.195815" level="INFO">Executing JavaScript:
document.querySelectorAll('body &gt; *').forEach(el =&gt; { const s = getComputedStyle(el); if (s.position === 'fixed' &amp;&amp; parseInt(s.zIndex || '0') &gt; 100000) el.remove(); });
Without any arguments.</msg>
<arg>document.querySelectorAll('body &gt; *').forEach(el =&gt; { const s = getComputedStyle(el); if (s.position === 'fixed' &amp;&amp; parseInt(s.zIndex || '0') &gt; 100000) el.remove(); });</arg>
<doc>Executes the given JavaScript code with possible arguments.</doc>
<status status="PASS" start="2026-09-25T15:06:19.195407" elapsed="0.005930"/>
</kw>
<status status="PASS" start="2026-09-25T15:06:19.154691" elapsed="0.046797"/>
</kw>
<kw name="Click Element" owner="SeleniumLibrary">
<msg time="2026-09-25T15:06:19.201992" level="INFO">Clicking element 'xpath=//a[contains(normalize-space(.),'H&amp;M')]'.</msg>
<arg>${HM_BRAND}</arg>
<doc>Click the element identified by ``locator``.</doc>
<status status="PASS" start="2026-09-25T15:06:19.201666" elapsed="0.125989"/>
</kw>
<kw name="Wait Until Location Contains" owner="SeleniumLibrary">
<msg time="2026-09-25T15:06:34.574422" level="INFO" html="true">&lt;/td&gt;&lt;/tr&gt;&lt;tr&gt;&lt;td colspan="3"&gt;&lt;a href="selenium-screenshot-23.png"&gt;&lt;img src="selenium-screenshot-23.png" width="800px"&gt;&lt;/a&gt;</msg>
<msg time="2026-09-25T15:06:34.574786" level="FAIL">Location did not contain '/brand_products/' in 15 seconds.</msg>
<arg>/brand_products/</arg>
<doc>Waits until the current URL contains ``expected``.</doc>
<status status="FAIL" start="2026-09-25T15:06:19.328322" elapsed="15.249317">Location did not contain '/brand_products/' in 15 seconds.</status>
</kw>
<kw name="Wait Until Page Contains" owner="SeleniumLibrary">
<arg>Brand - H&amp;M Products</arg>
<arg>30 seconds</arg>
<doc>Waits until ``text`` appears on the current page.</doc>
<status status="NOT RUN" start="2026-09-25T15:06:34.578497" elapsed="0.000110"/>
</kw>
<status status="FAIL" start="2026-09-25T15:06:15.803287" elapsed="18.775606">Location did not contain '/brand_products/' in 15 seconds.</status>
</kw>
<kw name="Open Polo Brand" owner="advanced_ecommerce">
<status status="NOT RUN" start="2026-09-25T15:06:34.581464" elapsed="0.000175"/>
</kw>
<kw name="Cleanup Test" type="TEARDOWN">
<kw name="Run Keyword If" owner="BuiltIn">
<kw name="Capture Page Screenshot" owner="SeleniumLibrary">
<msg time="2026-09-25T15:06:34.830864" level="INFO" html="true">&lt;/td&gt;&lt;/tr&gt;&lt;tr&gt;&lt;td colspan="3"&gt;&lt;a href="selenium-screenshot-24.png"&gt;&lt;img src="selenium-screenshot-24.png" width="800px"&gt;&lt;/a&gt;</msg>
<doc>Takes a screenshot of the current page and embeds it into a log file.</doc>
<status status="PASS" start="2026-09-25T15:06:34.584416" elapsed="0.246697"/>
</kw>
<arg>'${TEST STATUS}' == 'FAIL'</arg>
<arg>Capture Page Screenshot</arg>
<doc>Runs the given keyword with the given arguments, if ``condition`` is true.</doc>
<status status="PASS" start="2026-09-25T15:06:34.583444" elapsed="0.247837"/>
</kw>
<kw name="Close Application" owner="common">
<kw name="Close All Browsers" owner="SeleniumLibrary">
<doc>Closes all open browsers and resets the browser cache.</doc>
<status status="PASS" start="2026-09-25T15:06:34.832383" elapsed="2.875682"/>
</kw>
<status status="PASS" start="2026-09-25T15:06:34.831695" elapsed="2.876973"/>
</kw>
<status status="PASS" start="2026-09-25T15:06:34.582666" elapsed="3.126359"/>
</kw>
<status status="FAIL" start="2026-09-25T15:06:10.689296" elapsed="27.026227">Location did not contain '/brand_products/' in 15 seconds.</status>
</test>
<test id="s1-s1-t4" name="TC16 - Verify Cart Persistence After Login" line="139">
<kw name="Open Application" owner="common" type="SETUP">
<kw name="Open Browser" owner="SeleniumLibrary">
<msg time="2026-09-25T15:06:37.736664" level="INFO">Opening browser 'chrome' to base url 'https://automationexercise.com'.</msg>
<arg>${BASE_URL}</arg>
<arg>${BROWSER}</arg>
<doc>Opens a new browser instance to the optional ``url``.</doc>
<status status="PASS" start="2026-09-25T15:06:37.720656" elapsed="6.847855"/>
</kw>
<kw name="Maximize Browser Window" owner="SeleniumLibrary">
<doc>Maximizes current browser window.</doc>
<status status="PASS" start="2026-09-25T15:06:44.569033" elapsed="0.048740"/>
</kw>
<kw name="Set Selenium Timeout" owner="SeleniumLibrary">
<arg>15 seconds</arg>
<doc>Sets the timeout that is used by various keywords.</doc>
<status status="PASS" start="2026-09-25T15:06:44.617976" elapsed="0.000947"/>
</kw>
<status status="PASS" start="2026-09-25T15:06:37.719914" elapsed="6.899117"/>
</kw>
<kw name="Search For Product" owner="common">
<kw name="Remove Advertisement Overlays" owner="common">
<kw name="Execute Javascript" owner="SeleniumLibrary">
<msg time="2026-09-25T15:06:44.620189" level="INFO">Executing JavaScript:
document.querySelectorAll('iframe[id^="aswift"], div[id^="aswift"], ins.adsbygoogle, [id^="google_ads_iframe"], [id*="google_ads_iframe"]').forEach(el =&gt; el.remove());
Without any arguments.</msg>
<arg>document.querySelectorAll('iframe[id^="aswift"], div[id^="aswift"], ins.adsbygoogle, [id^="google_ads_iframe"], [id*="google_ads_iframe"]').forEach(el =&gt; el.remove());</arg>
<doc>Executes the given JavaScript code with possible arguments.</doc>
<status status="PASS" start="2026-09-25T15:06:44.620054" elapsed="0.012913"/>
</kw>
<kw name="Execute Javascript" owner="SeleniumLibrary">
<msg time="2026-09-25T15:06:44.633718" level="INFO">Executing JavaScript:
document.querySelectorAll('body &gt; *').forEach(el =&gt; { const s = getComputedStyle(el); if (s.position === 'fixed' &amp;&amp; parseInt(s.zIndex || '0') &gt; 100000) el.remove(); });
Without any arguments.</msg>
<arg>document.querySelectorAll('body &gt; *').forEach(el =&gt; { const s = getComputedStyle(el); if (s.position === 'fixed' &amp;&amp; parseInt(s.zIndex || '0') &gt; 100000) el.remove(); });</arg>
<doc>Executes the given JavaScript code with possible arguments.</doc>
<status status="PASS" start="2026-09-25T15:06:44.633397" elapsed="0.006601"/>
</kw>
<status status="PASS" start="2026-09-25T15:06:44.619886" elapsed="0.020261"/>
</kw>
<kw name="Go To" owner="SeleniumLibrary">
<msg time="2026-09-25T15:06:44.640565" level="INFO">Opening url 'https://automationexercise.com/products'</msg>
<arg>${BASE_URL}/products</arg>
<doc>Navigates the current browser window to the provided ``url``.</doc>
<status status="PASS" start="2026-09-25T15:06:44.640351" elapsed="4.102282"/>
</kw>
<kw name="Wait Until Location Contains" owner="SeleniumLibrary">
<arg>/products</arg>
<doc>Waits until the current URL contains ``expected``.</doc>
<status status="PASS" start="2026-09-25T15:06:48.742992" elapsed="0.006273"/>
</kw>
<kw name="Wait Until Element Is Visible" owner="SeleniumLibrary">
<arg>${SEARCH_BOX}</arg>
<arg>45 seconds</arg>
<doc>Waits until the element ``locator`` is visible.</doc>
<status status="PASS" start="2026-09-25T15:06:48.749469" elapsed="0.017836"/>
</kw>
<kw name="Remove Advertisement Overlays" owner="common">
<kw name="Execute Javascript" owner="SeleniumLibrary">
<msg time="2026-09-25T15:06:48.768303" level="INFO">Executing JavaScript:
document.querySelectorAll('iframe[id^="aswift"], div[id^="aswift"], ins.adsbygoogle, [id^="google_ads_iframe"], [id*="google_ads_iframe"]').forEach(el =&gt; el.remove());
Without any arguments.</msg>
<arg>document.querySelectorAll('iframe[id^="aswift"], div[id^="aswift"], ins.adsbygoogle, [id^="google_ads_iframe"], [id*="google_ads_iframe"]').forEach(el =&gt; el.remove());</arg>
<doc>Executes the given JavaScript code with possible arguments.</doc>
<status status="PASS" start="2026-09-25T15:06:48.768095" elapsed="0.016052"/>
</kw>
<kw name="Execute Javascript" owner="SeleniumLibrary">
<msg time="2026-09-25T15:06:48.784586" level="INFO">Executing JavaScript:
document.querySelectorAll('body &gt; *').forEach(el =&gt; { const s = getComputedStyle(el); if (s.position === 'fixed' &amp;&amp; parseInt(s.zIndex || '0') &gt; 100000) el.remove(); });
Without any arguments.</msg>
<arg>document.querySelectorAll('body &gt; *').forEach(el =&gt; { const s = getComputedStyle(el); if (s.position === 'fixed' &amp;&amp; parseInt(s.zIndex || '0') &gt; 100000) el.remove(); });</arg>
<doc>Executes the given JavaScript code with possible arguments.</doc>
<status status="PASS" start="2026-09-25T15:06:48.784388" elapsed="0.004980"/>
</kw>
<status status="PASS" start="2026-09-25T15:06:48.767703" elapsed="0.021807"/>
</kw>
<kw name="Input Text" owner="SeleniumLibrary">
<msg time="2026-09-25T15:06:48.790062" level="INFO">Typing text 'Men Tshirt' into text field 'id=search_product'.</msg>
<arg>${SEARCH_BOX}</arg>
<arg>${SEARCH_PRODUCT}</arg>
<doc>Types the given ``text`` into the text field identified by ``locator``.</doc>
<status status="PASS" start="2026-09-25T15:06:48.789689" elapsed="0.147181"/>
</kw>
<kw name="Click Element" owner="SeleniumLibrary">
<msg time="2026-09-25T15:06:48.937549" level="INFO">Clicking element 'id=submit_search'.</msg>
<arg>${SEARCH_BUTTON}</arg>
<doc>Click the element identified by ``locator``.</doc>
<status status="PASS" start="2026-09-25T15:06:48.937145" elapsed="24.236310"/>
</kw>
<kw name="Wait Until Element Is Visible" owner="SeleniumLibrary">
<arg>${SEARCHED_PRODUCTS}</arg>
<arg>30 seconds</arg>
<doc>Waits until the element ``locator`` is visible.</doc>
<status status="PASS" start="2026-09-25T15:07:13.173912" elapsed="0.065068"/>
</kw>
<status status="PASS" start="2026-09-25T15:06:44.619593" elapsed="28.619644"/>
</kw>
<kw name="Add Product To Cart" owner="common">
<kw name="Remove Advertisement Overlays" owner="common">
<kw name="Execute Javascript" owner="SeleniumLibrary">
<msg time="2026-09-25T15:07:13.241697" level="INFO">Executing JavaScript:
document.querySelectorAll('iframe[id^="aswift"], div[id^="aswift"], ins.adsbygoogle, [id^="google_ads_iframe"], [id*="google_ads_iframe"]').forEach(el =&gt; el.remove());
Without any arguments.</msg>
<arg>document.querySelectorAll('iframe[id^="aswift"], div[id^="aswift"], ins.adsbygoogle, [id^="google_ads_iframe"], [id*="google_ads_iframe"]').forEach(el =&gt; el.remove());</arg>
<doc>Executes the given JavaScript code with possible arguments.</doc>
<status status="PASS" start="2026-09-25T15:07:13.241225" elapsed="0.266947"/>
</kw>
<kw name="Execute Javascript" owner="SeleniumLibrary">
<msg time="2026-09-25T15:07:13.509091" level="INFO">Executing JavaScript:
document.querySelectorAll('body &gt; *').forEach(el =&gt; { const s = getComputedStyle(el); if (s.position === 'fixed' &amp;&amp; parseInt(s.zIndex || '0') &gt; 100000) el.remove(); });
Without any arguments.</msg>
<arg>document.querySelectorAll('body &gt; *').forEach(el =&gt; { const s = getComputedStyle(el); if (s.position === 'fixed' &amp;&amp; parseInt(s.zIndex || '0') &gt; 100000) el.remove(); });</arg>
<doc>Executes the given JavaScript code with possible arguments.</doc>
<status status="PASS" start="2026-09-25T15:07:13.508633" elapsed="0.009347"/>
</kw>
<status status="PASS" start="2026-09-25T15:07:13.240719" elapsed="0.277474"/>
</kw>
<kw name="Wait Until Element Is Visible" owner="SeleniumLibrary">
<arg>${ADD_TO_CART_BUTTON}</arg>
<arg>30 seconds</arg>
<doc>Waits until the element ``locator`` is visible.</doc>
<status status="PASS" start="2026-09-25T15:07:13.518468" elapsed="0.023775"/>
</kw>
<kw name="Scroll Element Into View" owner="SeleniumLibrary">
<arg>${ADD_TO_CART_BUTTON}</arg>
<doc>Scrolls the element identified by ``locator`` into view.</doc>
<status status="PASS" start="2026-09-25T15:07:13.542706" elapsed="0.289573"/>
</kw>
<kw name="Execute Javascript" owner="SeleniumLibrary">
<msg time="2026-09-25T15:07:13.833465" level="INFO">Executing JavaScript:
const buttons = [...document.querySelectorAll('a[data-product-id="2"].add-to-cart')];const visible = buttons.find(el =&gt; {const r = el.getBoundingClientRect();return r.width &gt; 0 &amp;&amp; r.height &gt; 0 &amp;&amp; r.top &gt;= 0 &amp;&amp; r.bottom &lt;= window.innerHeight;});if (!visible) throw new Error("Visible Men Tshirt Add to Cart button not found");visible.click();
Without any arguments.</msg>
<arg>const buttons = [...document.querySelectorAll('a[data-product-id="2"].add-to-cart')];</arg>
<arg>const visible = buttons.find(el =&gt; {</arg>
<arg>const r = el.getBoundingClientRect();</arg>
<arg>return r.width &gt; 0 &amp;&amp; r.height &gt; 0 &amp;&amp; r.top &gt;= 0 &amp;&amp; r.bottom &lt;= window.innerHeight;</arg>
<arg>});</arg>
<arg>if (!visible) throw new Error("Visible Men Tshirt Add to Cart button not found");</arg>
<arg>visible.click();</arg>
<doc>Executes the given JavaScript code with possible arguments.</doc>
<status status="PASS" start="2026-09-25T15:07:13.832832" elapsed="0.019338"/>
</kw>
<kw name="Wait Until Element Is Visible" owner="SeleniumLibrary">
<arg>xpath=//*[contains(normalize-space(.),'Your product has been added to cart')]</arg>
<arg>15 seconds</arg>
<doc>Waits until the element ``locator`` is visible.</doc>
<status status="PASS" start="2026-09-25T15:07:13.852665" elapsed="0.034865"/>
</kw>
<status status="PASS" start="2026-09-25T15:07:13.240053" elapsed="0.647700"/>
</kw>
<kw name="Verify User Is Not Logged In" owner="advanced_ecommerce">
<kw name="Page Should Not Contain" owner="SeleniumLibrary">
<msg time="2026-09-25T15:07:14.315428" level="INFO">Current page does not contain text 'Logged in as'.</msg>
<arg>Logged in as</arg>
<doc>Verifies the current page does not contain ``text``.</doc>
<status status="PASS" start="2026-09-25T15:07:13.889133" elapsed="0.426503"/>
</kw>
<status status="PASS" start="2026-09-25T15:07:13.888520" elapsed="0.427305"/>
</kw>
<kw name="Verify Searched Product Is In Cart After Login" owner="advanced_ecommerce">
<kw name="Open Cart" owner="common">
<kw name="Remove Advertisement Overlays" owner="common">
<kw name="Execute Javascript" owner="SeleniumLibrary">
<msg time="2026-09-25T15:07:14.317765" level="INFO">Executing JavaScript:
document.querySelectorAll('iframe[id^="aswift"], div[id^="aswift"], ins.adsbygoogle, [id^="google_ads_iframe"], [id*="google_ads_iframe"]').forEach(el =&gt; el.remove());
Without any arguments.</msg>
<arg>document.querySelectorAll('iframe[id^="aswift"], div[id^="aswift"], ins.adsbygoogle, [id^="google_ads_iframe"], [id*="google_ads_iframe"]').forEach(el =&gt; el.remove());</arg>
<doc>Executes the given JavaScript code with possible arguments.</doc>
<status status="PASS" start="2026-09-25T15:07:14.317618" elapsed="0.006982"/>
</kw>
<kw name="Execute Javascript" owner="SeleniumLibrary">
<msg time="2026-09-25T15:07:14.325482" level="INFO">Executing JavaScript:
document.querySelectorAll('body &gt; *').forEach(el =&gt; { const s = getComputedStyle(el); if (s.position === 'fixed' &amp;&amp; parseInt(s.zIndex || '0') &gt; 100000) el.remove(); });
Without any arguments.</msg>
<arg>document.querySelectorAll('body &gt; *').forEach(el =&gt; { const s = getComputedStyle(el); if (s.position === 'fixed' &amp;&amp; parseInt(s.zIndex || '0') &gt; 100000) el.remove(); });</arg>
<doc>Executes the given JavaScript code with possible arguments.</doc>
<status status="PASS" start="2026-09-25T15:07:14.325114" elapsed="0.007352"/>
</kw>
<status status="PASS" start="2026-09-25T15:07:14.317453" elapsed="0.015194"/>
</kw>
<kw name="Go To" owner="SeleniumLibrary">
<msg time="2026-09-25T15:07:14.333317" level="INFO">Opening url 'https://automationexercise.com/view_cart'</msg>
<arg>${BASE_URL}/view_cart</arg>
<doc>Navigates the current browser window to the provided ``url``.</doc>
<status status="PASS" start="2026-09-25T15:07:14.333025" elapsed="3.398934"/>
</kw>
<kw name="Wait Until Location Contains" owner="SeleniumLibrary">
<arg>/view_cart</arg>
<doc>Waits until the current URL contains ``expected``.</doc>
<status status="PASS" start="2026-09-25T15:07:17.732384" elapsed="0.006729"/>
</kw>
<kw name="Wait Until Element Is Visible" owner="SeleniumLibrary">
<msg time="2026-09-25T15:07:48.091758" level="INFO" html="true">&lt;/td&gt;&lt;/tr&gt;&lt;tr&gt;&lt;td colspan="3"&gt;&lt;a href="selenium-screenshot-25.png"&gt;&lt;img src="selenium-screenshot-25.png" width="800px"&gt;&lt;/a&gt;</msg>
<msg time="2026-09-25T15:07:48.091994" level="FAIL">Element 'xpath=//td[contains(@class,'cart_description')]//a[normalize-space()='Men Tshirt']' not visible after 30 seconds.</msg>
<arg>${CART_PRODUCT}</arg>
<arg>30 seconds</arg>
<doc>Waits until the element ``locator`` is visible.</doc>
<status status="FAIL" start="2026-09-25T15:07:17.739528" elapsed="30.353836">Element 'xpath=//td[contains(@class,'cart_description')]//a[normalize-space()='Men Tshirt']' not visible after 30 seconds.</status>
</kw>
<status status="FAIL" start="2026-09-25T15:07:14.317304" elapsed="33.776275">Element 'xpath=//td[contains(@class,'cart_description')]//a[normalize-space()='Men Tshirt']' not visible after 30 seconds.</status>
</kw>
<kw name="Wait Until Element Is Visible" owner="SeleniumLibrary">
<arg>${CART_PRODUCT}</arg>
<arg>15 seconds</arg>
<doc>Waits until the element ``locator`` is visible.</doc>
<status status="NOT RUN" start="2026-09-25T15:07:48.093782" elapsed="0.000034"/>
</kw>
<kw name="Login To Application" owner="common">
<status status="NOT RUN" start="2026-09-25T15:07:48.093999" elapsed="0.000027"/>
</kw>
<kw name="Verify User Is Logged In" owner="common">
<status status="NOT RUN" start="2026-09-25T15:07:48.094102" elapsed="0.000016"/>
</kw>
<kw name="Open Cart" owner="common">
<status status="NOT RUN" start="2026-09-25T15:07:48.094191" elapsed="0.000016"/>
</kw>
<kw name="Wait Until Element Is Visible" owner="SeleniumLibrary">
<arg>${CART_PRODUCT}</arg>
<arg>15 seconds</arg>
<doc>Waits until the element ``locator`` is visible.</doc>
<status status="NOT RUN" start="2026-09-25T15:07:48.094267" elapsed="0.000016"/>
</kw>
<status status="FAIL" start="2026-09-25T15:07:14.316996" elapsed="33.777348">Element 'xpath=//td[contains(@class,'cart_description')]//a[normalize-space()='Men Tshirt']' not visible after 30 seconds.</status>
</kw>
<kw name="Cleanup Test" type="TEARDOWN">
<kw name="Run Keyword If" owner="BuiltIn">
<kw name="Capture Page Screenshot" owner="SeleniumLibrary">
<msg time="2026-09-25T15:07:48.231257" level="INFO" html="true">&lt;/td&gt;&lt;/tr&gt;&lt;tr&gt;&lt;td colspan="3"&gt;&lt;a href="selenium-screenshot-26.png"&gt;&lt;img src="selenium-screenshot-26.png" width="800px"&gt;&lt;/a&gt;</msg>
<doc>Takes a screenshot of the current page and embeds it into a log file.</doc>
<status status="PASS" start="2026-09-25T15:07:48.095627" elapsed="0.135877"/>
</kw>
<arg>'${TEST STATUS}' == 'FAIL'</arg>
<arg>Capture Page Screenshot</arg>
<doc>Runs the given keyword with the given arguments, if ``condition`` is true.</doc>
<status status="PASS" start="2026-09-25T15:07:48.095227" elapsed="0.136464"/>
</kw>
<kw name="Close Application" owner="common">
<kw name="Close All Browsers" owner="SeleniumLibrary">
<doc>Closes all open browsers and resets the browser cache.</doc>
<status status="PASS" start="2026-09-25T15:07:48.232726" elapsed="2.637286"/>
</kw>
<status status="PASS" start="2026-09-25T15:07:48.232112" elapsed="2.638136"/>
</kw>
<status status="PASS" start="2026-09-25T15:07:48.094949" elapsed="2.775381"/>
</kw>
<status status="FAIL" start="2026-09-25T15:06:37.718723" elapsed="73.152739">Element 'xpath=//td[contains(@class,'cart_description')]//a[normalize-space()='Men Tshirt']' not visible after 30 seconds.</status>
</test>
<test id="s1-s1-t5" name="TC17 - Add Product Review" line="149">
<kw name="Open Application" owner="common" type="SETUP">
<kw name="Open Browser" owner="SeleniumLibrary">
<msg time="2026-09-25T15:07:50.879777" level="INFO">Opening browser 'chrome' to base url 'https://automationexercise.com'.</msg>
<arg>${BASE_URL}</arg>
<arg>${BROWSER}</arg>
<doc>Opens a new browser instance to the optional ``url``.</doc>
<status status="PASS" start="2026-09-25T15:07:50.879303" elapsed="5.980314"/>
</kw>
<kw name="Maximize Browser Window" owner="SeleniumLibrary">
<doc>Maximizes current browser window.</doc>
<status status="PASS" start="2026-09-25T15:07:56.860126" elapsed="0.055752"/>
</kw>
<kw name="Set Selenium Timeout" owner="SeleniumLibrary">
<arg>15 seconds</arg>
<doc>Sets the timeout that is used by various keywords.</doc>
<status status="PASS" start="2026-09-25T15:07:56.916084" elapsed="0.001537"/>
</kw>
<status status="PASS" start="2026-09-25T15:07:50.876338" elapsed="6.041397"/>
</kw>
<kw name="Add Product Review" owner="advanced_ecommerce">
<kw name="Open First Product Details" owner="advanced_ecommerce">
<kw name="Go To" owner="SeleniumLibrary">
<msg time="2026-09-25T15:07:56.918782" level="INFO">Opening url 'https://automationexercise.com/products'</msg>
<arg>${BASE_URL}/products</arg>
<doc>Navigates the current browser window to the provided ``url``.</doc>
<status status="PASS" start="2026-09-25T15:07:56.918669" elapsed="2.917271"/>
</kw>
<kw name="Wait Until Location Contains" owner="SeleniumLibrary">
<arg>/products</arg>
<arg>30 seconds</arg>
<doc>Waits until the current URL contains ``expected``.</doc>
<status status="PASS" start="2026-09-25T15:07:59.836417" elapsed="0.018865"/>
</kw>
<kw name="Wait Until Element Is Visible" owner="SeleniumLibrary">
<arg>${FIRST_VIEW_PRODUCT}</arg>
<arg>30 seconds</arg>
<doc>Waits until the element ``locator`` is visible.</doc>
<status status="PASS" start="2026-09-25T15:07:59.855588" elapsed="0.030203"/>
</kw>
<kw name="Scroll Element Into View" owner="SeleniumLibrary">
<arg>${FIRST_VIEW_PRODUCT}</arg>
<doc>Scrolls the element identified by ``locator`` into view.</doc>
<status status="PASS" start="2026-09-25T15:07:59.886112" elapsed="0.300692"/>
</kw>
<kw name="Remove Advertisement Overlays" owner="common">
<kw name="Execute Javascript" owner="SeleniumLibrary">
<msg time="2026-09-25T15:08:00.187864" level="INFO">Executing JavaScript:
document.querySelectorAll('iframe[id^="aswift"], div[id^="aswift"], ins.adsbygoogle, [id^="google_ads_iframe"], [id*="google_ads_iframe"]').forEach(el =&gt; el.remove());
Without any arguments.</msg>
<arg>document.querySelectorAll('iframe[id^="aswift"], div[id^="aswift"], ins.adsbygoogle, [id^="google_ads_iframe"], [id*="google_ads_iframe"]').forEach(el =&gt; el.remove());</arg>
<doc>Executes the given JavaScript code with possible arguments.</doc>
<status status="PASS" start="2026-09-25T15:08:00.187630" elapsed="0.045140"/>
</kw>
<kw name="Execute Javascript" owner="SeleniumLibrary">
<msg time="2026-09-25T15:08:00.233428" level="INFO">Executing JavaScript:
document.querySelectorAll('body &gt; *').forEach(el =&gt; { const s = getComputedStyle(el); if (s.position === 'fixed' &amp;&amp; parseInt(s.zIndex || '0') &gt; 100000) el.remove(); });
Without any arguments.</msg>
<arg>document.querySelectorAll('body &gt; *').forEach(el =&gt; { const s = getComputedStyle(el); if (s.position === 'fixed' &amp;&amp; parseInt(s.zIndex || '0') &gt; 100000) el.remove(); });</arg>
<doc>Executes the given JavaScript code with possible arguments.</doc>
<status status="PASS" start="2026-09-25T15:08:00.233125" elapsed="0.008666"/>
</kw>
<status status="PASS" start="2026-09-25T15:08:00.187212" elapsed="0.054885"/>
</kw>
<kw name="Get WebElement" owner="SeleniumLibrary">
<msg time="2026-09-25T15:08:00.253554" level="INFO">${product_link} = &lt;selenium.webdriver.remote.webelement.WebElement (session="fe8c8b26475338eb5a0d455e5854fbe5", element="f.D3FBAE751CC342C7994D59F9CAB10DD1.d.9DD48A57D502933A5D3B90823FD299B0.e.81")&gt;</msg>
<var>${product_link}</var>
<arg>${FIRST_VIEW_PRODUCT}</arg>
<doc>Returns the first WebElement matching the given ``locator``.</doc>
<status status="PASS" start="2026-09-25T15:08:00.242430" elapsed="0.011199"/>
</kw>
<kw name="Execute Javascript" owner="SeleniumLibrary">
<msg time="2026-09-25T15:08:00.254162" level="INFO">Executing JavaScript:
arguments[0].click();
By using argument:
'&lt;selenium.webdriver.remote.webelement.WebElement (session="fe8c8b26475338eb5a0d455e5854fbe5", element="f.D3FBAE751CC342C7994D59F9CAB10DD1.d.9DD48A57D502933A5D3B90823FD299B0.e.81")&gt;'</msg>
<arg>arguments[0].click();</arg>
<arg>ARGUMENTS</arg>
<arg>${product_link}</arg>
<doc>Executes the given JavaScript code with possible arguments.</doc>
<status status="PASS" start="2026-09-25T15:08:00.253886" elapsed="23.613179"/>
</kw>
<kw name="Wait Until Location Contains" owner="SeleniumLibrary">
<arg>/product_details/</arg>
<arg>30 seconds</arg>
<doc>Waits until the current URL contains ``expected``.</doc>
<status status="PASS" start="2026-09-25T15:08:23.867484" elapsed="0.011200"/>
</kw>
<kw name="Wait Until Page Contains" owner="SeleniumLibrary">
<arg>Availability:</arg>
<arg>30 seconds</arg>
<doc>Waits until ``text`` appears on the current page.</doc>
<status status="PASS" start="2026-09-25T15:08:23.879114" elapsed="0.016608"/>
</kw>
<status status="PASS" start="2026-09-25T15:07:56.918516" elapsed="26.977460"/>
</kw>
<kw name="Wait Until Page Contains" owner="SeleniumLibrary">
<arg>Write Your Review</arg>
<arg>15 seconds</arg>
<doc>Waits until ``text`` appears on the current page.</doc>
<status status="PASS" start="2026-09-25T15:08:23.896279" elapsed="0.016906"/>
</kw>
<kw name="Remove Advertisement Overlays" owner="common">
<kw name="Execute Javascript" owner="SeleniumLibrary">
<msg time="2026-09-25T15:08:23.914485" level="INFO">Executing JavaScript:
document.querySelectorAll('iframe[id^="aswift"], div[id^="aswift"], ins.adsbygoogle, [id^="google_ads_iframe"], [id*="google_ads_iframe"]').forEach(el =&gt; el.remove());
Without any arguments.</msg>
<arg>document.querySelectorAll('iframe[id^="aswift"], div[id^="aswift"], ins.adsbygoogle, [id^="google_ads_iframe"], [id*="google_ads_iframe"]').forEach(el =&gt; el.remove());</arg>
<doc>Executes the given JavaScript code with possible arguments.</doc>
<status status="PASS" start="2026-09-25T15:08:23.914205" elapsed="0.040077"/>
</kw>
<kw name="Execute Javascript" owner="SeleniumLibrary">
<msg time="2026-09-25T15:08:23.954920" level="INFO">Executing JavaScript:
document.querySelectorAll('body &gt; *').forEach(el =&gt; { const s = getComputedStyle(el); if (s.position === 'fixed' &amp;&amp; parseInt(s.zIndex || '0') &gt; 100000) el.remove(); });
Without any arguments.</msg>
<arg>document.querySelectorAll('body &gt; *').forEach(el =&gt; { const s = getComputedStyle(el); if (s.position === 'fixed' &amp;&amp; parseInt(s.zIndex || '0') &gt; 100000) el.remove(); });</arg>
<doc>Executes the given JavaScript code with possible arguments.</doc>
<status status="PASS" start="2026-09-25T15:08:23.954635" elapsed="0.007177"/>
</kw>
<status status="PASS" start="2026-09-25T15:08:23.913697" elapsed="0.048286"/>
</kw>
<kw name="Input Text" owner="SeleniumLibrary">
<msg time="2026-09-25T15:08:23.962680" level="INFO">Typing text 'Robot QA' into text field 'id=name'.</msg>
<arg>${REVIEW_NAME_FIELD}</arg>
<arg>Robot QA</arg>
<doc>Types the given ``text`` into the text field identified by ``locator``.</doc>
<status status="PASS" start="2026-09-25T15:08:23.962282" elapsed="0.104907"/>
</kw>
<kw name="Input Text" owner="SeleniumLibrary">
<msg time="2026-09-25T15:08:24.067806" level="INFO">Typing text 'robot.review@example.com' into text field 'id=email'.</msg>
<arg>${REVIEW_EMAIL_FIELD}</arg>
<arg>robot.review@example.com</arg>
<doc>Types the given ``text`` into the text field identified by ``locator``.</doc>
<status status="PASS" start="2026-09-25T15:08:24.067457" elapsed="0.117293"/>
</kw>
<kw name="Input Text" owner="SeleniumLibrary">
<msg time="2026-09-25T15:08:24.185338" level="INFO">Typing text 'Automated review submitted by the Robot Framework capstone test suite.' into text field 'id=review'.</msg>
<arg>${REVIEW_TEXT_FIELD}</arg>
<arg>Automated review submitted by the Robot Framework capstone test suite.</arg>
<doc>Types the given ``text`` into the text field identified by ``locator``.</doc>
<status status="PASS" start="2026-09-25T15:08:24.185006" elapsed="0.089479"/>
</kw>
<kw name="Remove Advertisement Overlays" owner="common">
<kw name="Execute Javascript" owner="SeleniumLibrary">
<msg time="2026-09-25T15:08:24.275676" level="INFO">Executing JavaScript:
document.querySelectorAll('iframe[id^="aswift"], div[id^="aswift"], ins.adsbygoogle, [id^="google_ads_iframe"], [id*="google_ads_iframe"]').forEach(el =&gt; el.remove());
Without any arguments.</msg>
<arg>document.querySelectorAll('iframe[id^="aswift"], div[id^="aswift"], ins.adsbygoogle, [id^="google_ads_iframe"], [id*="google_ads_iframe"]').forEach(el =&gt; el.remove());</arg>
<doc>Executes the given JavaScript code with possible arguments.</doc>
<status status="PASS" start="2026-09-25T15:08:24.275386" elapsed="0.004605"/>
</kw>
<kw name="Execute Javascript" owner="SeleniumLibrary">
<msg time="2026-09-25T15:08:24.280373" level="INFO">Executing JavaScript:
document.querySelectorAll('body &gt; *').forEach(el =&gt; { const s = getComputedStyle(el); if (s.position === 'fixed' &amp;&amp; parseInt(s.zIndex || '0') &gt; 100000) el.remove(); });
Without any arguments.</msg>
<arg>document.querySelectorAll('body &gt; *').forEach(el =&gt; { const s = getComputedStyle(el); if (s.position === 'fixed' &amp;&amp; parseInt(s.zIndex || '0') &gt; 100000) el.remove(); });</arg>
<doc>Executes the given JavaScript code with possible arguments.</doc>
<status status="PASS" start="2026-09-25T15:08:24.280191" elapsed="0.005983"/>
</kw>
<status status="PASS" start="2026-09-25T15:08:24.274853" elapsed="0.011453"/>
</kw>
<kw name="Click Element" owner="SeleniumLibrary">
<msg time="2026-09-25T15:08:24.286734" level="INFO">Clicking element 'id=button-review'.</msg>
<arg>${REVIEW_SUBMIT_BUTTON}</arg>
<doc>Click the element identified by ``locator``.</doc>
<status status="PASS" start="2026-09-25T15:08:24.286454" elapsed="0.059538"/>
</kw>
<status status="PASS" start="2026-09-25T15:07:56.918226" elapsed="27.428020"/>
</kw>
<kw name="Verify Product Review Submitted" owner="advanced_ecommerce">
<kw name="Wait Until Element Is Visible" owner="SeleniumLibrary">
<arg>${REVIEW_SUCCESS_MESSAGE}</arg>
<arg>15 seconds</arg>
<doc>Waits until the element ``locator`` is visible.</doc>
<status status="PASS" start="2026-09-25T15:08:24.347605" elapsed="0.018960"/>
</kw>
<status status="PASS" start="2026-09-25T15:08:24.346914" elapsed="0.019798"/>
</kw>
<kw name="Cleanup Test" type="TEARDOWN">
<kw name="Run Keyword If" owner="BuiltIn">
<arg>'${TEST STATUS}' == 'FAIL'</arg>
<arg>Capture Page Screenshot</arg>
<doc>Runs the given keyword with the given arguments, if ``condition`` is true.</doc>
<status status="PASS" start="2026-09-25T15:08:24.367525" elapsed="0.000420"/>
</kw>
<kw name="Close Application" owner="common">
<kw name="Close All Browsers" owner="SeleniumLibrary">
<doc>Closes all open browsers and resets the browser cache.</doc>
<status status="PASS" start="2026-09-25T15:08:24.368302" elapsed="2.419524"/>
</kw>
<status status="PASS" start="2026-09-25T15:08:24.368085" elapsed="2.421263"/>
</kw>
<status status="PASS" start="2026-09-25T15:08:24.367189" elapsed="2.423000"/>
</kw>
<status status="PASS" start="2026-09-25T15:07:50.872410" elapsed="35.921392"/>
</test>
<test id="s1-s1-t6" name="TC18 - Add Recommended Product To Cart" line="157">
<kw name="Open Application" owner="common" type="SETUP">
<kw name="Open Browser" owner="SeleniumLibrary">
<msg time="2026-09-25T15:08:26.911052" level="INFO">Opening browser 'chrome' to base url 'https://automationexercise.com'.</msg>
<arg>${BASE_URL}</arg>
<arg>${BROWSER}</arg>
<doc>Opens a new browser instance to the optional ``url``.</doc>
<status status="PASS" start="2026-09-25T15:08:26.905824" elapsed="5.173009"/>
</kw>
<kw name="Maximize Browser Window" owner="SeleniumLibrary">
<doc>Maximizes current browser window.</doc>
<status status="PASS" start="2026-09-25T15:08:32.079140" elapsed="0.049519"/>
</kw>
<kw name="Set Selenium Timeout" owner="SeleniumLibrary">
<arg>15 seconds</arg>
<doc>Sets the timeout that is used by various keywords.</doc>
<status status="PASS" start="2026-09-25T15:08:32.128856" elapsed="0.000850"/>
</kw>
<status status="PASS" start="2026-09-25T15:08:26.894965" elapsed="5.234841"/>
</kw>
<kw name="Add Recommended Product To Cart" owner="advanced_ecommerce">
<kw name="Go To" owner="SeleniumLibrary">
<msg time="2026-09-25T15:08:32.130629" level="INFO">Opening url 'https://automationexercise.com'</msg>
<arg>${BASE_URL}</arg>
<doc>Navigates the current browser window to the provided ``url``.</doc>
<status status="PASS" start="2026-09-25T15:08:32.130469" elapsed="2.668183"/>
</kw>
<kw name="Wait Until Element Is Visible" owner="SeleniumLibrary">
<arg>${RECOMMENDED_SECTION}</arg>
<arg>30 seconds</arg>
<doc>Waits until the element ``locator`` is visible.</doc>
<status status="PASS" start="2026-09-25T15:08:34.798936" elapsed="0.022622"/>
</kw>
<kw name="Scroll Element Into View" owner="SeleniumLibrary">
<arg>${RECOMMENDED_SECTION}</arg>
<doc>Scrolls the element identified by ``locator`` into view.</doc>
<status status="PASS" start="2026-09-25T15:08:34.821768" elapsed="0.369471"/>
</kw>
<kw name="Sleep" owner="BuiltIn">
<msg time="2026-09-25T15:08:36.192297" level="INFO">Slept 1 second.</msg>
<arg>1s</arg>
<doc>Pauses the test executed for the given time.</doc>
<status status="PASS" start="2026-09-25T15:08:35.191596" elapsed="1.002439"/>
</kw>
<kw name="Remove Advertisement Overlays" owner="common">
<kw name="Execute Javascript" owner="SeleniumLibrary">
<msg time="2026-09-25T15:08:36.195539" level="INFO">Executing JavaScript:
document.querySelectorAll('iframe[id^="aswift"], div[id^="aswift"], ins.adsbygoogle, [id^="google_ads_iframe"], [id*="google_ads_iframe"]').forEach(el =&gt; el.remove());
Without any arguments.</msg>
<arg>document.querySelectorAll('iframe[id^="aswift"], div[id^="aswift"], ins.adsbygoogle, [id^="google_ads_iframe"], [id*="google_ads_iframe"]').forEach(el =&gt; el.remove());</arg>
<doc>Executes the given JavaScript code with possible arguments.</doc>
<status status="PASS" start="2026-09-25T15:08:36.195166" elapsed="0.545665"/>
</kw>
<kw name="Execute Javascript" owner="SeleniumLibrary">
<msg time="2026-09-25T15:08:36.742039" level="INFO">Executing JavaScript:
document.querySelectorAll('body &gt; *').forEach(el =&gt; { const s = getComputedStyle(el); if (s.position === 'fixed' &amp;&amp; parseInt(s.zIndex || '0') &gt; 100000) el.remove(); });
Without any arguments.</msg>
<arg>document.querySelectorAll('body &gt; *').forEach(el =&gt; { const s = getComputedStyle(el); if (s.position === 'fixed' &amp;&amp; parseInt(s.zIndex || '0') &gt; 100000) el.remove(); });</arg>
<doc>Executes the given JavaScript code with possible arguments.</doc>
<status status="PASS" start="2026-09-25T15:08:36.741444" elapsed="0.008325"/>
</kw>
<status status="PASS" start="2026-09-25T15:08:36.194582" elapsed="0.555367"/>
</kw>
<kw name="Wait Until Element Is Visible" owner="SeleniumLibrary">
<msg time="2026-09-25T15:08:52.112012" level="INFO" html="true">&lt;/td&gt;&lt;/tr&gt;&lt;tr&gt;&lt;td colspan="3"&gt;&lt;a href="selenium-screenshot-27.png"&gt;&lt;img src="selenium-screenshot-27.png" width="800px"&gt;&lt;/a&gt;</msg>
<msg time="2026-09-25T15:08:52.112221" level="FAIL">Element 'xpath=(//*[contains(@class,'recommended_items')]//a[contains(@class,'add-to-cart')])[1]' not visible after 15 seconds.</msg>
<arg>${RECOMMENDED_ADD_TO_CART}</arg>
<arg>15 seconds</arg>
<doc>Waits until the element ``locator`` is visible.</doc>
<status status="FAIL" start="2026-09-25T15:08:36.750299" elapsed="15.362834">Element 'xpath=(//*[contains(@class,'recommended_items')]//a[contains(@class,'add-to-cart')])[1]' not visible after 15 seconds.</status>
</kw>
<kw name="Get WebElement" owner="SeleniumLibrary">
<var>${recommended_button}</var>
<arg>${RECOMMENDED_ADD_TO_CART}</arg>
<doc>Returns the first WebElement matching the given ``locator``.</doc>
<status status="NOT RUN" start="2026-09-25T15:08:52.113403" elapsed="0.000036"/>
</kw>
<kw name="Execute Javascript" owner="SeleniumLibrary">
<arg>arguments[0].scrollIntoView({block:'center'});</arg>
<arg>ARGUMENTS</arg>
<arg>${recommended_button}</arg>
<doc>Executes the given JavaScript code with possible arguments.</doc>
<status status="NOT RUN" start="2026-09-25T15:08:52.113521" elapsed="0.000019"/>
</kw>
<kw name="Remove Advertisement Overlays" owner="common">
<status status="NOT RUN" start="2026-09-25T15:08:52.113714" elapsed="0.000024"/>
</kw>
<kw name="Execute Javascript" owner="SeleniumLibrary">
<arg>arguments[0].click();</arg>
<arg>ARGUMENTS</arg>
<arg>${recommended_button}</arg>
<doc>Executes the given JavaScript code with possible arguments.</doc>
<status status="NOT RUN" start="2026-09-25T15:08:52.113799" elapsed="0.000016"/>
</kw>
<kw name="Wait Until Page Contains" owner="SeleniumLibrary">
<arg>Your product has been added to cart</arg>
<arg>15 seconds</arg>
<doc>Waits until ``text`` appears on the current page.</doc>
<status status="NOT RUN" start="2026-09-25T15:08:52.113882" elapsed="0.000015"/>
</kw>
<kw name="Open Cart From Modal" owner="advanced_ecommerce">
<status status="NOT RUN" start="2026-09-25T15:08:52.113986" elapsed="0.000017"/>
</kw>
<status status="FAIL" start="2026-09-25T15:08:32.130174" elapsed="19.984056">Element 'xpath=(//*[contains(@class,'recommended_items')]//a[contains(@class,'add-to-cart')])[1]' not visible after 15 seconds.</status>
</kw>
<kw name="Verify Recommended Product In Cart" owner="advanced_ecommerce">
<status status="NOT RUN" start="2026-09-25T15:08:52.115190" elapsed="0.000050"/>
</kw>
<kw name="Cleanup Test" type="TEARDOWN">
<kw name="Run Keyword If" owner="BuiltIn">
<kw name="Capture Page Screenshot" owner="SeleniumLibrary">
<msg time="2026-09-25T15:08:52.251143" level="INFO" html="true">&lt;/td&gt;&lt;/tr&gt;&lt;tr&gt;&lt;td colspan="3"&gt;&lt;a href="selenium-screenshot-28.png"&gt;&lt;img src="selenium-screenshot-28.png" width="800px"&gt;&lt;/a&gt;</msg>
<doc>Takes a screenshot of the current page and embeds it into a log file.</doc>
<status status="PASS" start="2026-09-25T15:08:52.116469" elapsed="0.134836"/>
</kw>
<arg>'${TEST STATUS}' == 'FAIL'</arg>
<arg>Capture Page Screenshot</arg>
<doc>Runs the given keyword with the given arguments, if ``condition`` is true.</doc>
<status status="PASS" start="2026-09-25T15:08:52.116047" elapsed="0.135363"/>
</kw>
<kw name="Close Application" owner="common">
<kw name="Close All Browsers" owner="SeleniumLibrary">
<doc>Closes all open browsers and resets the browser cache.</doc>
<status status="PASS" start="2026-09-25T15:08:52.251966" elapsed="2.626597"/>
</kw>
<status status="PASS" start="2026-09-25T15:08:52.251649" elapsed="2.627210"/>
</kw>
<status status="PASS" start="2026-09-25T15:08:52.115746" elapsed="2.763839"/>
</kw>
<status status="FAIL" start="2026-09-25T15:08:26.875166" elapsed="28.011257">Element 'xpath=(//*[contains(@class,'recommended_items')]//a[contains(@class,'add-to-cart')])[1]' not visible after 15 seconds.</status>
</test>
<status status="FAIL" start="2026-09-25T15:04:40.598557" elapsed="254.316722"/>
</suite>
<status status="FAIL" start="2026-09-25T15:04:40.503117" elapsed="254.660729"/>
</suite>
<statistics>
<total>
<stat pass="1" fail="5" skip="0">All Tests</stat>
</total>
<tag>
</tag>
<suite>
<stat name="Tests" id="s1" pass="1" fail="5" skip="0">Tests</stat>
<stat name="Ecommerce Tests" id="s1-s1" pass="1" fail="5" skip="0">Tests.Ecommerce Tests</stat>
</suite>
</statistics>
<errors>
</errors>
</robot>
