<?xml version="1.0" encoding="UTF-8"?>
<robot generator="Robot 7.4.2 (Python 3.14.6 on win32)" generated="2026-09-25T23:29:52.027437" rpa="false" schemaversion="5">
<suite id="s1" name="Tests" source="C:\Projects\Internship_proj\RobotFramework-Ecommerce-Automation\tests">
<suite id="s1-s1" name="Ecommerce Tests" source="C:\Projects\Internship_proj\RobotFramework-Ecommerce-Automation\tests\ecommerce_tests.robot">
<test id="s1-s1-t1" name="TC16 - Verify Cart Persistence After Login" line="179">
<kw name="Open Application" owner="common" type="SETUP">
<kw name="Open Browser" owner="SeleniumLibrary">
<msg time="2026-09-25T23:29:52.475911" level="INFO">Opening browser 'chrome' to base url 'https://automationexercise.com'.</msg>
<arg>${BASE_URL}</arg>
<arg>${BROWSER}</arg>
<doc>Opens a new browser instance to the optional ``url``.</doc>
<status status="PASS" start="2026-09-25T23:29:52.475544" elapsed="5.401118"/>
</kw>
<kw name="Maximize Browser Window" owner="SeleniumLibrary">
<doc>Maximizes current browser window.</doc>
<status status="PASS" start="2026-09-25T23:29:57.877189" elapsed="0.030536"/>
</kw>
<kw name="Set Selenium Timeout" owner="SeleniumLibrary">
<arg>15 seconds</arg>
<doc>Sets the timeout that is used by various keywords.</doc>
<status status="PASS" start="2026-09-25T23:29:57.907994" elapsed="0.001228"/>
</kw>
<kw name="Delete All Cookies" owner="SeleniumLibrary">
<doc>Deletes all cookies.</doc>
<status status="PASS" start="2026-09-25T23:29:57.909399" elapsed="0.041165"/>
</kw>
<kw name="Go To" owner="SeleniumLibrary">
<msg time="2026-09-25T23:29:57.951096" level="INFO">Opening url 'https://automationexercise.com'</msg>
<arg>${BASE_URL}</arg>
<doc>Navigates the current browser window to the provided ``url``.</doc>
<status status="PASS" start="2026-09-25T23:29:57.950849" elapsed="0.414811"/>
</kw>
<kw name="Wait Until Location Is" owner="SeleniumLibrary">
<arg>${BASE_URL}/</arg>
<doc>Waits until the current URL is ``expected``.</doc>
<status status="PASS" start="2026-09-25T23:29:58.365866" elapsed="2.320396"/>
</kw>
<status status="PASS" start="2026-09-25T23:29:52.472947" elapsed="8.213547"/>
</kw>
<kw name="Search For Product" owner="common">
<kw name="Remove Advertisement Overlays" owner="common">
<kw name="Execute Javascript" owner="SeleniumLibrary">
<msg time="2026-09-25T23:30:00.687844" level="INFO">Executing JavaScript:
document.querySelectorAll('iframe[id^="aswift"], div[id^="aswift"], ins.adsbygoogle, [id^="google_ads_iframe"], [id*="google_ads_iframe"]').forEach(el =&gt; el.remove());
Without any arguments.</msg>
<arg>document.querySelectorAll('iframe[id^="aswift"], div[id^="aswift"], ins.adsbygoogle, [id^="google_ads_iframe"], [id*="google_ads_iframe"]').forEach(el =&gt; el.remove());</arg>
<doc>Executes the given JavaScript code with possible arguments.</doc>
<status status="PASS" start="2026-09-25T23:30:00.687663" elapsed="0.029916"/>
</kw>
<kw name="Execute Javascript" owner="SeleniumLibrary">
<msg time="2026-09-25T23:30:00.718058" level="INFO">Executing JavaScript:
document.querySelectorAll('body &gt; *').forEach(el =&gt; { const s = getComputedStyle(el); if (s.position === 'fixed' &amp;&amp; parseInt(s.zIndex || '0') &gt; 100000) el.remove(); });
Without any arguments.</msg>
<arg>document.querySelectorAll('body &gt; *').forEach(el =&gt; { const s = getComputedStyle(el); if (s.position === 'fixed' &amp;&amp; parseInt(s.zIndex || '0') &gt; 100000) el.remove(); });</arg>
<doc>Executes the given JavaScript code with possible arguments.</doc>
<status status="PASS" start="2026-09-25T23:30:00.717825" elapsed="0.004760"/>
</kw>
<status status="PASS" start="2026-09-25T23:30:00.687384" elapsed="0.035398"/>
</kw>
<kw name="Go To" owner="SeleniumLibrary">
<msg time="2026-09-25T23:30:00.723097" level="INFO">Opening url 'https://automationexercise.com/products'</msg>
<arg>${BASE_URL}/products</arg>
<doc>Navigates the current browser window to the provided ``url``.</doc>
<status status="PASS" start="2026-09-25T23:30:00.722920" elapsed="3.892604"/>
</kw>
<kw name="Wait Until Location Contains" owner="SeleniumLibrary">
<arg>/products</arg>
<doc>Waits until the current URL contains ``expected``.</doc>
<status status="PASS" start="2026-09-25T23:30:04.615760" elapsed="0.004252"/>
</kw>
<kw name="Wait Until Element Is Visible" owner="SeleniumLibrary">
<arg>${SEARCH_BOX}</arg>
<arg>45 seconds</arg>
<doc>Waits until the element ``locator`` is visible.</doc>
<status status="PASS" start="2026-09-25T23:30:04.620237" elapsed="0.015082"/>
</kw>
<kw name="Remove Advertisement Overlays" owner="common">
<kw name="Execute Javascript" owner="SeleniumLibrary">
<msg time="2026-09-25T23:30:04.635950" level="INFO">Executing JavaScript:
document.querySelectorAll('iframe[id^="aswift"], div[id^="aswift"], ins.adsbygoogle, [id^="google_ads_iframe"], [id*="google_ads_iframe"]').forEach(el =&gt; el.remove());
Without any arguments.</msg>
<arg>document.querySelectorAll('iframe[id^="aswift"], div[id^="aswift"], ins.adsbygoogle, [id^="google_ads_iframe"], [id*="google_ads_iframe"]').forEach(el =&gt; el.remove());</arg>
<doc>Executes the given JavaScript code with possible arguments.</doc>
<status status="PASS" start="2026-09-25T23:30:04.635817" elapsed="0.019838"/>
</kw>
<kw name="Execute Javascript" owner="SeleniumLibrary">
<msg time="2026-09-25T23:30:04.656382" level="INFO">Executing JavaScript:
document.querySelectorAll('body &gt; *').forEach(el =&gt; { const s = getComputedStyle(el); if (s.position === 'fixed' &amp;&amp; parseInt(s.zIndex || '0') &gt; 100000) el.remove(); });
Without any arguments.</msg>
<arg>document.querySelectorAll('body &gt; *').forEach(el =&gt; { const s = getComputedStyle(el); if (s.position === 'fixed' &amp;&amp; parseInt(s.zIndex || '0') &gt; 100000) el.remove(); });</arg>
<doc>Executes the given JavaScript code with possible arguments.</doc>
<status status="PASS" start="2026-09-25T23:30:04.656074" elapsed="0.008656"/>
</kw>
<status status="PASS" start="2026-09-25T23:30:04.635565" elapsed="0.029289"/>
</kw>
<kw name="Input Text" owner="SeleniumLibrary">
<msg time="2026-09-25T23:30:04.665269" level="INFO">Typing text 'Men Tshirt' into text field 'id=search_product'.</msg>
<arg>${SEARCH_BOX}</arg>
<arg>${SEARCH_PRODUCT}</arg>
<doc>Types the given ``text`` into the text field identified by ``locator``.</doc>
<status status="PASS" start="2026-09-25T23:30:04.664990" elapsed="0.131614"/>
</kw>
<kw name="Click Element" owner="SeleniumLibrary">
<msg time="2026-09-25T23:30:04.797174" level="INFO">Clicking element 'id=submit_search'.</msg>
<arg>${SEARCH_BUTTON}</arg>
<doc>Click the element identified by ``locator``.</doc>
<status status="PASS" start="2026-09-25T23:30:04.796845" elapsed="23.109680"/>
</kw>
<kw name="Wait Until Element Is Visible" owner="SeleniumLibrary">
<arg>${SEARCHED_PRODUCTS}</arg>
<arg>30 seconds</arg>
<doc>Waits until the element ``locator`` is visible.</doc>
<status status="PASS" start="2026-09-25T23:30:27.907681" elapsed="0.028178"/>
</kw>
<status status="PASS" start="2026-09-25T23:30:00.687051" elapsed="27.248982"/>
</kw>
<kw name="Add Product To Cart" owner="common">
<kw name="Remove Advertisement Overlays" owner="common">
<kw name="Execute Javascript" owner="SeleniumLibrary">
<msg time="2026-09-25T23:30:27.937498" level="INFO">Executing JavaScript:
document.querySelectorAll('iframe[id^="aswift"], div[id^="aswift"], ins.adsbygoogle, [id^="google_ads_iframe"], [id*="google_ads_iframe"]').forEach(el =&gt; el.remove());
Without any arguments.</msg>
<arg>document.querySelectorAll('iframe[id^="aswift"], div[id^="aswift"], ins.adsbygoogle, [id^="google_ads_iframe"], [id*="google_ads_iframe"]').forEach(el =&gt; el.remove());</arg>
<doc>Executes the given JavaScript code with possible arguments.</doc>
<status status="PASS" start="2026-09-25T23:30:27.937365" elapsed="0.042609"/>
</kw>
<kw name="Execute Javascript" owner="SeleniumLibrary">
<msg time="2026-09-25T23:30:27.980348" level="INFO">Executing JavaScript:
document.querySelectorAll('body &gt; *').forEach(el =&gt; { const s = getComputedStyle(el); if (s.position === 'fixed' &amp;&amp; parseInt(s.zIndex || '0') &gt; 100000) el.remove(); });
Without any arguments.</msg>
<arg>document.querySelectorAll('body &gt; *').forEach(el =&gt; { const s = getComputedStyle(el); if (s.position === 'fixed' &amp;&amp; parseInt(s.zIndex || '0') &gt; 100000) el.remove(); });</arg>
<doc>Executes the given JavaScript code with possible arguments.</doc>
<status status="PASS" start="2026-09-25T23:30:27.980177" elapsed="0.003243"/>
</kw>
<status status="PASS" start="2026-09-25T23:30:27.937189" elapsed="0.046307"/>
</kw>
<kw name="Wait Until Element Is Visible" owner="SeleniumLibrary">
<arg>${ADD_TO_CART_BUTTON}</arg>
<arg>30 seconds</arg>
<doc>Waits until the element ``locator`` is visible.</doc>
<status status="PASS" start="2026-09-25T23:30:27.983616" elapsed="0.012289"/>
</kw>
<kw name="Scroll Element Into View" owner="SeleniumLibrary">
<arg>${ADD_TO_CART_BUTTON}</arg>
<doc>Scrolls the element identified by ``locator`` into view.</doc>
<status status="PASS" start="2026-09-25T23:30:27.996089" elapsed="0.337448"/>
</kw>
<kw name="Execute Javascript" owner="SeleniumLibrary">
<msg time="2026-09-25T23:30:28.334245" level="INFO">Executing JavaScript:
const buttons = [...document.querySelectorAll('a[data-product-id="2"].add-to-cart')];const visible = buttons.find(el =&gt; {const r = el.getBoundingClientRect();return r.width &gt; 0 &amp;&amp; r.height &gt; 0 &amp;&amp; r.top &gt;= 0 &amp;&amp; r.bottom &lt;= window.innerHeight;});if (!visible) throw new Error("Visible Men Tshirt Add to Cart button not found");visible.click();
Without any arguments.</msg>
<arg>const buttons = [...document.querySelectorAll('a[data-product-id="2"].add-to-cart')];</arg>
<arg>const visible = buttons.find(el =&gt; {</arg>
<arg>const r = el.getBoundingClientRect();</arg>
<arg>return r.width &gt; 0 &amp;&amp; r.height &gt; 0 &amp;&amp; r.top &gt;= 0 &amp;&amp; r.bottom &lt;= window.innerHeight;</arg>
<arg>});</arg>
<arg>if (!visible) throw new Error("Visible Men Tshirt Add to Cart button not found");</arg>
<arg>visible.click();</arg>
<doc>Executes the given JavaScript code with possible arguments.</doc>
<status status="PASS" start="2026-09-25T23:30:28.333874" elapsed="0.013448"/>
</kw>
<kw name="Wait Until Element Is Visible" owner="SeleniumLibrary">
<arg>xpath=//*[contains(normalize-space(.),'Your product has been added to cart')]</arg>
<arg>15 seconds</arg>
<doc>Waits until the element ``locator`` is visible.</doc>
<status status="PASS" start="2026-09-25T23:30:28.347807" elapsed="0.025439"/>
</kw>
<status status="PASS" start="2026-09-25T23:30:27.936904" elapsed="0.436678"/>
</kw>
<kw name="Open Cart From Modal" owner="advanced_ecommerce">
<kw name="Remove Advertisement Overlays" owner="common">
<kw name="Execute Javascript" owner="SeleniumLibrary">
<msg time="2026-09-25T23:30:28.375252" level="INFO">Executing JavaScript:
document.querySelectorAll('iframe[id^="aswift"], div[id^="aswift"], ins.adsbygoogle, [id^="google_ads_iframe"], [id*="google_ads_iframe"]').forEach(el =&gt; el.remove());
Without any arguments.</msg>
<arg>document.querySelectorAll('iframe[id^="aswift"], div[id^="aswift"], ins.adsbygoogle, [id^="google_ads_iframe"], [id*="google_ads_iframe"]').forEach(el =&gt; el.remove());</arg>
<doc>Executes the given JavaScript code with possible arguments.</doc>
<status status="PASS" start="2026-09-25T23:30:28.375022" elapsed="0.006600"/>
</kw>
<kw name="Execute Javascript" owner="SeleniumLibrary">
<msg time="2026-09-25T23:30:28.382087" level="INFO">Executing JavaScript:
document.querySelectorAll('body &gt; *').forEach(el =&gt; { const s = getComputedStyle(el); if (s.position === 'fixed' &amp;&amp; parseInt(s.zIndex || '0') &gt; 100000) el.remove(); });
Without any arguments.</msg>
<arg>document.querySelectorAll('body &gt; *').forEach(el =&gt; { const s = getComputedStyle(el); if (s.position === 'fixed' &amp;&amp; parseInt(s.zIndex || '0') &gt; 100000) el.remove(); });</arg>
<doc>Executes the given JavaScript code with possible arguments.</doc>
<status status="PASS" start="2026-09-25T23:30:28.381854" elapsed="0.004116"/>
</kw>
<status status="PASS" start="2026-09-25T23:30:28.374717" elapsed="0.011372"/>
</kw>
<kw name="Wait Until Element Is Visible" owner="SeleniumLibrary">
<arg>${VIEW_CART_BUTTON}</arg>
<arg>15 seconds</arg>
<doc>Waits until the element ``locator`` is visible.</doc>
<status status="PASS" start="2026-09-25T23:30:28.386256" elapsed="0.891449"/>
</kw>
<kw name="Click Element" owner="SeleniumLibrary">
<msg time="2026-09-25T23:30:29.278185" level="INFO">Clicking element 'xpath=//u[normalize-space(.)='View Cart']/ancestor::a[1]'.</msg>
<arg>${VIEW_CART_BUTTON}</arg>
<doc>Click the element identified by ``locator``.</doc>
<status status="PASS" start="2026-09-25T23:30:29.277917" elapsed="2.437211"/>
</kw>
<kw name="Wait Until Location Contains" owner="SeleniumLibrary">
<arg>/view_cart</arg>
<doc>Waits until the current URL contains ``expected``.</doc>
<status status="PASS" start="2026-09-25T23:30:31.715469" elapsed="0.007621"/>
</kw>
<kw name="Wait Until Element Is Visible" owner="SeleniumLibrary">
<arg>${CART_PRODUCT_ROWS}</arg>
<arg>30 seconds</arg>
<doc>Waits until the element ``locator`` is visible.</doc>
<status status="PASS" start="2026-09-25T23:30:31.723450" elapsed="0.023452"/>
</kw>
<status status="PASS" start="2026-09-25T23:30:28.374235" elapsed="3.372786"/>
</kw>
<kw name="Wait Until Location Contains" owner="SeleniumLibrary">
<arg>/view_cart</arg>
<arg>30 seconds</arg>
<doc>Waits until the current URL contains ``expected``.</doc>
<status status="PASS" start="2026-09-25T23:30:31.748210" elapsed="0.003687"/>
</kw>
<kw name="Wait Until Element Is Visible" owner="SeleniumLibrary">
<arg>${CART_PRODUCT}</arg>
<arg>30 seconds</arg>
<doc>Waits until the element ``locator`` is visible.</doc>
<status status="PASS" start="2026-09-25T23:30:31.752186" elapsed="0.014345"/>
</kw>
<kw name="Get Text" owner="SeleniumLibrary">
<msg time="2026-09-25T23:30:31.783566" level="INFO">${product_before_login} = Men Tshirt</msg>
<var>${product_before_login}</var>
<arg>${CART_PRODUCT}</arg>
<doc>Returns the text value of the element identified by ``locator``.</doc>
<status status="PASS" start="2026-09-25T23:30:31.767337" elapsed="0.016277"/>
</kw>
<kw name="Should Be Equal As Strings" owner="BuiltIn">
<arg>${product_before_login}</arg>
<arg>Men Tshirt</arg>
<doc>Fails if objects are unequal after converting them to strings.</doc>
<status status="PASS" start="2026-09-25T23:30:31.812629" elapsed="0.001490"/>
</kw>
<kw name="Remove Advertisement Overlays" owner="common">
<kw name="Execute Javascript" owner="SeleniumLibrary">
<msg time="2026-09-25T23:30:31.831611" level="INFO">Executing JavaScript:
document.querySelectorAll('iframe[id^="aswift"], div[id^="aswift"], ins.adsbygoogle, [id^="google_ads_iframe"], [id*="google_ads_iframe"]').forEach(el =&gt; el.remove());
Without any arguments.</msg>
<arg>document.querySelectorAll('iframe[id^="aswift"], div[id^="aswift"], ins.adsbygoogle, [id^="google_ads_iframe"], [id*="google_ads_iframe"]').forEach(el =&gt; el.remove());</arg>
<doc>Executes the given JavaScript code with possible arguments.</doc>
<status status="PASS" start="2026-09-25T23:30:31.830815" elapsed="0.062472"/>
</kw>
<kw name="Execute Javascript" owner="SeleniumLibrary">
<msg time="2026-09-25T23:30:31.893772" level="INFO">Executing JavaScript:
document.querySelectorAll('body &gt; *').forEach(el =&gt; { const s = getComputedStyle(el); if (s.position === 'fixed' &amp;&amp; parseInt(s.zIndex || '0') &gt; 100000) el.remove(); });
Without any arguments.</msg>
<arg>document.querySelectorAll('body &gt; *').forEach(el =&gt; { const s = getComputedStyle(el); if (s.position === 'fixed' &amp;&amp; parseInt(s.zIndex || '0') &gt; 100000) el.remove(); });</arg>
<doc>Executes the given JavaScript code with possible arguments.</doc>
<status status="PASS" start="2026-09-25T23:30:31.893543" elapsed="0.004611"/>
</kw>
<status status="PASS" start="2026-09-25T23:30:31.829984" elapsed="0.068272"/>
</kw>
<kw name="Click Element" owner="SeleniumLibrary">
<msg time="2026-09-25T23:30:31.899340" level="INFO">Clicking element 'xpath=//a[contains(.,'Signup / Login')]'.</msg>
<arg>${LOGIN_LINK}</arg>
<doc>Click the element identified by ``locator``.</doc>
<status status="PASS" start="2026-09-25T23:30:31.898707" elapsed="2.041861"/>
</kw>
<kw name="Wait Until Element Is Visible" owner="SeleniumLibrary">
<arg>${EMAIL_FIELD}</arg>
<arg>30 seconds</arg>
<doc>Waits until the element ``locator`` is visible.</doc>
<status status="PASS" start="2026-09-25T23:30:33.941015" elapsed="0.019021"/>
</kw>
<kw name="Remove Advertisement Overlays" owner="common">
<kw name="Execute Javascript" owner="SeleniumLibrary">
<msg time="2026-09-25T23:30:33.960849" level="INFO">Executing JavaScript:
document.querySelectorAll('iframe[id^="aswift"], div[id^="aswift"], ins.adsbygoogle, [id^="google_ads_iframe"], [id*="google_ads_iframe"]').forEach(el =&gt; el.remove());
Without any arguments.</msg>
<arg>document.querySelectorAll('iframe[id^="aswift"], div[id^="aswift"], ins.adsbygoogle, [id^="google_ads_iframe"], [id*="google_ads_iframe"]').forEach(el =&gt; el.remove());</arg>
<doc>Executes the given JavaScript code with possible arguments.</doc>
<status status="PASS" start="2026-09-25T23:30:33.960703" elapsed="0.019576"/>
</kw>
<kw name="Execute Javascript" owner="SeleniumLibrary">
<msg time="2026-09-25T23:30:33.980692" level="INFO">Executing JavaScript:
document.querySelectorAll('body &gt; *').forEach(el =&gt; { const s = getComputedStyle(el); if (s.position === 'fixed' &amp;&amp; parseInt(s.zIndex || '0') &gt; 100000) el.remove(); });
Without any arguments.</msg>
<arg>document.querySelectorAll('body &gt; *').forEach(el =&gt; { const s = getComputedStyle(el); if (s.position === 'fixed' &amp;&amp; parseInt(s.zIndex || '0') &gt; 100000) el.remove(); });</arg>
<doc>Executes the given JavaScript code with possible arguments.</doc>
<status status="PASS" start="2026-09-25T23:30:33.980508" elapsed="0.006652"/>
</kw>
<status status="PASS" start="2026-09-25T23:30:33.960430" elapsed="0.026876"/>
</kw>
<kw name="Input Text" owner="SeleniumLibrary">
<msg time="2026-09-25T23:30:33.987927" level="INFO">Typing text 'khasnobis.preyan888@gmail.com' into text field 'css=input[data-qa="login-email"]'.</msg>
<arg>${EMAIL_FIELD}</arg>
<arg>${VALID_EMAIL}</arg>
<doc>Types the given ``text`` into the text field identified by ``locator``.</doc>
<status status="PASS" start="2026-09-25T23:30:33.987600" elapsed="0.129008"/>
</kw>
<kw name="Input Text" owner="SeleniumLibrary">
<msg time="2026-09-25T23:30:34.117267" level="INFO">Typing text 'WiproNaukriDo' into text field 'css=input[data-qa="login-password"]'.</msg>
<arg>${PASSWORD_FIELD}</arg>
<arg>${VALID_PASSWORD}</arg>
<doc>Types the given ``text`` into the text field identified by ``locator``.</doc>
<status status="PASS" start="2026-09-25T23:30:34.116970" elapsed="0.071658"/>
</kw>
<kw name="Remove Advertisement Overlays" owner="common">
<kw name="Execute Javascript" owner="SeleniumLibrary">
<msg time="2026-09-25T23:30:34.189671" level="INFO">Executing JavaScript:
document.querySelectorAll('iframe[id^="aswift"], div[id^="aswift"], ins.adsbygoogle, [id^="google_ads_iframe"], [id*="google_ads_iframe"]').forEach(el =&gt; el.remove());
Without any arguments.</msg>
<arg>document.querySelectorAll('iframe[id^="aswift"], div[id^="aswift"], ins.adsbygoogle, [id^="google_ads_iframe"], [id*="google_ads_iframe"]').forEach(el =&gt; el.remove());</arg>
<doc>Executes the given JavaScript code with possible arguments.</doc>
<status status="PASS" start="2026-09-25T23:30:34.189507" elapsed="0.005126"/>
</kw>
<kw name="Execute Javascript" owner="SeleniumLibrary">
<msg time="2026-09-25T23:30:34.194986" level="INFO">Executing JavaScript:
document.querySelectorAll('body &gt; *').forEach(el =&gt; { const s = getComputedStyle(el); if (s.position === 'fixed' &amp;&amp; parseInt(s.zIndex || '0') &gt; 100000) el.remove(); });
Without any arguments.</msg>
<arg>document.querySelectorAll('body &gt; *').forEach(el =&gt; { const s = getComputedStyle(el); if (s.position === 'fixed' &amp;&amp; parseInt(s.zIndex || '0') &gt; 100000) el.remove(); });</arg>
<doc>Executes the given JavaScript code with possible arguments.</doc>
<status status="PASS" start="2026-09-25T23:30:34.194820" elapsed="0.003459"/>
</kw>
<status status="PASS" start="2026-09-25T23:30:34.189149" elapsed="0.009208"/>
</kw>
<kw name="Click Element" owner="SeleniumLibrary">
<msg time="2026-09-25T23:30:34.198816" level="INFO">Clicking element 'css=button[data-qa="login-button"]'.</msg>
<arg>${LOGIN_BUTTON}</arg>
<doc>Click the element identified by ``locator``.</doc>
<status status="PASS" start="2026-09-25T23:30:34.198582" elapsed="3.221330"/>
</kw>
<kw name="Wait Until Element Is Visible" owner="SeleniumLibrary">
<arg>${LOGGED_IN_TEXT}</arg>
<arg>30 seconds</arg>
<doc>Waits until the element ``locator`` is visible.</doc>
<status status="PASS" start="2026-09-25T23:30:37.420695" elapsed="0.022619"/>
</kw>
<kw name="Go To" owner="SeleniumLibrary">
<msg time="2026-09-25T23:30:37.443988" level="INFO">Opening url 'https://automationexercise.com/view_cart'</msg>
<arg>${BASE_URL}/view_cart</arg>
<doc>Navigates the current browser window to the provided ``url``.</doc>
<status status="PASS" start="2026-09-25T23:30:37.443792" elapsed="1.338012"/>
</kw>
<kw name="Wait Until Location Contains" owner="SeleniumLibrary">
<arg>/view_cart</arg>
<arg>30 seconds</arg>
<doc>Waits until the current URL contains ``expected``.</doc>
<status status="PASS" start="2026-09-25T23:30:38.782234" elapsed="0.003545"/>
</kw>
<kw name="Wait Until Element Is Visible" owner="SeleniumLibrary">
<arg>${CART_PRODUCT}</arg>
<arg>30 seconds</arg>
<doc>Waits until the element ``locator`` is visible.</doc>
<status status="PASS" start="2026-09-25T23:30:38.786179" elapsed="0.011730"/>
</kw>
<kw name="Get Text" owner="SeleniumLibrary">
<msg time="2026-09-25T23:30:38.809047" level="INFO">${product_after_login} = Men Tshirt</msg>
<var>${product_after_login}</var>
<arg>${CART_PRODUCT}</arg>
<doc>Returns the text value of the element identified by ``locator``.</doc>
<status status="PASS" start="2026-09-25T23:30:38.798340" elapsed="0.010766"/>
</kw>
<kw name="Should Be Equal As Strings" owner="BuiltIn">
<arg>${product_after_login}</arg>
<arg>${product_before_login}</arg>
<doc>Fails if objects are unequal after converting them to strings.</doc>
<status status="PASS" start="2026-09-25T23:30:38.809474" elapsed="0.000574"/>
</kw>
<kw name="Cleanup Test" type="TEARDOWN">
<kw name="Run Keyword If" owner="BuiltIn">
<arg>'${TEST STATUS}' == 'FAIL'</arg>
<arg>Capture Page Screenshot</arg>
<doc>Runs the given keyword with the given arguments, if ``condition`` is true.</doc>
<status status="PASS" start="2026-09-25T23:30:38.810929" elapsed="0.000530"/>
</kw>
<kw name="Close Application" owner="common">
<kw name="Close All Browsers" owner="SeleniumLibrary">
<doc>Closes all open browsers and resets the browser cache.</doc>
<status status="PASS" start="2026-09-25T23:30:38.811991" elapsed="2.546647"/>
</kw>
<status status="PASS" start="2026-09-25T23:30:38.811673" elapsed="2.547260"/>
</kw>
<status status="PASS" start="2026-09-25T23:30:38.810559" elapsed="2.548506"/>
</kw>
<status status="PASS" start="2026-09-25T23:29:52.472295" elapsed="48.891951"/>
</test>
<status status="PASS" start="2026-09-25T23:29:52.074402" elapsed="49.292812"/>
</suite>
<status status="PASS" start="2026-09-25T23:29:52.030243" elapsed="49.340197"/>
</suite>
<statistics>
<total>
<stat pass="1" fail="0" skip="0">All Tests</stat>
</total>
<tag>
</tag>
<suite>
<stat name="Tests" id="s1" pass="1" fail="0" skip="0">Tests</stat>
<stat name="Ecommerce Tests" id="s1-s1" pass="1" fail="0" skip="0">Tests.Ecommerce Tests</stat>
</suite>
</statistics>
<errors>
</errors>
</robot>
