<?xml version="1.0" encoding="UTF-8"?>
<robot generator="Robot 7.4.2 (Python 3.14.6 on win32)" generated="2026-09-25T23:53:42.479358" rpa="false" schemaversion="5">
<suite id="s1" name="Tests" source="C:\Projects\Internship_proj\RobotFramework-Ecommerce-Automation\tests">
<suite id="s1-s1" name="Ecommerce Tests" source="C:\Projects\Internship_proj\RobotFramework-Ecommerce-Automation\tests\ecommerce_tests.robot">
<test id="s1-s1-t1" name="TC01 - Verify Login" line="13">
<kw name="Open Application" owner="common" type="SETUP">
<kw name="Open Browser" owner="SeleniumLibrary">
<msg time="2026-09-25T23:53:42.964666" level="INFO">Opening browser 'chrome' to base url 'https://automationexercise.com'.</msg>
<arg>${BASE_URL}</arg>
<arg>${BROWSER}</arg>
<doc>Opens a new browser instance to the optional ``url``.</doc>
<status status="PASS" start="2026-09-25T23:53:42.964131" elapsed="5.485575"/>
</kw>
<kw name="Maximize Browser Window" owner="SeleniumLibrary">
<doc>Maximizes current browser window.</doc>
<status status="PASS" start="2026-09-25T23:53:48.450025" elapsed="0.053615"/>
</kw>
<kw name="Set Selenium Timeout" owner="SeleniumLibrary">
<arg>15 seconds</arg>
<doc>Sets the timeout that is used by various keywords.</doc>
<status status="PASS" start="2026-09-25T23:53:48.503892" elapsed="0.001304"/>
</kw>
<kw name="Delete All Cookies" owner="SeleniumLibrary">
<doc>Deletes all cookies.</doc>
<status status="PASS" start="2026-09-25T23:53:48.505408" elapsed="0.035110"/>
</kw>
<kw name="Go To" owner="SeleniumLibrary">
<msg time="2026-09-25T23:53:48.541229" level="INFO">Opening url 'https://automationexercise.com'</msg>
<arg>${BASE_URL}</arg>
<doc>Navigates the current browser window to the provided ``url``.</doc>
<status status="PASS" start="2026-09-25T23:53:48.540879" elapsed="4.376527"/>
</kw>
<kw name="Wait Until Location Is" owner="SeleniumLibrary">
<arg>${BASE_URL}/</arg>
<doc>Waits until the current URL is ``expected``.</doc>
<status status="PASS" start="2026-09-25T23:53:52.917682" elapsed="0.006613"/>
</kw>
<status status="PASS" start="2026-09-25T23:53:42.963125" elapsed="9.962478"/>
</kw>
<kw name="Login To Application" owner="common">
<kw name="Click Element" owner="SeleniumLibrary">
<msg time="2026-09-25T23:53:52.942045" level="INFO">Clicking element 'xpath=//a[contains(.,'Signup / Login')]'.</msg>
<arg>${LOGIN_LINK}</arg>
<doc>Click the element identified by ``locator``.</doc>
<status status="PASS" start="2026-09-25T23:53:52.934650" elapsed="1.680220"/>
</kw>
<kw name="Wait Until Element Is Visible" owner="SeleniumLibrary">
<arg>${EMAIL_FIELD}</arg>
<arg>30 seconds</arg>
<doc>Waits until the element ``locator`` is visible.</doc>
<status status="PASS" start="2026-09-25T23:53:54.615158" elapsed="0.032831"/>
</kw>
<kw name="Remove Advertisement Overlays" owner="common">
<kw name="Execute Javascript" owner="SeleniumLibrary">
<msg time="2026-09-25T23:53:54.649239" level="INFO">Executing JavaScript:
document.querySelectorAll('iframe[id^="aswift"], div[id^="aswift"], ins.adsbygoogle, [id^="google_ads_iframe"], [id*="google_ads_iframe"]').forEach(el =&gt; el.remove());
Without any arguments.</msg>
<arg>document.querySelectorAll('iframe[id^="aswift"], div[id^="aswift"], ins.adsbygoogle, [id^="google_ads_iframe"], [id*="google_ads_iframe"]').forEach(el =&gt; el.remove());</arg>
<doc>Executes the given JavaScript code with possible arguments.</doc>
<status status="PASS" start="2026-09-25T23:53:54.648987" elapsed="0.012460"/>
</kw>
<kw name="Execute Javascript" owner="SeleniumLibrary">
<msg time="2026-09-25T23:53:54.661997" level="INFO">Executing JavaScript:
document.querySelectorAll('body &gt; *').forEach(el =&gt; { const s = getComputedStyle(el); if (s.position === 'fixed' &amp;&amp; parseInt(s.zIndex || '0') &gt; 100000) el.remove(); });
Without any arguments.</msg>
<arg>document.querySelectorAll('body &gt; *').forEach(el =&gt; { const s = getComputedStyle(el); if (s.position === 'fixed' &amp;&amp; parseInt(s.zIndex || '0') &gt; 100000) el.remove(); });</arg>
<doc>Executes the given JavaScript code with possible arguments.</doc>
<status status="PASS" start="2026-09-25T23:53:54.661736" elapsed="0.009384"/>
</kw>
<status status="PASS" start="2026-09-25T23:53:54.648445" elapsed="0.022893"/>
</kw>
<kw name="Input Text" owner="SeleniumLibrary">
<msg time="2026-09-25T23:53:54.672153" level="INFO">Typing text 'khasnobis.preyan888@gmail.com' into text field 'css=input[data-qa="login-email"]'.</msg>
<arg>${EMAIL_FIELD}</arg>
<arg>${VALID_EMAIL}</arg>
<doc>Types the given ``text`` into the text field identified by ``locator``.</doc>
<status status="PASS" start="2026-09-25T23:53:54.671579" elapsed="0.208757"/>
</kw>
<kw name="Input Text" owner="SeleniumLibrary">
<msg time="2026-09-25T23:53:54.881034" level="INFO">Typing text 'WiproNaukriDo' into text field 'css=input[data-qa="login-password"]'.</msg>
<arg>${PASSWORD_FIELD}</arg>
<arg>${VALID_PASSWORD}</arg>
<doc>Types the given ``text`` into the text field identified by ``locator``.</doc>
<status status="PASS" start="2026-09-25T23:53:54.880610" elapsed="0.075743"/>
</kw>
<kw name="Scroll Element Into View" owner="SeleniumLibrary">
<arg>${LOGIN_BUTTON}</arg>
<doc>Scrolls the element identified by ``locator`` into view.</doc>
<status status="PASS" start="2026-09-25T23:53:54.956667" elapsed="0.276268"/>
</kw>
<kw name="Remove Advertisement Overlays" owner="common">
<kw name="Execute Javascript" owner="SeleniumLibrary">
<msg time="2026-09-25T23:53:55.234337" level="INFO">Executing JavaScript:
document.querySelectorAll('iframe[id^="aswift"], div[id^="aswift"], ins.adsbygoogle, [id^="google_ads_iframe"], [id*="google_ads_iframe"]').forEach(el =&gt; el.remove());
Without any arguments.</msg>
<arg>document.querySelectorAll('iframe[id^="aswift"], div[id^="aswift"], ins.adsbygoogle, [id^="google_ads_iframe"], [id*="google_ads_iframe"]').forEach(el =&gt; el.remove());</arg>
<doc>Executes the given JavaScript code with possible arguments.</doc>
<status status="PASS" start="2026-09-25T23:53:55.234016" elapsed="0.015610"/>
</kw>
<kw name="Execute Javascript" owner="SeleniumLibrary">
<msg time="2026-09-25T23:53:55.250268" level="INFO">Executing JavaScript:
document.querySelectorAll('body &gt; *').forEach(el =&gt; { const s = getComputedStyle(el); if (s.position === 'fixed' &amp;&amp; parseInt(s.zIndex || '0') &gt; 100000) el.remove(); });
Without any arguments.</msg>
<arg>document.querySelectorAll('body &gt; *').forEach(el =&gt; { const s = getComputedStyle(el); if (s.position === 'fixed' &amp;&amp; parseInt(s.zIndex || '0') &gt; 100000) el.remove(); });</arg>
<doc>Executes the given JavaScript code with possible arguments.</doc>
<status status="PASS" start="2026-09-25T23:53:55.249963" elapsed="0.011342"/>
</kw>
<status status="PASS" start="2026-09-25T23:53:55.233397" elapsed="0.028065"/>
</kw>
<kw name="Get WebElement" owner="SeleniumLibrary">
<msg time="2026-09-25T23:53:55.269077" level="INFO">${login_button} = &lt;selenium.webdriver.remote.webelement.WebElement (session="7b42bc1fbebdb3886a94e07a2af6fb1e", element="f.AE53302E96776576B5D757A4E5DC9B80.d.AFF435AFF1C45705D064E128E54B9B96.e.90")&gt;</msg>
<var>${login_button}</var>
<arg>${LOGIN_BUTTON}</arg>
<doc>Returns the first WebElement matching the given ``locator``.</doc>
<status status="PASS" start="2026-09-25T23:53:55.261850" elapsed="0.007297"/>
</kw>
<kw name="Execute Javascript" owner="SeleniumLibrary">
<msg time="2026-09-25T23:53:55.269594" level="INFO">Executing JavaScript:
arguments[0].click();
By using argument:
'&lt;selenium.webdriver.remote.webelement.WebElement (session="7b42bc1fbebdb3886a94e07a2af6fb1e", element="f.AE53302E96776576B5D757A4E5DC9B80.d.AFF435AFF1C45705D064E128E54B9B96.e.90")&gt;'</msg>
<arg>arguments[0].click();</arg>
<arg>ARGUMENTS</arg>
<arg>${login_button}</arg>
<doc>Executes the given JavaScript code with possible arguments.</doc>
<status status="PASS" start="2026-09-25T23:53:55.269344" elapsed="23.513767"/>
</kw>
<status status="PASS" start="2026-09-25T23:53:52.930189" elapsed="25.853131"/>
</kw>
<kw name="Verify User Is Logged In" owner="common">
<kw name="Remove Advertisement Overlays" owner="common">
<kw name="Execute Javascript" owner="SeleniumLibrary">
<msg time="2026-09-25T23:54:18.785836" level="INFO">Executing JavaScript:
document.querySelectorAll('iframe[id^="aswift"], div[id^="aswift"], ins.adsbygoogle, [id^="google_ads_iframe"], [id*="google_ads_iframe"]').forEach(el =&gt; el.remove());
Without any arguments.</msg>
<arg>document.querySelectorAll('iframe[id^="aswift"], div[id^="aswift"], ins.adsbygoogle, [id^="google_ads_iframe"], [id*="google_ads_iframe"]').forEach(el =&gt; el.remove());</arg>
<doc>Executes the given JavaScript code with possible arguments.</doc>
<status status="PASS" start="2026-09-25T23:54:18.785606" elapsed="0.025267"/>
</kw>
<kw name="Execute Javascript" owner="SeleniumLibrary">
<msg time="2026-09-25T23:54:18.811390" level="INFO">Executing JavaScript:
document.querySelectorAll('body &gt; *').forEach(el =&gt; { const s = getComputedStyle(el); if (s.position === 'fixed' &amp;&amp; parseInt(s.zIndex || '0') &gt; 100000) el.remove(); });
Without any arguments.</msg>
<arg>document.querySelectorAll('body &gt; *').forEach(el =&gt; { const s = getComputedStyle(el); if (s.position === 'fixed' &amp;&amp; parseInt(s.zIndex || '0') &gt; 100000) el.remove(); });</arg>
<doc>Executes the given JavaScript code with possible arguments.</doc>
<status status="PASS" start="2026-09-25T23:54:18.811175" elapsed="0.005791"/>
</kw>
<status status="PASS" start="2026-09-25T23:54:18.785286" elapsed="0.031793"/>
</kw>
<kw name="Wait Until Element Is Visible" owner="SeleniumLibrary">
<arg>${LOGGED_IN_TEXT}</arg>
<doc>Waits until the element ``locator`` is visible.</doc>
<status status="PASS" start="2026-09-25T23:54:18.817221" elapsed="0.015139"/>
</kw>
<kw name="Page Should Contain" owner="SeleniumLibrary">
<msg time="2026-09-25T23:54:18.841592" level="INFO">Current page contains text 'Logged in as'.</msg>
<arg>Logged in as</arg>
<doc>Verifies that current page contains ``text``.</doc>
<status status="PASS" start="2026-09-25T23:54:18.832570" elapsed="0.009124"/>
</kw>
<status status="PASS" start="2026-09-25T23:54:18.784613" elapsed="0.057169"/>
</kw>
<kw name="Cleanup Test" type="TEARDOWN">
<kw name="Run Keyword If" owner="BuiltIn">
<arg>'${TEST STATUS}' == 'FAIL'</arg>
<arg>Capture Page Screenshot</arg>
<doc>Runs the given keyword with the given arguments, if ``condition`` is true.</doc>
<status status="PASS" start="2026-09-25T23:54:18.842640" elapsed="0.001501"/>
</kw>
<kw name="Close Application" owner="common">
<kw name="Close All Browsers" owner="SeleniumLibrary">
<doc>Closes all open browsers and resets the browser cache.</doc>
<status status="PASS" start="2026-09-25T23:54:18.844641" elapsed="2.342478"/>
</kw>
<status status="PASS" start="2026-09-25T23:54:18.844360" elapsed="2.344057"/>
</kw>
<status status="PASS" start="2026-09-25T23:54:18.842333" elapsed="2.347761"/>
</kw>
<status status="PASS" start="2026-09-25T23:53:42.962029" elapsed="38.287356"/>
</test>
<test id="s1-s1-t2" name="TC02 - Verify Product Search" line="17">
<kw name="Open Application" owner="common" type="SETUP">
<kw name="Open Browser" owner="SeleniumLibrary">
<msg time="2026-09-25T23:54:21.326856" level="INFO">Opening browser 'chrome' to base url 'https://automationexercise.com'.</msg>
<arg>${BASE_URL}</arg>
<arg>${BROWSER}</arg>
<doc>Opens a new browser instance to the optional ``url``.</doc>
<status status="PASS" start="2026-09-25T23:54:21.317296" elapsed="5.999265"/>
</kw>
<kw name="Maximize Browser Window" owner="SeleniumLibrary">
<doc>Maximizes current browser window.</doc>
<status status="PASS" start="2026-09-25T23:54:27.316835" elapsed="0.058332"/>
</kw>
<kw name="Set Selenium Timeout" owner="SeleniumLibrary">
<arg>15 seconds</arg>
<doc>Sets the timeout that is used by various keywords.</doc>
<status status="PASS" start="2026-09-25T23:54:27.375497" elapsed="0.001201"/>
</kw>
<kw name="Delete All Cookies" owner="SeleniumLibrary">
<doc>Deletes all cookies.</doc>
<status status="PASS" start="2026-09-25T23:54:27.376862" elapsed="0.032512"/>
</kw>
<kw name="Go To" owner="SeleniumLibrary">
<msg time="2026-09-25T23:54:27.409869" level="INFO">Opening url 'https://automationexercise.com'</msg>
<arg>${BASE_URL}</arg>
<doc>Navigates the current browser window to the provided ``url``.</doc>
<status status="PASS" start="2026-09-25T23:54:27.409632" elapsed="2.560029"/>
</kw>
<kw name="Wait Until Location Is" owner="SeleniumLibrary">
<arg>${BASE_URL}/</arg>
<doc>Waits until the current URL is ``expected``.</doc>
<status status="PASS" start="2026-09-25T23:54:29.969909" elapsed="0.028375"/>
</kw>
<status status="PASS" start="2026-09-25T23:54:21.304151" elapsed="8.694246"/>
</kw>
<kw name="Login To Application" owner="common">
<kw name="Click Element" owner="SeleniumLibrary">
<msg time="2026-09-25T23:54:29.999902" level="INFO">Clicking element 'xpath=//a[contains(.,'Signup / Login')]'.</msg>
<arg>${LOGIN_LINK}</arg>
<doc>Click the element identified by ``locator``.</doc>
<status status="PASS" start="2026-09-25T23:54:29.999340" elapsed="2.513147"/>
</kw>
<kw name="Wait Until Element Is Visible" owner="SeleniumLibrary">
<arg>${EMAIL_FIELD}</arg>
<arg>30 seconds</arg>
<doc>Waits until the element ``locator`` is visible.</doc>
<status status="PASS" start="2026-09-25T23:54:32.512830" elapsed="0.026940"/>
</kw>
<kw name="Remove Advertisement Overlays" owner="common">
<kw name="Execute Javascript" owner="SeleniumLibrary">
<msg time="2026-09-25T23:54:32.541407" level="INFO">Executing JavaScript:
document.querySelectorAll('iframe[id^="aswift"], div[id^="aswift"], ins.adsbygoogle, [id^="google_ads_iframe"], [id*="google_ads_iframe"]').forEach(el =&gt; el.remove());
Without any arguments.</msg>
<arg>document.querySelectorAll('iframe[id^="aswift"], div[id^="aswift"], ins.adsbygoogle, [id^="google_ads_iframe"], [id*="google_ads_iframe"]').forEach(el =&gt; el.remove());</arg>
<doc>Executes the given JavaScript code with possible arguments.</doc>
<status status="PASS" start="2026-09-25T23:54:32.541026" elapsed="0.033487"/>
</kw>
<kw name="Execute Javascript" owner="SeleniumLibrary">
<msg time="2026-09-25T23:54:32.574921" level="INFO">Executing JavaScript:
document.querySelectorAll('body &gt; *').forEach(el =&gt; { const s = getComputedStyle(el); if (s.position === 'fixed' &amp;&amp; parseInt(s.zIndex || '0') &gt; 100000) el.remove(); });
Without any arguments.</msg>
<arg>document.querySelectorAll('body &gt; *').forEach(el =&gt; { const s = getComputedStyle(el); if (s.position === 'fixed' &amp;&amp; parseInt(s.zIndex || '0') &gt; 100000) el.remove(); });</arg>
<doc>Executes the given JavaScript code with possible arguments.</doc>
<status status="PASS" start="2026-09-25T23:54:32.574727" elapsed="0.004647"/>
</kw>
<status status="PASS" start="2026-09-25T23:54:32.540433" elapsed="0.039040"/>
</kw>
<kw name="Input Text" owner="SeleniumLibrary">
<msg time="2026-09-25T23:54:32.579862" level="INFO">Typing text 'khasnobis.preyan888@gmail.com' into text field 'css=input[data-qa="login-email"]'.</msg>
<arg>${EMAIL_FIELD}</arg>
<arg>${VALID_EMAIL}</arg>
<doc>Types the given ``text`` into the text field identified by ``locator``.</doc>
<status status="PASS" start="2026-09-25T23:54:32.579604" elapsed="0.121037"/>
</kw>
<kw name="Input Text" owner="SeleniumLibrary">
<msg time="2026-09-25T23:54:32.701119" level="INFO">Typing text 'WiproNaukriDo' into text field 'css=input[data-qa="login-password"]'.</msg>
<arg>${PASSWORD_FIELD}</arg>
<arg>${VALID_PASSWORD}</arg>
<doc>Types the given ``text`` into the text field identified by ``locator``.</doc>
<status status="PASS" start="2026-09-25T23:54:32.700846" elapsed="0.069504"/>
</kw>
<kw name="Scroll Element Into View" owner="SeleniumLibrary">
<arg>${LOGIN_BUTTON}</arg>
<doc>Scrolls the element identified by ``locator`` into view.</doc>
<status status="PASS" start="2026-09-25T23:54:32.770773" elapsed="0.272444"/>
</kw>
<kw name="Remove Advertisement Overlays" owner="common">
<kw name="Execute Javascript" owner="SeleniumLibrary">
<msg time="2026-09-25T23:54:33.044586" level="INFO">Executing JavaScript:
document.querySelectorAll('iframe[id^="aswift"], div[id^="aswift"], ins.adsbygoogle, [id^="google_ads_iframe"], [id*="google_ads_iframe"]').forEach(el =&gt; el.remove());
Without any arguments.</msg>
<arg>document.querySelectorAll('iframe[id^="aswift"], div[id^="aswift"], ins.adsbygoogle, [id^="google_ads_iframe"], [id*="google_ads_iframe"]').forEach(el =&gt; el.remove());</arg>
<doc>Executes the given JavaScript code with possible arguments.</doc>
<status status="PASS" start="2026-09-25T23:54:33.044282" elapsed="0.005544"/>
</kw>
<kw name="Execute Javascript" owner="SeleniumLibrary">
<msg time="2026-09-25T23:54:33.050399" level="INFO">Executing JavaScript:
document.querySelectorAll('body &gt; *').forEach(el =&gt; { const s = getComputedStyle(el); if (s.position === 'fixed' &amp;&amp; parseInt(s.zIndex || '0') &gt; 100000) el.remove(); });
Without any arguments.</msg>
<arg>document.querySelectorAll('body &gt; *').forEach(el =&gt; { const s = getComputedStyle(el); if (s.position === 'fixed' &amp;&amp; parseInt(s.zIndex || '0') &gt; 100000) el.remove(); });</arg>
<doc>Executes the given JavaScript code with possible arguments.</doc>
<status status="PASS" start="2026-09-25T23:54:33.050112" elapsed="0.009787"/>
</kw>
<status status="PASS" start="2026-09-25T23:54:33.043694" elapsed="0.016396"/>
</kw>
<kw name="Get WebElement" owner="SeleniumLibrary">
<msg time="2026-09-25T23:54:33.066569" level="INFO">${login_button} = &lt;selenium.webdriver.remote.webelement.WebElement (session="a4f04573499a5d3c15403ecebb0597c1", element="f.7AEAC786CE2A957D67BABD53DF313D71.d.8F5B01B29D2D3ACABF7D1975A3F015C4.e.90")&gt;</msg>
<var>${login_button}</var>
<arg>${LOGIN_BUTTON}</arg>
<doc>Returns the first WebElement matching the given ``locator``.</doc>
<status status="PASS" start="2026-09-25T23:54:33.060523" elapsed="0.006110"/>
</kw>
<kw name="Execute Javascript" owner="SeleniumLibrary">
<msg time="2026-09-25T23:54:33.067160" level="INFO">Executing JavaScript:
arguments[0].click();
By using argument:
'&lt;selenium.webdriver.remote.webelement.WebElement (session="a4f04573499a5d3c15403ecebb0597c1", element="f.7AEAC786CE2A957D67BABD53DF313D71.d.8F5B01B29D2D3ACABF7D1975A3F015C4.e.90")&gt;'</msg>
<arg>arguments[0].click();</arg>
<arg>ARGUMENTS</arg>
<arg>${login_button}</arg>
<doc>Executes the given JavaScript code with possible arguments.</doc>
<status status="PASS" start="2026-09-25T23:54:33.066861" elapsed="2.978103"/>
</kw>
<status status="PASS" start="2026-09-25T23:54:29.998852" elapsed="6.046237"/>
</kw>
<kw name="Search For Product" owner="common">
<kw name="Remove Advertisement Overlays" owner="common">
<kw name="Execute Javascript" owner="SeleniumLibrary">
<msg time="2026-09-25T23:54:36.048218" level="INFO">Executing JavaScript:
document.querySelectorAll('iframe[id^="aswift"], div[id^="aswift"], ins.adsbygoogle, [id^="google_ads_iframe"], [id*="google_ads_iframe"]').forEach(el =&gt; el.remove());
Without any arguments.</msg>
<arg>document.querySelectorAll('iframe[id^="aswift"], div[id^="aswift"], ins.adsbygoogle, [id^="google_ads_iframe"], [id*="google_ads_iframe"]').forEach(el =&gt; el.remove());</arg>
<doc>Executes the given JavaScript code with possible arguments.</doc>
<status status="PASS" start="2026-09-25T23:54:36.048079" elapsed="0.034680"/>
</kw>
<kw name="Execute Javascript" owner="SeleniumLibrary">
<msg time="2026-09-25T23:54:36.083142" level="INFO">Executing JavaScript:
document.querySelectorAll('body &gt; *').forEach(el =&gt; { const s = getComputedStyle(el); if (s.position === 'fixed' &amp;&amp; parseInt(s.zIndex || '0') &gt; 100000) el.remove(); });
Without any arguments.</msg>
<arg>document.querySelectorAll('body &gt; *').forEach(el =&gt; { const s = getComputedStyle(el); if (s.position === 'fixed' &amp;&amp; parseInt(s.zIndex || '0') &gt; 100000) el.remove(); });</arg>
<doc>Executes the given JavaScript code with possible arguments.</doc>
<status status="PASS" start="2026-09-25T23:54:36.082964" elapsed="0.007209"/>
</kw>
<status status="PASS" start="2026-09-25T23:54:36.047901" elapsed="0.042409"/>
</kw>
<kw name="Go To" owner="SeleniumLibrary">
<msg time="2026-09-25T23:54:36.090756" level="INFO">Opening url 'https://automationexercise.com/products'</msg>
<arg>${BASE_URL}/products</arg>
<doc>Navigates the current browser window to the provided ``url``.</doc>
<status status="PASS" start="2026-09-25T23:54:36.090517" elapsed="1.405503"/>
</kw>
<kw name="Wait Until Location Contains" owner="SeleniumLibrary">
<arg>/products</arg>
<doc>Waits until the current URL contains ``expected``.</doc>
<status status="PASS" start="2026-09-25T23:54:37.496220" elapsed="0.009782"/>
</kw>
<kw name="Wait Until Element Is Visible" owner="SeleniumLibrary">
<arg>${SEARCH_BOX}</arg>
<arg>45 seconds</arg>
<doc>Waits until the element ``locator`` is visible.</doc>
<status status="PASS" start="2026-09-25T23:54:37.506216" elapsed="0.018788"/>
</kw>
<kw name="Remove Advertisement Overlays" owner="common">
<kw name="Execute Javascript" owner="SeleniumLibrary">
<msg time="2026-09-25T23:54:37.526117" level="INFO">Executing JavaScript:
document.querySelectorAll('iframe[id^="aswift"], div[id^="aswift"], ins.adsbygoogle, [id^="google_ads_iframe"], [id*="google_ads_iframe"]').forEach(el =&gt; el.remove());
Without any arguments.</msg>
<arg>document.querySelectorAll('iframe[id^="aswift"], div[id^="aswift"], ins.adsbygoogle, [id^="google_ads_iframe"], [id*="google_ads_iframe"]').forEach(el =&gt; el.remove());</arg>
<doc>Executes the given JavaScript code with possible arguments.</doc>
<status status="PASS" start="2026-09-25T23:54:37.525873" elapsed="0.006026"/>
</kw>
<kw name="Execute Javascript" owner="SeleniumLibrary">
<msg time="2026-09-25T23:54:37.532251" level="INFO">Executing JavaScript:
document.querySelectorAll('body &gt; *').forEach(el =&gt; { const s = getComputedStyle(el); if (s.position === 'fixed' &amp;&amp; parseInt(s.zIndex || '0') &gt; 100000) el.remove(); });
Without any arguments.</msg>
<arg>document.querySelectorAll('body &gt; *').forEach(el =&gt; { const s = getComputedStyle(el); if (s.position === 'fixed' &amp;&amp; parseInt(s.zIndex || '0') &gt; 100000) el.remove(); });</arg>
<doc>Executes the given JavaScript code with possible arguments.</doc>
<status status="PASS" start="2026-09-25T23:54:37.532087" elapsed="0.006378"/>
</kw>
<status status="PASS" start="2026-09-25T23:54:37.525424" elapsed="0.013309"/>
</kw>
<kw name="Input Text" owner="SeleniumLibrary">
<msg time="2026-09-25T23:54:37.539606" level="INFO">Typing text 'Men Tshirt' into text field 'id=search_product'.</msg>
<arg>${SEARCH_BOX}</arg>
<arg>${SEARCH_PRODUCT}</arg>
<doc>Types the given ``text`` into the text field identified by ``locator``.</doc>
<status status="PASS" start="2026-09-25T23:54:37.539026" elapsed="0.153409"/>
</kw>
<kw name="Click Element" owner="SeleniumLibrary">
<msg time="2026-09-25T23:54:37.693000" level="INFO">Clicking element 'id=submit_search'.</msg>
<arg>${SEARCH_BUTTON}</arg>
<doc>Click the element identified by ``locator``.</doc>
<status status="PASS" start="2026-09-25T23:54:37.692683" elapsed="1.701513"/>
</kw>
<kw name="Wait Until Element Is Visible" owner="SeleniumLibrary">
<arg>${SEARCHED_PRODUCTS}</arg>
<arg>30 seconds</arg>
<doc>Waits until the element ``locator`` is visible.</doc>
<status status="PASS" start="2026-09-25T23:54:39.394430" elapsed="0.023815"/>
</kw>
<status status="PASS" start="2026-09-25T23:54:36.047645" elapsed="3.370751"/>
</kw>
<kw name="Cleanup Test" type="TEARDOWN">
<kw name="Run Keyword If" owner="BuiltIn">
<arg>'${TEST STATUS}' == 'FAIL'</arg>
<arg>Capture Page Screenshot</arg>
<doc>Runs the given keyword with the given arguments, if ``condition`` is true.</doc>
<status status="PASS" start="2026-09-25T23:54:39.422464" elapsed="0.000700"/>
</kw>
<kw name="Close Application" owner="common">
<kw name="Close All Browsers" owner="SeleniumLibrary">
<doc>Closes all open browsers and resets the browser cache.</doc>
<status status="PASS" start="2026-09-25T23:54:39.423727" elapsed="2.596092"/>
</kw>
<status status="PASS" start="2026-09-25T23:54:39.423409" elapsed="2.596599"/>
</kw>
<status status="PASS" start="2026-09-25T23:54:39.421792" elapsed="2.598348"/>
</kw>
<status status="PASS" start="2026-09-25T23:54:21.291041" elapsed="20.730581"/>
</test>
<test id="s1-s1-t3" name="TC03 - Verify Product Can Be Added To Cart" line="21">
<kw name="Open Application" owner="common" type="SETUP">
<kw name="Open Browser" owner="SeleniumLibrary">
<msg time="2026-09-25T23:54:42.024994" level="INFO">Opening browser 'chrome' to base url 'https://automationexercise.com'.</msg>
<arg>${BASE_URL}</arg>
<arg>${BROWSER}</arg>
<doc>Opens a new browser instance to the optional ``url``.</doc>
<status status="PASS" start="2026-09-25T23:54:42.024665" elapsed="5.356335"/>
</kw>
<kw name="Maximize Browser Window" owner="SeleniumLibrary">
<doc>Maximizes current browser window.</doc>
<status status="PASS" start="2026-09-25T23:54:47.381230" elapsed="0.035933"/>
</kw>
<kw name="Set Selenium Timeout" owner="SeleniumLibrary">
<arg>15 seconds</arg>
<doc>Sets the timeout that is used by various keywords.</doc>
<status status="PASS" start="2026-09-25T23:54:47.417362" elapsed="0.000976"/>
</kw>
<kw name="Delete All Cookies" owner="SeleniumLibrary">
<doc>Deletes all cookies.</doc>
<status status="PASS" start="2026-09-25T23:54:47.418469" elapsed="0.046121"/>
</kw>
<kw name="Go To" owner="SeleniumLibrary">
<msg time="2026-09-25T23:54:47.465048" level="INFO">Opening url 'https://automationexercise.com'</msg>
<arg>${BASE_URL}</arg>
<doc>Navigates the current browser window to the provided ``url``.</doc>
<status status="PASS" start="2026-09-25T23:54:47.464793" elapsed="2.479345"/>
</kw>
<kw name="Wait Until Location Is" owner="SeleniumLibrary">
<arg>${BASE_URL}/</arg>
<doc>Waits until the current URL is ``expected``.</doc>
<status status="PASS" start="2026-09-25T23:54:49.944447" elapsed="0.005888"/>
</kw>
<status status="PASS" start="2026-09-25T23:54:42.024217" elapsed="7.926289"/>
</kw>
<kw name="Login To Application" owner="common">
<kw name="Click Element" owner="SeleniumLibrary">
<msg time="2026-09-25T23:54:49.952307" level="INFO">Clicking element 'xpath=//a[contains(.,'Signup / Login')]'.</msg>
<arg>${LOGIN_LINK}</arg>
<doc>Click the element identified by ``locator``.</doc>
<status status="PASS" start="2026-09-25T23:54:49.951811" elapsed="2.470447"/>
</kw>
<kw name="Wait Until Element Is Visible" owner="SeleniumLibrary">
<arg>${EMAIL_FIELD}</arg>
<arg>30 seconds</arg>
<doc>Waits until the element ``locator`` is visible.</doc>
<status status="PASS" start="2026-09-25T23:54:52.422702" elapsed="0.023942"/>
</kw>
<kw name="Remove Advertisement Overlays" owner="common">
<kw name="Execute Javascript" owner="SeleniumLibrary">
<msg time="2026-09-25T23:54:52.447600" level="INFO">Executing JavaScript:
document.querySelectorAll('iframe[id^="aswift"], div[id^="aswift"], ins.adsbygoogle, [id^="google_ads_iframe"], [id*="google_ads_iframe"]').forEach(el =&gt; el.remove());
Without any arguments.</msg>
<arg>document.querySelectorAll('iframe[id^="aswift"], div[id^="aswift"], ins.adsbygoogle, [id^="google_ads_iframe"], [id*="google_ads_iframe"]').forEach(el =&gt; el.remove());</arg>
<doc>Executes the given JavaScript code with possible arguments.</doc>
<status status="PASS" start="2026-09-25T23:54:52.447366" elapsed="0.034083"/>
</kw>
<kw name="Execute Javascript" owner="SeleniumLibrary">
<msg time="2026-09-25T23:54:52.481863" level="INFO">Executing JavaScript:
document.querySelectorAll('body &gt; *').forEach(el =&gt; { const s = getComputedStyle(el); if (s.position === 'fixed' &amp;&amp; parseInt(s.zIndex || '0') &gt; 100000) el.remove(); });
Without any arguments.</msg>
<arg>document.querySelectorAll('body &gt; *').forEach(el =&gt; { const s = getComputedStyle(el); if (s.position === 'fixed' &amp;&amp; parseInt(s.zIndex || '0') &gt; 100000) el.remove(); });</arg>
<doc>Executes the given JavaScript code with possible arguments.</doc>
<status status="PASS" start="2026-09-25T23:54:52.481665" elapsed="0.005465"/>
</kw>
<status status="PASS" start="2026-09-25T23:54:52.446989" elapsed="0.040250"/>
</kw>
<kw name="Input Text" owner="SeleniumLibrary">
<msg time="2026-09-25T23:54:52.487671" level="INFO">Typing text 'khasnobis.preyan888@gmail.com' into text field 'css=input[data-qa="login-email"]'.</msg>
<arg>${EMAIL_FIELD}</arg>
<arg>${VALID_EMAIL}</arg>
<doc>Types the given ``text`` into the text field identified by ``locator``.</doc>
<status status="PASS" start="2026-09-25T23:54:52.487375" elapsed="0.103074"/>
</kw>
<kw name="Input Text" owner="SeleniumLibrary">
<msg time="2026-09-25T23:54:52.591169" level="INFO">Typing text 'WiproNaukriDo' into text field 'css=input[data-qa="login-password"]'.</msg>
<arg>${PASSWORD_FIELD}</arg>
<arg>${VALID_PASSWORD}</arg>
<doc>Types the given ``text`` into the text field identified by ``locator``.</doc>
<status status="PASS" start="2026-09-25T23:54:52.590742" elapsed="0.043488"/>
</kw>
<kw name="Scroll Element Into View" owner="SeleniumLibrary">
<arg>${LOGIN_BUTTON}</arg>
<doc>Scrolls the element identified by ``locator`` into view.</doc>
<status status="PASS" start="2026-09-25T23:54:52.634432" elapsed="0.310005"/>
</kw>
<kw name="Remove Advertisement Overlays" owner="common">
<kw name="Execute Javascript" owner="SeleniumLibrary">
<msg time="2026-09-25T23:54:52.945528" level="INFO">Executing JavaScript:
document.querySelectorAll('iframe[id^="aswift"], div[id^="aswift"], ins.adsbygoogle, [id^="google_ads_iframe"], [id*="google_ads_iframe"]').forEach(el =&gt; el.remove());
Without any arguments.</msg>
<arg>document.querySelectorAll('iframe[id^="aswift"], div[id^="aswift"], ins.adsbygoogle, [id^="google_ads_iframe"], [id*="google_ads_iframe"]').forEach(el =&gt; el.remove());</arg>
<doc>Executes the given JavaScript code with possible arguments.</doc>
<status status="PASS" start="2026-09-25T23:54:52.945274" elapsed="0.047244"/>
</kw>
<kw name="Execute Javascript" owner="SeleniumLibrary">
<msg time="2026-09-25T23:54:52.993171" level="INFO">Executing JavaScript:
document.querySelectorAll('body &gt; *').forEach(el =&gt; { const s = getComputedStyle(el); if (s.position === 'fixed' &amp;&amp; parseInt(s.zIndex || '0') &gt; 100000) el.remove(); });
Without any arguments.</msg>
<arg>document.querySelectorAll('body &gt; *').forEach(el =&gt; { const s = getComputedStyle(el); if (s.position === 'fixed' &amp;&amp; parseInt(s.zIndex || '0') &gt; 100000) el.remove(); });</arg>
<doc>Executes the given JavaScript code with possible arguments.</doc>
<status status="PASS" start="2026-09-25T23:54:52.992857" elapsed="0.004101"/>
</kw>
<status status="PASS" start="2026-09-25T23:54:52.944824" elapsed="0.052285"/>
</kw>
<kw name="Get WebElement" owner="SeleniumLibrary">
<msg time="2026-09-25T23:54:53.001487" level="INFO">${login_button} = &lt;selenium.webdriver.remote.webelement.WebElement (session="3537a22ff961ddf25812b19f9e8b2dd7", element="f.9669783D27A2EB13FBE4A6C20FCD1ECD.d.9014C996E62A83D1ADA03402C254E4A4.e.95")&gt;</msg>
<var>${login_button}</var>
<arg>${LOGIN_BUTTON}</arg>
<doc>Returns the first WebElement matching the given ``locator``.</doc>
<status status="PASS" start="2026-09-25T23:54:52.997320" elapsed="0.004228"/>
</kw>
<kw name="Execute Javascript" owner="SeleniumLibrary">
<msg time="2026-09-25T23:54:53.002017" level="INFO">Executing JavaScript:
arguments[0].click();
By using argument:
'&lt;selenium.webdriver.remote.webelement.WebElement (session="3537a22ff961ddf25812b19f9e8b2dd7", element="f.9669783D27A2EB13FBE4A6C20FCD1ECD.d.9014C996E62A83D1ADA03402C254E4A4.e.95")&gt;'</msg>
<arg>arguments[0].click();</arg>
<arg>ARGUMENTS</arg>
<arg>${login_button}</arg>
<doc>Executes the given JavaScript code with possible arguments.</doc>
<status status="PASS" start="2026-09-25T23:54:53.001792" elapsed="23.549660"/>
</kw>
<status status="PASS" start="2026-09-25T23:54:49.951081" elapsed="26.600598"/>
</kw>
<kw name="Search For Product" owner="common">
<kw name="Remove Advertisement Overlays" owner="common">
<kw name="Execute Javascript" owner="SeleniumLibrary">
<msg time="2026-09-25T23:55:16.561037" level="INFO">Executing JavaScript:
document.querySelectorAll('iframe[id^="aswift"], div[id^="aswift"], ins.adsbygoogle, [id^="google_ads_iframe"], [id*="google_ads_iframe"]').forEach(el =&gt; el.remove());
Without any arguments.</msg>
<arg>document.querySelectorAll('iframe[id^="aswift"], div[id^="aswift"], ins.adsbygoogle, [id^="google_ads_iframe"], [id*="google_ads_iframe"]').forEach(el =&gt; el.remove());</arg>
<doc>Executes the given JavaScript code with possible arguments.</doc>
<status status="PASS" start="2026-09-25T23:55:16.560726" elapsed="0.053656"/>
</kw>
<kw name="Execute Javascript" owner="SeleniumLibrary">
<msg time="2026-09-25T23:55:16.615081" level="INFO">Executing JavaScript:
document.querySelectorAll('body &gt; *').forEach(el =&gt; { const s = getComputedStyle(el); if (s.position === 'fixed' &amp;&amp; parseInt(s.zIndex || '0') &gt; 100000) el.remove(); });
Without any arguments.</msg>
<arg>document.querySelectorAll('body &gt; *').forEach(el =&gt; { const s = getComputedStyle(el); if (s.position === 'fixed' &amp;&amp; parseInt(s.zIndex || '0') &gt; 100000) el.remove(); });</arg>
<doc>Executes the given JavaScript code with possible arguments.</doc>
<status status="PASS" start="2026-09-25T23:55:16.614742" elapsed="0.006505"/>
</kw>
<status status="PASS" start="2026-09-25T23:55:16.560395" elapsed="0.061071"/>
</kw>
<kw name="Go To" owner="SeleniumLibrary">
<msg time="2026-09-25T23:55:16.622104" level="INFO">Opening url 'https://automationexercise.com/products'</msg>
<arg>${BASE_URL}/products</arg>
<doc>Navigates the current browser window to the provided ``url``.</doc>
<status status="PASS" start="2026-09-25T23:55:16.621737" elapsed="4.507471"/>
</kw>
<kw name="Wait Until Location Contains" owner="SeleniumLibrary">
<arg>/products</arg>
<doc>Waits until the current URL contains ``expected``.</doc>
<status status="PASS" start="2026-09-25T23:55:21.129414" elapsed="0.004924"/>
</kw>
<kw name="Wait Until Element Is Visible" owner="SeleniumLibrary">
<arg>${SEARCH_BOX}</arg>
<arg>45 seconds</arg>
<doc>Waits until the element ``locator`` is visible.</doc>
<status status="PASS" start="2026-09-25T23:55:21.134554" elapsed="0.011698"/>
</kw>
<kw name="Remove Advertisement Overlays" owner="common">
<kw name="Execute Javascript" owner="SeleniumLibrary">
<msg time="2026-09-25T23:55:21.147036" level="INFO">Executing JavaScript:
document.querySelectorAll('iframe[id^="aswift"], div[id^="aswift"], ins.adsbygoogle, [id^="google_ads_iframe"], [id*="google_ads_iframe"]').forEach(el =&gt; el.remove());
Without any arguments.</msg>
<arg>document.querySelectorAll('iframe[id^="aswift"], div[id^="aswift"], ins.adsbygoogle, [id^="google_ads_iframe"], [id*="google_ads_iframe"]').forEach(el =&gt; el.remove());</arg>
<doc>Executes the given JavaScript code with possible arguments.</doc>
<status status="PASS" start="2026-09-25T23:55:21.146902" elapsed="0.041943"/>
</kw>
<kw name="Execute Javascript" owner="SeleniumLibrary">
<msg time="2026-09-25T23:55:21.189396" level="INFO">Executing JavaScript:
document.querySelectorAll('body &gt; *').forEach(el =&gt; { const s = getComputedStyle(el); if (s.position === 'fixed' &amp;&amp; parseInt(s.zIndex || '0') &gt; 100000) el.remove(); });
Without any arguments.</msg>
<arg>document.querySelectorAll('body &gt; *').forEach(el =&gt; { const s = getComputedStyle(el); if (s.position === 'fixed' &amp;&amp; parseInt(s.zIndex || '0') &gt; 100000) el.remove(); });</arg>
<doc>Executes the given JavaScript code with possible arguments.</doc>
<status status="PASS" start="2026-09-25T23:55:21.189120" elapsed="0.003877"/>
</kw>
<status status="PASS" start="2026-09-25T23:55:21.146640" elapsed="0.046499"/>
</kw>
<kw name="Input Text" owner="SeleniumLibrary">
<msg time="2026-09-25T23:55:21.193789" level="INFO">Typing text 'Men Tshirt' into text field 'id=search_product'.</msg>
<arg>${SEARCH_BOX}</arg>
<arg>${SEARCH_PRODUCT}</arg>
<doc>Types the given ``text`` into the text field identified by ``locator``.</doc>
<status status="PASS" start="2026-09-25T23:55:21.193339" elapsed="0.085904"/>
</kw>
<kw name="Click Element" owner="SeleniumLibrary">
<msg time="2026-09-25T23:55:21.280141" level="INFO">Clicking element 'id=submit_search'.</msg>
<arg>${SEARCH_BUTTON}</arg>
<doc>Click the element identified by ``locator``.</doc>
<status status="PASS" start="2026-09-25T23:55:21.279606" elapsed="1.944854"/>
</kw>
<kw name="Wait Until Element Is Visible" owner="SeleniumLibrary">
<arg>${SEARCHED_PRODUCTS}</arg>
<arg>30 seconds</arg>
<doc>Waits until the element ``locator`` is visible.</doc>
<status status="PASS" start="2026-09-25T23:55:23.224727" elapsed="0.026721"/>
</kw>
<status status="PASS" start="2026-09-25T23:55:16.559875" elapsed="6.691966"/>
</kw>
<kw name="Add Product To Cart" owner="common">
<kw name="Remove Advertisement Overlays" owner="common">
<kw name="Execute Javascript" owner="SeleniumLibrary">
<msg time="2026-09-25T23:55:23.255290" level="INFO">Executing JavaScript:
document.querySelectorAll('iframe[id^="aswift"], div[id^="aswift"], ins.adsbygoogle, [id^="google_ads_iframe"], [id*="google_ads_iframe"]').forEach(el =&gt; el.remove());
Without any arguments.</msg>
<arg>document.querySelectorAll('iframe[id^="aswift"], div[id^="aswift"], ins.adsbygoogle, [id^="google_ads_iframe"], [id*="google_ads_iframe"]').forEach(el =&gt; el.remove());</arg>
<doc>Executes the given JavaScript code with possible arguments.</doc>
<status status="PASS" start="2026-09-25T23:55:23.255115" elapsed="0.039548"/>
</kw>
<kw name="Execute Javascript" owner="SeleniumLibrary">
<msg time="2026-09-25T23:55:23.295056" level="INFO">Executing JavaScript:
document.querySelectorAll('body &gt; *').forEach(el =&gt; { const s = getComputedStyle(el); if (s.position === 'fixed' &amp;&amp; parseInt(s.zIndex || '0') &gt; 100000) el.remove(); });
Without any arguments.</msg>
<arg>document.querySelectorAll('body &gt; *').forEach(el =&gt; { const s = getComputedStyle(el); if (s.position === 'fixed' &amp;&amp; parseInt(s.zIndex || '0') &gt; 100000) el.remove(); });</arg>
<doc>Executes the given JavaScript code with possible arguments.</doc>
<status status="PASS" start="2026-09-25T23:55:23.294875" elapsed="0.003551"/>
</kw>
<status status="PASS" start="2026-09-25T23:55:23.254740" elapsed="0.043790"/>
</kw>
<kw name="Wait Until Element Is Visible" owner="SeleniumLibrary">
<arg>${ADD_TO_CART_BUTTON}</arg>
<arg>30 seconds</arg>
<doc>Waits until the element ``locator`` is visible.</doc>
<status status="PASS" start="2026-09-25T23:55:23.298666" elapsed="0.015376"/>
</kw>
<kw name="Scroll Element Into View" owner="SeleniumLibrary">
<arg>${ADD_TO_CART_BUTTON}</arg>
<doc>Scrolls the element identified by ``locator`` into view.</doc>
<status status="PASS" start="2026-09-25T23:55:23.314304" elapsed="0.430745"/>
</kw>
<kw name="Execute Javascript" owner="SeleniumLibrary">
<msg time="2026-09-25T23:55:23.745699" level="INFO">Executing JavaScript:
const buttons = [...document.querySelectorAll('a[data-product-id="2"].add-to-cart')];const visible = buttons.find(el =&gt; {const r = el.getBoundingClientRect();return r.width &gt; 0 &amp;&amp; r.height &gt; 0 &amp;&amp; r.top &gt;= 0 &amp;&amp; r.bottom &lt;= window.innerHeight;});if (!visible) throw new Error("Visible Men Tshirt Add to Cart button not found");visible.click();
Without any arguments.</msg>
<arg>const buttons = [...document.querySelectorAll('a[data-product-id="2"].add-to-cart')];</arg>
<arg>const visible = buttons.find(el =&gt; {</arg>
<arg>const r = el.getBoundingClientRect();</arg>
<arg>return r.width &gt; 0 &amp;&amp; r.height &gt; 0 &amp;&amp; r.top &gt;= 0 &amp;&amp; r.bottom &lt;= window.innerHeight;</arg>
<arg>});</arg>
<arg>if (!visible) throw new Error("Visible Men Tshirt Add to Cart button not found");</arg>
<arg>visible.click();</arg>
<doc>Executes the given JavaScript code with possible arguments.</doc>
<status status="PASS" start="2026-09-25T23:55:23.745356" elapsed="0.011882"/>
</kw>
<kw name="Wait Until Element Is Visible" owner="SeleniumLibrary">
<arg>xpath=//*[contains(normalize-space(.),'Your product has been added to cart')]</arg>
<arg>15 seconds</arg>
<doc>Waits until the element ``locator`` is visible.</doc>
<status status="PASS" start="2026-09-25T23:55:23.757521" elapsed="0.021450"/>
</kw>
<status status="PASS" start="2026-09-25T23:55:23.254429" elapsed="0.524693"/>
</kw>
<kw name="Open Cart" owner="common">
<kw name="Remove Advertisement Overlays" owner="common">
<kw name="Execute Javascript" owner="SeleniumLibrary">
<msg time="2026-09-25T23:55:23.780359" level="INFO">Executing JavaScript:
document.querySelectorAll('iframe[id^="aswift"], div[id^="aswift"], ins.adsbygoogle, [id^="google_ads_iframe"], [id*="google_ads_iframe"]').forEach(el =&gt; el.remove());
Without any arguments.</msg>
<arg>document.querySelectorAll('iframe[id^="aswift"], div[id^="aswift"], ins.adsbygoogle, [id^="google_ads_iframe"], [id*="google_ads_iframe"]').forEach(el =&gt; el.remove());</arg>
<doc>Executes the given JavaScript code with possible arguments.</doc>
<status status="PASS" start="2026-09-25T23:55:23.780185" elapsed="0.011554"/>
</kw>
<kw name="Execute Javascript" owner="SeleniumLibrary">
<msg time="2026-09-25T23:55:23.792163" level="INFO">Executing JavaScript:
document.querySelectorAll('body &gt; *').forEach(el =&gt; { const s = getComputedStyle(el); if (s.position === 'fixed' &amp;&amp; parseInt(s.zIndex || '0') &gt; 100000) el.remove(); });
Without any arguments.</msg>
<arg>document.querySelectorAll('body &gt; *').forEach(el =&gt; { const s = getComputedStyle(el); if (s.position === 'fixed' &amp;&amp; parseInt(s.zIndex || '0') &gt; 100000) el.remove(); });</arg>
<doc>Executes the given JavaScript code with possible arguments.</doc>
<status status="PASS" start="2026-09-25T23:55:23.791965" elapsed="0.004050"/>
</kw>
<status status="PASS" start="2026-09-25T23:55:23.779952" elapsed="0.016210"/>
</kw>
<kw name="Go To" owner="SeleniumLibrary">
<msg time="2026-09-25T23:55:23.796475" level="INFO">Opening url 'https://automationexercise.com/view_cart'</msg>
<arg>${BASE_URL}/view_cart</arg>
<doc>Navigates the current browser window to the provided ``url``.</doc>
<status status="PASS" start="2026-09-25T23:55:23.796302" elapsed="1.319492"/>
</kw>
<kw name="Wait Until Location Contains" owner="SeleniumLibrary">
<arg>/view_cart</arg>
<doc>Waits until the current URL contains ``expected``.</doc>
<status status="PASS" start="2026-09-25T23:55:25.116117" elapsed="0.010397"/>
</kw>
<kw name="Wait Until Element Is Visible" owner="SeleniumLibrary">
<arg>${CART_PRODUCT}</arg>
<arg>30 seconds</arg>
<doc>Waits until the element ``locator`` is visible.</doc>
<status status="PASS" start="2026-09-25T23:55:25.126812" elapsed="0.014153"/>
</kw>
<status status="PASS" start="2026-09-25T23:55:23.779613" elapsed="1.361502"/>
</kw>
<kw name="Verify Product In Cart" owner="common">
<kw name="Remove Advertisement Overlays" owner="common">
<kw name="Execute Javascript" owner="SeleniumLibrary">
<msg time="2026-09-25T23:55:25.142669" level="INFO">Executing JavaScript:
document.querySelectorAll('iframe[id^="aswift"], div[id^="aswift"], ins.adsbygoogle, [id^="google_ads_iframe"], [id*="google_ads_iframe"]').forEach(el =&gt; el.remove());
Without any arguments.</msg>
<arg>document.querySelectorAll('iframe[id^="aswift"], div[id^="aswift"], ins.adsbygoogle, [id^="google_ads_iframe"], [id*="google_ads_iframe"]').forEach(el =&gt; el.remove());</arg>
<doc>Executes the given JavaScript code with possible arguments.</doc>
<status status="PASS" start="2026-09-25T23:55:25.142489" elapsed="0.015035"/>
</kw>
<kw name="Execute Javascript" owner="SeleniumLibrary">
<msg time="2026-09-25T23:55:25.157909" level="INFO">Executing JavaScript:
document.querySelectorAll('body &gt; *').forEach(el =&gt; { const s = getComputedStyle(el); if (s.position === 'fixed' &amp;&amp; parseInt(s.zIndex || '0') &gt; 100000) el.remove(); });
Without any arguments.</msg>
<arg>document.querySelectorAll('body &gt; *').forEach(el =&gt; { const s = getComputedStyle(el); if (s.position === 'fixed' &amp;&amp; parseInt(s.zIndex || '0') &gt; 100000) el.remove(); });</arg>
<doc>Executes the given JavaScript code with possible arguments.</doc>
<status status="PASS" start="2026-09-25T23:55:25.157726" elapsed="0.003574"/>
</kw>
<status status="PASS" start="2026-09-25T23:55:25.142250" elapsed="0.019158"/>
</kw>
<kw name="Element Should Be Visible" owner="SeleniumLibrary">
<msg time="2026-09-25T23:55:25.171129" level="INFO">Element 'xpath=//td[contains(@class,'cart_description')]//a[normalize-space()='Men Tshirt']' is displayed.</msg>
<arg>${CART_PRODUCT}</arg>
<doc>Verifies that the element identified by ``locator`` is visible.</doc>
<status status="PASS" start="2026-09-25T23:55:25.161547" elapsed="0.009698"/>
</kw>
<status status="PASS" start="2026-09-25T23:55:25.141892" elapsed="0.029454"/>
</kw>
<kw name="Cleanup Test" type="TEARDOWN">
<kw name="Run Keyword If" owner="BuiltIn">
<arg>'${TEST STATUS}' == 'FAIL'</arg>
<arg>Capture Page Screenshot</arg>
<doc>Runs the given keyword with the given arguments, if ``condition`` is true.</doc>
<status status="PASS" start="2026-09-25T23:55:25.172042" elapsed="0.000302"/>
</kw>
<kw name="Close Application" owner="common">
<kw name="Close All Browsers" owner="SeleniumLibrary">
<doc>Closes all open browsers and resets the browser cache.</doc>
<status status="PASS" start="2026-09-25T23:55:25.172861" elapsed="2.406295"/>
</kw>
<status status="PASS" start="2026-09-25T23:55:25.172538" elapsed="2.406813"/>
</kw>
<status status="PASS" start="2026-09-25T23:55:25.171789" elapsed="2.407650"/>
</kw>
<status status="PASS" start="2026-09-25T23:54:42.023247" elapsed="45.557968"/>
</test>
<test id="s1-s1-t4" name="TC04 - Complete E-Commerce User Journey" line="28">
<kw name="Open Application" owner="common" type="SETUP">
<kw name="Open Browser" owner="SeleniumLibrary">
<msg time="2026-09-25T23:55:27.585639" level="INFO">Opening browser 'chrome' to base url 'https://automationexercise.com'.</msg>
<arg>${BASE_URL}</arg>
<arg>${BROWSER}</arg>
<doc>Opens a new browser instance to the optional ``url``.</doc>
<status status="PASS" start="2026-09-25T23:55:27.585393" elapsed="2.953501"/>
</kw>
<kw name="Maximize Browser Window" owner="SeleniumLibrary">
<doc>Maximizes current browser window.</doc>
<status status="PASS" start="2026-09-25T23:55:30.539114" elapsed="2.721723"/>
</kw>
<kw name="Set Selenium Timeout" owner="SeleniumLibrary">
<arg>15 seconds</arg>
<doc>Sets the timeout that is used by various keywords.</doc>
<status status="PASS" start="2026-09-25T23:55:33.261040" elapsed="0.000904"/>
</kw>
<kw name="Delete All Cookies" owner="SeleniumLibrary">
<doc>Deletes all cookies.</doc>
<status status="PASS" start="2026-09-25T23:55:33.262090" elapsed="0.039015"/>
</kw>
<kw name="Go To" owner="SeleniumLibrary">
<msg time="2026-09-25T23:55:33.302190" level="INFO">Opening url 'https://automationexercise.com'</msg>
<arg>${BASE_URL}</arg>
<doc>Navigates the current browser window to the provided ``url``.</doc>
<status status="PASS" start="2026-09-25T23:55:33.301766" elapsed="2.458190"/>
</kw>
<kw name="Wait Until Location Is" owner="SeleniumLibrary">
<arg>${BASE_URL}/</arg>
<doc>Waits until the current URL is ``expected``.</doc>
<status status="PASS" start="2026-09-25T23:55:35.760312" elapsed="0.007247"/>
</kw>
<status status="PASS" start="2026-09-25T23:55:27.584725" elapsed="8.183020"/>
</kw>
<kw name="Login To Application" owner="common">
<kw name="Click Element" owner="SeleniumLibrary">
<msg time="2026-09-25T23:55:35.770999" level="INFO">Clicking element 'xpath=//a[contains(.,'Signup / Login')]'.</msg>
<arg>${LOGIN_LINK}</arg>
<doc>Click the element identified by ``locator``.</doc>
<status status="PASS" start="2026-09-25T23:55:35.770440" elapsed="2.524461"/>
</kw>
<kw name="Wait Until Element Is Visible" owner="SeleniumLibrary">
<arg>${EMAIL_FIELD}</arg>
<arg>30 seconds</arg>
<doc>Waits until the element ``locator`` is visible.</doc>
<status status="PASS" start="2026-09-25T23:55:38.295294" elapsed="0.022382"/>
</kw>
<kw name="Remove Advertisement Overlays" owner="common">
<kw name="Execute Javascript" owner="SeleniumLibrary">
<msg time="2026-09-25T23:55:38.319109" level="INFO">Executing JavaScript:
document.querySelectorAll('iframe[id^="aswift"], div[id^="aswift"], ins.adsbygoogle, [id^="google_ads_iframe"], [id*="google_ads_iframe"]').forEach(el =&gt; el.remove());
Without any arguments.</msg>
<arg>document.querySelectorAll('iframe[id^="aswift"], div[id^="aswift"], ins.adsbygoogle, [id^="google_ads_iframe"], [id*="google_ads_iframe"]').forEach(el =&gt; el.remove());</arg>
<doc>Executes the given JavaScript code with possible arguments.</doc>
<status status="PASS" start="2026-09-25T23:55:38.318820" elapsed="0.032403"/>
</kw>
<kw name="Execute Javascript" owner="SeleniumLibrary">
<msg time="2026-09-25T23:55:38.351845" level="INFO">Executing JavaScript:
document.querySelectorAll('body &gt; *').forEach(el =&gt; { const s = getComputedStyle(el); if (s.position === 'fixed' &amp;&amp; parseInt(s.zIndex || '0') &gt; 100000) el.remove(); });
Without any arguments.</msg>
<arg>document.querySelectorAll('body &gt; *').forEach(el =&gt; { const s = getComputedStyle(el); if (s.position === 'fixed' &amp;&amp; parseInt(s.zIndex || '0') &gt; 100000) el.remove(); });</arg>
<doc>Executes the given JavaScript code with possible arguments.</doc>
<status status="PASS" start="2026-09-25T23:55:38.351571" elapsed="0.004969"/>
</kw>
<status status="PASS" start="2026-09-25T23:55:38.318072" elapsed="0.038564"/>
</kw>
<kw name="Input Text" owner="SeleniumLibrary">
<msg time="2026-09-25T23:55:38.357282" level="INFO">Typing text 'khasnobis.preyan888@gmail.com' into text field 'css=input[data-qa="login-email"]'.</msg>
<arg>${EMAIL_FIELD}</arg>
<arg>${VALID_EMAIL}</arg>
<doc>Types the given ``text`` into the text field identified by ``locator``.</doc>
<status status="PASS" start="2026-09-25T23:55:38.356855" elapsed="0.117737"/>
</kw>
<kw name="Input Text" owner="SeleniumLibrary">
<msg time="2026-09-25T23:55:38.475264" level="INFO">Typing text 'WiproNaukriDo' into text field 'css=input[data-qa="login-password"]'.</msg>
<arg>${PASSWORD_FIELD}</arg>
<arg>${VALID_PASSWORD}</arg>
<doc>Types the given ``text`` into the text field identified by ``locator``.</doc>
<status status="PASS" start="2026-09-25T23:55:38.474811" elapsed="0.070972"/>
</kw>
<kw name="Scroll Element Into View" owner="SeleniumLibrary">
<arg>${LOGIN_BUTTON}</arg>
<doc>Scrolls the element identified by ``locator`` into view.</doc>
<status status="PASS" start="2026-09-25T23:55:38.545988" elapsed="0.292842"/>
</kw>
<kw name="Remove Advertisement Overlays" owner="common">
<kw name="Execute Javascript" owner="SeleniumLibrary">
<msg time="2026-09-25T23:55:38.840061" level="INFO">Executing JavaScript:
document.querySelectorAll('iframe[id^="aswift"], div[id^="aswift"], ins.adsbygoogle, [id^="google_ads_iframe"], [id*="google_ads_iframe"]').forEach(el =&gt; el.remove());
Without any arguments.</msg>
<arg>document.querySelectorAll('iframe[id^="aswift"], div[id^="aswift"], ins.adsbygoogle, [id^="google_ads_iframe"], [id*="google_ads_iframe"]').forEach(el =&gt; el.remove());</arg>
<doc>Executes the given JavaScript code with possible arguments.</doc>
<status status="PASS" start="2026-09-25T23:55:38.839806" elapsed="0.006618"/>
</kw>
<kw name="Execute Javascript" owner="SeleniumLibrary">
<msg time="2026-09-25T23:55:38.846836" level="INFO">Executing JavaScript:
document.querySelectorAll('body &gt; *').forEach(el =&gt; { const s = getComputedStyle(el); if (s.position === 'fixed' &amp;&amp; parseInt(s.zIndex || '0') &gt; 100000) el.remove(); });
Without any arguments.</msg>
<arg>document.querySelectorAll('body &gt; *').forEach(el =&gt; { const s = getComputedStyle(el); if (s.position === 'fixed' &amp;&amp; parseInt(s.zIndex || '0') &gt; 100000) el.remove(); });</arg>
<doc>Executes the given JavaScript code with possible arguments.</doc>
<status status="PASS" start="2026-09-25T23:55:38.846644" elapsed="0.007214"/>
</kw>
<status status="PASS" start="2026-09-25T23:55:38.839306" elapsed="0.014804"/>
</kw>
<kw name="Get WebElement" owner="SeleniumLibrary">
<msg time="2026-09-25T23:55:38.862393" level="INFO">${login_button} = &lt;selenium.webdriver.remote.webelement.WebElement (session="70368be6adb5344bd0e0217fe2ebe191", element="f.88D323F8B13770CCCADE70B5CBAE85BF.d.F3ABA7583FED9507086EF7C51F22CD7D.e.86")&gt;</msg>
<var>${login_button}</var>
<arg>${LOGIN_BUTTON}</arg>
<doc>Returns the first WebElement matching the given ``locator``.</doc>
<status status="PASS" start="2026-09-25T23:55:38.854395" elapsed="0.008065"/>
</kw>
<kw name="Execute Javascript" owner="SeleniumLibrary">
<msg time="2026-09-25T23:55:38.862992" level="INFO">Executing JavaScript:
arguments[0].click();
By using argument:
'&lt;selenium.webdriver.remote.webelement.WebElement (session="70368be6adb5344bd0e0217fe2ebe191", element="f.88D323F8B13770CCCADE70B5CBAE85BF.d.F3ABA7583FED9507086EF7C51F22CD7D.e.86")&gt;'</msg>
<arg>arguments[0].click();</arg>
<arg>ARGUMENTS</arg>
<arg>${login_button}</arg>
<doc>Executes the given JavaScript code with possible arguments.</doc>
<status status="PASS" start="2026-09-25T23:55:38.862679" elapsed="23.951129"/>
</kw>
<status status="PASS" start="2026-09-25T23:55:35.769712" elapsed="27.044322"/>
</kw>
<kw name="Search For Product" owner="common">
<kw name="Remove Advertisement Overlays" owner="common">
<kw name="Execute Javascript" owner="SeleniumLibrary">
<msg time="2026-09-25T23:56:02.816568" level="INFO">Executing JavaScript:
document.querySelectorAll('iframe[id^="aswift"], div[id^="aswift"], ins.adsbygoogle, [id^="google_ads_iframe"], [id*="google_ads_iframe"]').forEach(el =&gt; el.remove());
Without any arguments.</msg>
<arg>document.querySelectorAll('iframe[id^="aswift"], div[id^="aswift"], ins.adsbygoogle, [id^="google_ads_iframe"], [id*="google_ads_iframe"]').forEach(el =&gt; el.remove());</arg>
<doc>Executes the given JavaScript code with possible arguments.</doc>
<status status="PASS" start="2026-09-25T23:56:02.816220" elapsed="0.098938"/>
</kw>
<kw name="Execute Javascript" owner="SeleniumLibrary">
<msg time="2026-09-25T23:56:02.915815" level="INFO">Executing JavaScript:
document.querySelectorAll('body &gt; *').forEach(el =&gt; { const s = getComputedStyle(el); if (s.position === 'fixed' &amp;&amp; parseInt(s.zIndex || '0') &gt; 100000) el.remove(); });
Without any arguments.</msg>
<arg>document.querySelectorAll('body &gt; *').forEach(el =&gt; { const s = getComputedStyle(el); if (s.position === 'fixed' &amp;&amp; parseInt(s.zIndex || '0') &gt; 100000) el.remove(); });</arg>
<doc>Executes the given JavaScript code with possible arguments.</doc>
<status status="PASS" start="2026-09-25T23:56:02.915497" elapsed="0.175283"/>
</kw>
<status status="PASS" start="2026-09-25T23:56:02.815771" elapsed="0.275166"/>
</kw>
<kw name="Go To" owner="SeleniumLibrary">
<msg time="2026-09-25T23:56:03.091323" level="INFO">Opening url 'https://automationexercise.com/products'</msg>
<arg>${BASE_URL}/products</arg>
<doc>Navigates the current browser window to the provided ``url``.</doc>
<status status="PASS" start="2026-09-25T23:56:03.091085" elapsed="4.307472"/>
</kw>
<kw name="Wait Until Location Contains" owner="SeleniumLibrary">
<arg>/products</arg>
<doc>Waits until the current URL contains ``expected``.</doc>
<status status="PASS" start="2026-09-25T23:56:07.398751" elapsed="0.008852"/>
</kw>
<kw name="Wait Until Element Is Visible" owner="SeleniumLibrary">
<arg>${SEARCH_BOX}</arg>
<arg>45 seconds</arg>
<doc>Waits until the element ``locator`` is visible.</doc>
<status status="PASS" start="2026-09-25T23:56:07.407854" elapsed="0.018297"/>
</kw>
<kw name="Remove Advertisement Overlays" owner="common">
<kw name="Execute Javascript" owner="SeleniumLibrary">
<msg time="2026-09-25T23:56:07.426725" level="INFO">Executing JavaScript:
document.querySelectorAll('iframe[id^="aswift"], div[id^="aswift"], ins.adsbygoogle, [id^="google_ads_iframe"], [id*="google_ads_iframe"]').forEach(el =&gt; el.remove());
Without any arguments.</msg>
<arg>document.querySelectorAll('iframe[id^="aswift"], div[id^="aswift"], ins.adsbygoogle, [id^="google_ads_iframe"], [id*="google_ads_iframe"]').forEach(el =&gt; el.remove());</arg>
<doc>Executes the given JavaScript code with possible arguments.</doc>
<status status="PASS" start="2026-09-25T23:56:07.426601" elapsed="0.086430"/>
</kw>
<kw name="Execute Javascript" owner="SeleniumLibrary">
<msg time="2026-09-25T23:56:07.513739" level="INFO">Executing JavaScript:
document.querySelectorAll('body &gt; *').forEach(el =&gt; { const s = getComputedStyle(el); if (s.position === 'fixed' &amp;&amp; parseInt(s.zIndex || '0') &gt; 100000) el.remove(); });
Without any arguments.</msg>
<arg>document.querySelectorAll('body &gt; *').forEach(el =&gt; { const s = getComputedStyle(el); if (s.position === 'fixed' &amp;&amp; parseInt(s.zIndex || '0') &gt; 100000) el.remove(); });</arg>
<doc>Executes the given JavaScript code with possible arguments.</doc>
<status status="PASS" start="2026-09-25T23:56:07.513394" elapsed="0.010392"/>
</kw>
<status status="PASS" start="2026-09-25T23:56:07.426381" elapsed="0.097661"/>
</kw>
<kw name="Input Text" owner="SeleniumLibrary">
<msg time="2026-09-25T23:56:07.524962" level="INFO">Typing text 'Men Tshirt' into text field 'id=search_product'.</msg>
<arg>${SEARCH_BOX}</arg>
<arg>${SEARCH_PRODUCT}</arg>
<doc>Types the given ``text`` into the text field identified by ``locator``.</doc>
<status status="PASS" start="2026-09-25T23:56:07.524342" elapsed="0.523815"/>
</kw>
<kw name="Click Element" owner="SeleniumLibrary">
<msg time="2026-09-25T23:56:08.048791" level="INFO">Clicking element 'id=submit_search'.</msg>
<arg>${SEARCH_BUTTON}</arg>
<doc>Click the element identified by ``locator``.</doc>
<status status="PASS" start="2026-09-25T23:56:08.048351" elapsed="2.345620"/>
</kw>
<kw name="Wait Until Element Is Visible" owner="SeleniumLibrary">
<arg>${SEARCHED_PRODUCTS}</arg>
<arg>30 seconds</arg>
<doc>Waits until the element ``locator`` is visible.</doc>
<status status="PASS" start="2026-09-25T23:56:10.394390" elapsed="0.019703"/>
</kw>
<status status="PASS" start="2026-09-25T23:56:02.815226" elapsed="7.599113"/>
</kw>
<kw name="Add Product To Cart" owner="common">
<kw name="Remove Advertisement Overlays" owner="common">
<kw name="Execute Javascript" owner="SeleniumLibrary">
<msg time="2026-09-25T23:56:10.415325" level="INFO">Executing JavaScript:
document.querySelectorAll('iframe[id^="aswift"], div[id^="aswift"], ins.adsbygoogle, [id^="google_ads_iframe"], [id*="google_ads_iframe"]').forEach(el =&gt; el.remove());
Without any arguments.</msg>
<arg>document.querySelectorAll('iframe[id^="aswift"], div[id^="aswift"], ins.adsbygoogle, [id^="google_ads_iframe"], [id*="google_ads_iframe"]').forEach(el =&gt; el.remove());</arg>
<doc>Executes the given JavaScript code with possible arguments.</doc>
<status status="PASS" start="2026-09-25T23:56:10.415194" elapsed="0.049449"/>
</kw>
<kw name="Execute Javascript" owner="SeleniumLibrary">
<msg time="2026-09-25T23:56:10.465410" level="INFO">Executing JavaScript:
document.querySelectorAll('body &gt; *').forEach(el =&gt; { const s = getComputedStyle(el); if (s.position === 'fixed' &amp;&amp; parseInt(s.zIndex || '0') &gt; 100000) el.remove(); });
Without any arguments.</msg>
<arg>document.querySelectorAll('body &gt; *').forEach(el =&gt; { const s = getComputedStyle(el); if (s.position === 'fixed' &amp;&amp; parseInt(s.zIndex || '0') &gt; 100000) el.remove(); });</arg>
<doc>Executes the given JavaScript code with possible arguments.</doc>
<status status="PASS" start="2026-09-25T23:56:10.465042" elapsed="0.009280"/>
</kw>
<status status="PASS" start="2026-09-25T23:56:10.415022" elapsed="0.059565"/>
</kw>
<kw name="Wait Until Element Is Visible" owner="SeleniumLibrary">
<arg>${ADD_TO_CART_BUTTON}</arg>
<arg>30 seconds</arg>
<doc>Waits until the element ``locator`` is visible.</doc>
<status status="PASS" start="2026-09-25T23:56:10.474902" elapsed="0.017706"/>
</kw>
<kw name="Scroll Element Into View" owner="SeleniumLibrary">
<arg>${ADD_TO_CART_BUTTON}</arg>
<doc>Scrolls the element identified by ``locator`` into view.</doc>
<status status="PASS" start="2026-09-25T23:56:10.492948" elapsed="0.353448"/>
</kw>
<kw name="Execute Javascript" owner="SeleniumLibrary">
<msg time="2026-09-25T23:56:10.847197" level="INFO">Executing JavaScript:
const buttons = [...document.querySelectorAll('a[data-product-id="2"].add-to-cart')];const visible = buttons.find(el =&gt; {const r = el.getBoundingClientRect();return r.width &gt; 0 &amp;&amp; r.height &gt; 0 &amp;&amp; r.top &gt;= 0 &amp;&amp; r.bottom &lt;= window.innerHeight;});if (!visible) throw new Error("Visible Men Tshirt Add to Cart button not found");visible.click();
Without any arguments.</msg>
<arg>const buttons = [...document.querySelectorAll('a[data-product-id="2"].add-to-cart')];</arg>
<arg>const visible = buttons.find(el =&gt; {</arg>
<arg>const r = el.getBoundingClientRect();</arg>
<arg>return r.width &gt; 0 &amp;&amp; r.height &gt; 0 &amp;&amp; r.top &gt;= 0 &amp;&amp; r.bottom &lt;= window.innerHeight;</arg>
<arg>});</arg>
<arg>if (!visible) throw new Error("Visible Men Tshirt Add to Cart button not found");</arg>
<arg>visible.click();</arg>
<doc>Executes the given JavaScript code with possible arguments.</doc>
<status status="PASS" start="2026-09-25T23:56:10.846775" elapsed="0.012642"/>
</kw>
<kw name="Wait Until Element Is Visible" owner="SeleniumLibrary">
<arg>xpath=//*[contains(normalize-space(.),'Your product has been added to cart')]</arg>
<arg>15 seconds</arg>
<doc>Waits until the element ``locator`` is visible.</doc>
<status status="PASS" start="2026-09-25T23:56:10.859817" elapsed="0.020862"/>
</kw>
<status status="PASS" start="2026-09-25T23:56:10.414772" elapsed="0.466155"/>
</kw>
<kw name="Open Cart" owner="common">
<kw name="Remove Advertisement Overlays" owner="common">
<kw name="Execute Javascript" owner="SeleniumLibrary">
<msg time="2026-09-25T23:56:10.882384" level="INFO">Executing JavaScript:
document.querySelectorAll('iframe[id^="aswift"], div[id^="aswift"], ins.adsbygoogle, [id^="google_ads_iframe"], [id*="google_ads_iframe"]').forEach(el =&gt; el.remove());
Without any arguments.</msg>
<arg>document.querySelectorAll('iframe[id^="aswift"], div[id^="aswift"], ins.adsbygoogle, [id^="google_ads_iframe"], [id*="google_ads_iframe"]').forEach(el =&gt; el.remove());</arg>
<doc>Executes the given JavaScript code with possible arguments.</doc>
<status status="PASS" start="2026-09-25T23:56:10.882030" elapsed="0.008820"/>
</kw>
<kw name="Execute Javascript" owner="SeleniumLibrary">
<msg time="2026-09-25T23:56:10.891482" level="INFO">Executing JavaScript:
document.querySelectorAll('body &gt; *').forEach(el =&gt; { const s = getComputedStyle(el); if (s.position === 'fixed' &amp;&amp; parseInt(s.zIndex || '0') &gt; 100000) el.remove(); });
Without any arguments.</msg>
<arg>document.querySelectorAll('body &gt; *').forEach(el =&gt; { const s = getComputedStyle(el); if (s.position === 'fixed' &amp;&amp; parseInt(s.zIndex || '0') &gt; 100000) el.remove(); });</arg>
<doc>Executes the given JavaScript code with possible arguments.</doc>
<status status="PASS" start="2026-09-25T23:56:10.891197" elapsed="0.005333"/>
</kw>
<status status="PASS" start="2026-09-25T23:56:10.881775" elapsed="0.014863"/>
</kw>
<kw name="Go To" owner="SeleniumLibrary">
<msg time="2026-09-25T23:56:10.896993" level="INFO">Opening url 'https://automationexercise.com/view_cart'</msg>
<arg>${BASE_URL}/view_cart</arg>
<doc>Navigates the current browser window to the provided ``url``.</doc>
<status status="PASS" start="2026-09-25T23:56:10.896788" elapsed="1.348839"/>
</kw>
<kw name="Wait Until Location Contains" owner="SeleniumLibrary">
<arg>/view_cart</arg>
<doc>Waits until the current URL contains ``expected``.</doc>
<status status="PASS" start="2026-09-25T23:56:12.245864" elapsed="0.006534"/>
</kw>
<kw name="Wait Until Element Is Visible" owner="SeleniumLibrary">
<arg>${CART_PRODUCT}</arg>
<arg>30 seconds</arg>
<doc>Waits until the element ``locator`` is visible.</doc>
<status status="PASS" start="2026-09-25T23:56:12.252594" elapsed="0.014267"/>
</kw>
<status status="PASS" start="2026-09-25T23:56:10.881399" elapsed="1.385561"/>
</kw>
<kw name="Verify Product In Cart" owner="common">
<kw name="Remove Advertisement Overlays" owner="common">
<kw name="Execute Javascript" owner="SeleniumLibrary">
<msg time="2026-09-25T23:56:12.268444" level="INFO">Executing JavaScript:
document.querySelectorAll('iframe[id^="aswift"], div[id^="aswift"], ins.adsbygoogle, [id^="google_ads_iframe"], [id*="google_ads_iframe"]').forEach(el =&gt; el.remove());
Without any arguments.</msg>
<arg>document.querySelectorAll('iframe[id^="aswift"], div[id^="aswift"], ins.adsbygoogle, [id^="google_ads_iframe"], [id*="google_ads_iframe"]').forEach(el =&gt; el.remove());</arg>
<doc>Executes the given JavaScript code with possible arguments.</doc>
<status status="PASS" start="2026-09-25T23:56:12.268216" elapsed="0.008943"/>
</kw>
<kw name="Execute Javascript" owner="SeleniumLibrary">
<msg time="2026-09-25T23:56:12.277705" level="INFO">Executing JavaScript:
document.querySelectorAll('body &gt; *').forEach(el =&gt; { const s = getComputedStyle(el); if (s.position === 'fixed' &amp;&amp; parseInt(s.zIndex || '0') &gt; 100000) el.remove(); });
Without any arguments.</msg>
<arg>document.querySelectorAll('body &gt; *').forEach(el =&gt; { const s = getComputedStyle(el); if (s.position === 'fixed' &amp;&amp; parseInt(s.zIndex || '0') &gt; 100000) el.remove(); });</arg>
<doc>Executes the given JavaScript code with possible arguments.</doc>
<status status="PASS" start="2026-09-25T23:56:12.277445" elapsed="0.004500"/>
</kw>
<status status="PASS" start="2026-09-25T23:56:12.267921" elapsed="0.014195"/>
</kw>
<kw name="Element Should Be Visible" owner="SeleniumLibrary">
<msg time="2026-09-25T23:56:12.295607" level="INFO">Element 'xpath=//td[contains(@class,'cart_description')]//a[normalize-space()='Men Tshirt']' is displayed.</msg>
<arg>${CART_PRODUCT}</arg>
<doc>Verifies that the element identified by ``locator`` is visible.</doc>
<status status="PASS" start="2026-09-25T23:56:12.282333" elapsed="0.013373"/>
</kw>
<status status="PASS" start="2026-09-25T23:56:12.267316" elapsed="0.028478"/>
</kw>
<kw name="Logout From Application" owner="common">
<kw name="Remove Advertisement Overlays" owner="common">
<kw name="Execute Javascript" owner="SeleniumLibrary">
<msg time="2026-09-25T23:56:12.296846" level="INFO">Executing JavaScript:
document.querySelectorAll('iframe[id^="aswift"], div[id^="aswift"], ins.adsbygoogle, [id^="google_ads_iframe"], [id*="google_ads_iframe"]').forEach(el =&gt; el.remove());
Without any arguments.</msg>
<arg>document.querySelectorAll('iframe[id^="aswift"], div[id^="aswift"], ins.adsbygoogle, [id^="google_ads_iframe"], [id*="google_ads_iframe"]').forEach(el =&gt; el.remove());</arg>
<doc>Executes the given JavaScript code with possible arguments.</doc>
<status status="PASS" start="2026-09-25T23:56:12.296687" elapsed="0.003647"/>
</kw>
<kw name="Execute Javascript" owner="SeleniumLibrary">
<msg time="2026-09-25T23:56:12.300710" level="INFO">Executing JavaScript:
document.querySelectorAll('body &gt; *').forEach(el =&gt; { const s = getComputedStyle(el); if (s.position === 'fixed' &amp;&amp; parseInt(s.zIndex || '0') &gt; 100000) el.remove(); });
Without any arguments.</msg>
<arg>document.querySelectorAll('body &gt; *').forEach(el =&gt; { const s = getComputedStyle(el); if (s.position === 'fixed' &amp;&amp; parseInt(s.zIndex || '0') &gt; 100000) el.remove(); });</arg>
<doc>Executes the given JavaScript code with possible arguments.</doc>
<status status="PASS" start="2026-09-25T23:56:12.300553" elapsed="0.007395"/>
</kw>
<status status="PASS" start="2026-09-25T23:56:12.296482" elapsed="0.011562"/>
</kw>
<kw name="Click Element" owner="SeleniumLibrary">
<msg time="2026-09-25T23:56:12.308425" level="INFO">Clicking element 'xpath=//a[@href="/logout"]'.</msg>
<arg>${LOGOUT_LINK}</arg>
<doc>Click the element identified by ``locator``.</doc>
<status status="PASS" start="2026-09-25T23:56:12.308182" elapsed="1.478166"/>
</kw>
<status status="PASS" start="2026-09-25T23:56:12.296176" elapsed="1.490334"/>
</kw>
<kw name="Cleanup Test" type="TEARDOWN">
<kw name="Run Keyword If" owner="BuiltIn">
<arg>'${TEST STATUS}' == 'FAIL'</arg>
<arg>Capture Page Screenshot</arg>
<doc>Runs the given keyword with the given arguments, if ``condition`` is true.</doc>
<status status="PASS" start="2026-09-25T23:56:13.787980" elapsed="0.000330"/>
</kw>
<kw name="Close Application" owner="common">
<kw name="Close All Browsers" owner="SeleniumLibrary">
<doc>Closes all open browsers and resets the browser cache.</doc>
<status status="PASS" start="2026-09-25T23:56:13.788624" elapsed="2.707146"/>
</kw>
<status status="PASS" start="2026-09-25T23:56:13.788442" elapsed="2.707652"/>
</kw>
<status status="PASS" start="2026-09-25T23:56:13.787703" elapsed="2.708470"/>
</kw>
<status status="PASS" start="2026-09-25T23:55:27.583759" elapsed="48.913372"/>
</test>
<test id="s1-s1-t5" name="TC05 - Register New User" line="36">
<kw name="Open Application" owner="common" type="SETUP">
<kw name="Open Browser" owner="SeleniumLibrary">
<msg time="2026-09-25T23:56:16.502793" level="INFO">Opening browser 'chrome' to base url 'https://automationexercise.com'.</msg>
<arg>${BASE_URL}</arg>
<arg>${BROWSER}</arg>
<doc>Opens a new browser instance to the optional ``url``.</doc>
<status status="PASS" start="2026-09-25T23:56:16.502050" elapsed="5.463848"/>
</kw>
<kw name="Maximize Browser Window" owner="SeleniumLibrary">
<doc>Maximizes current browser window.</doc>
<status status="PASS" start="2026-09-25T23:56:21.966178" elapsed="0.030780"/>
</kw>
<kw name="Set Selenium Timeout" owner="SeleniumLibrary">
<arg>15 seconds</arg>
<doc>Sets the timeout that is used by various keywords.</doc>
<status status="PASS" start="2026-09-25T23:56:21.997168" elapsed="0.001451"/>
</kw>
<kw name="Delete All Cookies" owner="SeleniumLibrary">
<doc>Deletes all cookies.</doc>
<status status="PASS" start="2026-09-25T23:56:21.998863" elapsed="0.045171"/>
</kw>
<kw name="Go To" owner="SeleniumLibrary">
<msg time="2026-09-25T23:56:22.044465" level="INFO">Opening url 'https://automationexercise.com'</msg>
<arg>${BASE_URL}</arg>
<doc>Navigates the current browser window to the provided ``url``.</doc>
<status status="PASS" start="2026-09-25T23:56:22.044264" elapsed="2.229417"/>
</kw>
<kw name="Wait Until Location Is" owner="SeleniumLibrary">
<arg>${BASE_URL}/</arg>
<doc>Waits until the current URL is ``expected``.</doc>
<status status="PASS" start="2026-09-25T23:56:24.273932" elapsed="0.006348"/>
</kw>
<status status="PASS" start="2026-09-25T23:56:16.500475" elapsed="7.779977"/>
</kw>
<kw name="Generate Unique Registration Data" owner="common">
<kw name="Get Current Date" owner="DateTime">
<msg time="2026-09-25T23:56:24.281909" level="INFO">${timestamp} = 20260925235624</msg>
<var>${timestamp}</var>
<arg>result_format=%Y%m%d%H%M%S</arg>
<doc>Returns current local or UTC time with an optional increment.</doc>
<status status="PASS" start="2026-09-25T23:56:24.281429" elapsed="0.000544"/>
</kw>
<kw name="Catenate" owner="BuiltIn">
<msg time="2026-09-25T23:56:24.282769" level="INFO">${unique_email} = robotuser20260925235624@example.com</msg>
<var>${unique_email}</var>
<arg>SEPARATOR=</arg>
<arg>robotuser</arg>
<arg>${timestamp}</arg>
<arg>@example.com</arg>
<doc>Catenates the given items together and returns the resulted string.</doc>
<status status="PASS" start="2026-09-25T23:56:24.282193" elapsed="0.000626"/>
</kw>
<kw name="Set Test Variable" owner="BuiltIn">
<msg time="2026-09-25T23:56:24.287213" level="INFO">${REG_NAME} = Robot Test User</msg>
<arg>${REG_NAME}</arg>
<arg>Robot Test User</arg>
<doc>Makes a variable available everywhere within the scope of the current test.</doc>
<status status="PASS" start="2026-09-25T23:56:24.283039" elapsed="0.004366"/>
</kw>
<kw name="Set Test Variable" owner="BuiltIn">
<msg time="2026-09-25T23:56:24.290837" level="INFO">${REG_EMAIL} = robotuser20260925235624@example.com</msg>
<arg>${REG_EMAIL}</arg>
<arg>${unique_email}</arg>
<doc>Makes a variable available everywhere within the scope of the current test.</doc>
<status status="PASS" start="2026-09-25T23:56:24.287902" elapsed="0.003038"/>
</kw>
<kw name="Set Test Variable" owner="BuiltIn">
<msg time="2026-09-25T23:56:24.293174" level="INFO">${REG_PASSWORD} = Test@12345</msg>
<arg>${REG_PASSWORD}</arg>
<arg>Test@12345</arg>
<doc>Makes a variable available everywhere within the scope of the current test.</doc>
<status status="PASS" start="2026-09-25T23:56:24.291195" elapsed="0.002048"/>
</kw>
<status status="PASS" start="2026-09-25T23:56:24.280998" elapsed="0.012375"/>
</kw>
<kw name="Register New User" owner="common">
<kw name="Remove Advertisement Overlays" owner="common">
<kw name="Execute Javascript" owner="SeleniumLibrary">
<msg time="2026-09-25T23:56:24.297570" level="INFO">Executing JavaScript:
document.querySelectorAll('iframe[id^="aswift"], div[id^="aswift"], ins.adsbygoogle, [id^="google_ads_iframe"], [id*="google_ads_iframe"]').forEach(el =&gt; el.remove());
Without any arguments.</msg>
<arg>document.querySelectorAll('iframe[id^="aswift"], div[id^="aswift"], ins.adsbygoogle, [id^="google_ads_iframe"], [id*="google_ads_iframe"]').forEach(el =&gt; el.remove());</arg>
<doc>Executes the given JavaScript code with possible arguments.</doc>
<status status="PASS" start="2026-09-25T23:56:24.297425" elapsed="0.034838"/>
</kw>
<kw name="Execute Javascript" owner="SeleniumLibrary">
<msg time="2026-09-25T23:56:24.332666" level="INFO">Executing JavaScript:
document.querySelectorAll('body &gt; *').forEach(el =&gt; { const s = getComputedStyle(el); if (s.position === 'fixed' &amp;&amp; parseInt(s.zIndex || '0') &gt; 100000) el.remove(); });
Without any arguments.</msg>
<arg>document.querySelectorAll('body &gt; *').forEach(el =&gt; { const s = getComputedStyle(el); if (s.position === 'fixed' &amp;&amp; parseInt(s.zIndex || '0') &gt; 100000) el.remove(); });</arg>
<doc>Executes the given JavaScript code with possible arguments.</doc>
<status status="PASS" start="2026-09-25T23:56:24.332474" elapsed="0.008014"/>
</kw>
<status status="PASS" start="2026-09-25T23:56:24.297226" elapsed="0.043388"/>
</kw>
<kw name="Click Element" owner="SeleniumLibrary">
<msg time="2026-09-25T23:56:24.341016" level="INFO">Clicking element 'xpath=//a[contains(.,'Signup / Login')]'.</msg>
<arg>${LOGIN_LINK}</arg>
<doc>Click the element identified by ``locator``.</doc>
<status status="PASS" start="2026-09-25T23:56:24.340753" elapsed="2.433243"/>
</kw>
<kw name="Wait Until Element Is Visible" owner="SeleniumLibrary">
<arg>${SIGNUP_NAME_FIELD}</arg>
<doc>Waits until the element ``locator`` is visible.</doc>
<status status="PASS" start="2026-09-25T23:56:26.774285" elapsed="0.019515"/>
</kw>
<kw name="Input Text" owner="SeleniumLibrary">
<msg time="2026-09-25T23:56:26.794459" level="INFO">Typing text 'Robot Test User' into text field 'css=input[data-qa="signup-name"]'.</msg>
<arg>${SIGNUP_NAME_FIELD}</arg>
<arg>${REG_NAME}</arg>
<doc>Types the given ``text`` into the text field identified by ``locator``.</doc>
<status status="PASS" start="2026-09-25T23:56:26.794069" elapsed="0.146773"/>
</kw>
<kw name="Input Text" owner="SeleniumLibrary">
<msg time="2026-09-25T23:56:26.941336" level="INFO">Typing text 'robotuser20260925235624@example.com' into text field 'css=input[data-qa="signup-email"]'.</msg>
<arg>${SIGNUP_EMAIL_FIELD}</arg>
<arg>${REG_EMAIL}</arg>
<doc>Types the given ``text`` into the text field identified by ``locator``.</doc>
<status status="PASS" start="2026-09-25T23:56:26.941049" elapsed="0.073287"/>
</kw>
<kw name="Click Element" owner="SeleniumLibrary">
<msg time="2026-09-25T23:56:27.014817" level="INFO">Clicking element 'css=button[data-qa="signup-button"]'.</msg>
<arg>${SIGNUP_BUTTON}</arg>
<doc>Click the element identified by ``locator``.</doc>
<status status="PASS" start="2026-09-25T23:56:27.014550" elapsed="22.940584"/>
</kw>
<kw name="Wait Until Element Is Visible" owner="SeleniumLibrary">
<arg>${MR_RADIO}</arg>
<doc>Waits until the element ``locator`` is visible.</doc>
<status status="PASS" start="2026-09-25T23:56:49.955507" elapsed="0.127863"/>
</kw>
<kw name="Click Element" owner="SeleniumLibrary">
<msg time="2026-09-25T23:56:50.086289" level="INFO">Clicking element 'id=id_gender1'.</msg>
<arg>${MR_RADIO}</arg>
<doc>Click the element identified by ``locator``.</doc>
<status status="PASS" start="2026-09-25T23:56:50.083734" elapsed="0.424502"/>
</kw>
<kw name="Input Text" owner="SeleniumLibrary">
<msg time="2026-09-25T23:56:50.509225" level="INFO">Typing text 'Test@12345' into text field 'id=password'.</msg>
<arg>${REG_PASSWORD_FIELD}</arg>
<arg>${REG_PASSWORD}</arg>
<doc>Types the given ``text`` into the text field identified by ``locator``.</doc>
<status status="PASS" start="2026-09-25T23:56:50.508672" elapsed="0.137618"/>
</kw>
<kw name="Select From List By Value" owner="SeleniumLibrary">
<msg time="2026-09-25T23:56:50.646867" level="INFO">Selecting options from selection list 'id=days' by value 10.</msg>
<arg>${DAY_DROPDOWN}</arg>
<arg>10</arg>
<doc>Selects options from selection list ``locator`` by ``values``.</doc>
<status status="PASS" start="2026-09-25T23:56:50.646568" elapsed="0.086105"/>
</kw>
<kw name="Select From List By Value" owner="SeleniumLibrary">
<msg time="2026-09-25T23:56:50.733283" level="INFO">Selecting options from selection list 'id=months' by value 5.</msg>
<arg>${MONTH_DROPDOWN}</arg>
<arg>5</arg>
<doc>Selects options from selection list ``locator`` by ``values``.</doc>
<status status="PASS" start="2026-09-25T23:56:50.732949" elapsed="0.084087"/>
</kw>
<kw name="Select From List By Value" owner="SeleniumLibrary">
<msg time="2026-09-25T23:56:50.818263" level="INFO">Selecting options from selection list 'id=years' by value 2000.</msg>
<arg>${YEAR_DROPDOWN}</arg>
<arg>2000</arg>
<doc>Selects options from selection list ``locator`` by ``values``.</doc>
<status status="PASS" start="2026-09-25T23:56:50.817523" elapsed="0.073957"/>
</kw>
<kw name="Select Registration Checkbox" owner="common">
<kw name="Remove Advertisement Overlays" owner="common">
<kw name="Execute Javascript" owner="SeleniumLibrary">
<msg time="2026-09-25T23:56:50.893359" level="INFO">Executing JavaScript:
document.querySelectorAll('iframe[id^="aswift"], div[id^="aswift"], ins.adsbygoogle, [id^="google_ads_iframe"], [id*="google_ads_iframe"]').forEach(el =&gt; el.remove());
Without any arguments.</msg>
<arg>document.querySelectorAll('iframe[id^="aswift"], div[id^="aswift"], ins.adsbygoogle, [id^="google_ads_iframe"], [id*="google_ads_iframe"]').forEach(el =&gt; el.remove());</arg>
<doc>Executes the given JavaScript code with possible arguments.</doc>
<status status="PASS" start="2026-09-25T23:56:50.893085" elapsed="0.034188"/>
</kw>
<kw name="Execute Javascript" owner="SeleniumLibrary">
<msg time="2026-09-25T23:56:50.927696" level="INFO">Executing JavaScript:
document.querySelectorAll('body &gt; *').forEach(el =&gt; { const s = getComputedStyle(el); if (s.position === 'fixed' &amp;&amp; parseInt(s.zIndex || '0') &gt; 100000) el.remove(); });
Without any arguments.</msg>
<arg>document.querySelectorAll('body &gt; *').forEach(el =&gt; { const s = getComputedStyle(el); if (s.position === 'fixed' &amp;&amp; parseInt(s.zIndex || '0') &gt; 100000) el.remove(); });</arg>
[...]
    [ Message content over the limit has been removed. ]
	chromedriver!(No symbol) [0x7ff7add17d73]
	chromedriver!(No symbol) [0x7ff7add1597a]
	chromedriver!(No symbol) [0x7ff7add12cb7]
	chromedriver!(No symbol) [0x7ff7add11b70]
	chromedriver!(No symbol) [0x7ff7add03b18]
	chromedriver!(No symbol) [0x7ff7add393ea]
	chromedriver!(No symbol) [0x7ff7add03396]
	chromedriver!(No symbol) [0x7ff7add5fbea]
	chromedriver!(No symbol) [0x7ff7add01d02]
	chromedriver!(No symbol) [0x7ff7add02b13]
	chromedriver!GetHandleVerifier [0x7ff7ae391411+425e71]
	chromedriver!GetHandleVerifier [0x7ff7ae3bca47+4514a7]
	chromedriver!GetHandleVerifier [0x7ff7ae3b094e+4453ae]
	chromedriver!GetHandleVerifier [0x7ff7ae06bf6e+1009ce]
	chromedriver!(No symbol) [0x7ff7adea0a05]
	chromedriver!(No symbol) [0x7ff7ade9bcf4]
	chromedriver!(No symbol) [0x7ff7ade9be84]
	chromedriver!(No symbol) [0x7ff7ade866ac]
	KERNEL32!BaseThreadInitThunk [0x7ff96bb5259d+1d]
	ntdll!RtlUserThreadStart [0x7ff96c96af78+28]</status>
</kw>
<status status="FAIL" start="2026-09-26T00:05:22.629434" elapsed="27.551966">ElementClickInterceptedException: Message: element click intercepted: Element &lt;button type="submit" id="button-review" class="btn btn-default pull-right"&gt;...&lt;/button&gt; is not clickable at point (1142, 573). Other element would receive the click: &lt;span data-google-vignette="false" data-google-interstitial="false" style="color-scheme: initial !important; forced-color-adjust: initial !important; math-depth: initial !important; position-anchor: initial !important; text-size-adjust: initial !important; appearance: initial !important; font-feature-settings: initial !important; font-kerning: initial !important; font-language-override: initial !important; font-optical-sizing: initial !important; font-palette: initial !important; font-size-adjust: initial !important; font-stretch: initial !important; font-style: initial !important; font-synthesis: initial !important; font-variant: initial !important; font-variation-settings: initial !important; position-area: initial !important; text-rendering: initial !important; text-spacing-trim: initial !important; -webkit-font-smoothing: initial !important; -webkit-locale: initial !important; -webkit-text-orientation: initial !important; -webkit-writing-mode: initial !important; zoom: initial !important; accent-color: initial !important; place-content: initial !important; place-items: initial !important; place-self: initial !important; alignment-baseline: initial !important; anchor-name: initial !important; anchor-scope: initial !important; animation-composition: initial !important; animation: initial !...
    [ Message content over the limit has been removed. ]
	chromedriver!(No symbol) [0x7ff7add17d73]
	chromedriver!(No symbol) [0x7ff7add1597a]
	chromedriver!(No symbol) [0x7ff7add12cb7]
	chromedriver!(No symbol) [0x7ff7add11b70]
	chromedriver!(No symbol) [0x7ff7add03b18]
	chromedriver!(No symbol) [0x7ff7add393ea]
	chromedriver!(No symbol) [0x7ff7add03396]
	chromedriver!(No symbol) [0x7ff7add5fbea]
	chromedriver!(No symbol) [0x7ff7add01d02]
	chromedriver!(No symbol) [0x7ff7add02b13]
	chromedriver!GetHandleVerifier [0x7ff7ae391411+425e71]
	chromedriver!GetHandleVerifier [0x7ff7ae3bca47+4514a7]
	chromedriver!GetHandleVerifier [0x7ff7ae3b094e+4453ae]
	chromedriver!GetHandleVerifier [0x7ff7ae06bf6e+1009ce]
	chromedriver!(No symbol) [0x7ff7adea0a05]
	chromedriver!(No symbol) [0x7ff7ade9bcf4]
	chromedriver!(No symbol) [0x7ff7ade9be84]
	chromedriver!(No symbol) [0x7ff7ade866ac]
	KERNEL32!BaseThreadInitThunk [0x7ff96bb5259d+1d]
	ntdll!RtlUserThreadStart [0x7ff96c96af78+28]</status>
</kw>
<kw name="Verify Product Review Submitted" owner="advanced_ecommerce">
<status status="NOT RUN" start="2026-09-26T00:05:50.256762" elapsed="0.000058"/>
</kw>
<kw name="Cleanup Test" type="TEARDOWN">
<kw name="Run Keyword If" owner="BuiltIn">
<kw name="Capture Page Screenshot" owner="SeleniumLibrary">
<msg time="2026-09-26T00:05:50.416297" level="INFO" html="true">&lt;/td&gt;&lt;/tr&gt;&lt;tr&gt;&lt;td colspan="3"&gt;&lt;a href="selenium-screenshot-74.png"&gt;&lt;img src="selenium-screenshot-74.png" width="800px"&gt;&lt;/a&gt;</msg>
<doc>Takes a screenshot of the current page and embeds it into a log file.</doc>
<status status="PASS" start="2026-09-26T00:05:50.279372" elapsed="0.137095"/>
</kw>
<arg>'${TEST STATUS}' == 'FAIL'</arg>
<arg>Capture Page Screenshot</arg>
<doc>Runs the given keyword with the given arguments, if ``condition`` is true.</doc>
<status status="PASS" start="2026-09-26T00:05:50.278772" elapsed="0.137820"/>
</kw>
<kw name="Close Application" owner="common">
<kw name="Close All Browsers" owner="SeleniumLibrary">
<doc>Closes all open browsers and resets the browser cache.</doc>
<status status="PASS" start="2026-09-26T00:05:50.418199" elapsed="2.494209"/>
</kw>
<status status="PASS" start="2026-09-26T00:05:50.416915" elapsed="2.495744"/>
</kw>
<status status="PASS" start="2026-09-26T00:05:50.278310" elapsed="2.634470"/>
</kw>
<status status="FAIL" start="2026-09-26T00:05:14.882900" elapsed="38.031531">ElementClickInterceptedException: Message: element click intercepted: Element &lt;button type="submit" id="button-review" class="btn btn-default pull-right"&gt;...&lt;/button&gt; is not clickable at point (1142, 573). Other element would receive the click: &lt;span data-google-vignette="false" data-google-interstitial="false" style="color-scheme: initial !important; forced-color-adjust: initial !important; math-depth: initial !important; position-anchor: initial !important; text-size-adjust: initial !important; appearance: initial !important; font-feature-settings: initial !important; font-kerning: initial !important; font-language-override: initial !important; font-optical-sizing: initial !important; font-palette: initial !important; font-size-adjust: initial !important; font-stretch: initial !important; font-style: initial !important; font-synthesis: initial !important; font-variant: initial !important; font-variation-settings: initial !important; position-area: initial !important; text-rendering: initial !important; text-spacing-trim: initial !important; -webkit-font-smoothing: initial !important; -webkit-locale: initial !important; -webkit-text-orientation: initial !important; -webkit-writing-mode: initial !important; zoom: initial !important; accent-color: initial !important; place-content: initial !important; place-items: initial !important; place-self: initial !important; alignment-baseline: initial !important; anchor-name: initial !important; anchor-scope: initial !important; animation-composition: initial !important; animation: initial !...
    [ Message content over the limit has been removed. ]
	chromedriver!(No symbol) [0x7ff7add17d73]
	chromedriver!(No symbol) [0x7ff7add1597a]
	chromedriver!(No symbol) [0x7ff7add12cb7]
	chromedriver!(No symbol) [0x7ff7add11b70]
	chromedriver!(No symbol) [0x7ff7add03b18]
	chromedriver!(No symbol) [0x7ff7add393ea]
	chromedriver!(No symbol) [0x7ff7add03396]
	chromedriver!(No symbol) [0x7ff7add5fbea]
	chromedriver!(No symbol) [0x7ff7add01d02]
	chromedriver!(No symbol) [0x7ff7add02b13]
	chromedriver!GetHandleVerifier [0x7ff7ae391411+425e71]
	chromedriver!GetHandleVerifier [0x7ff7ae3bca47+4514a7]
	chromedriver!GetHandleVerifier [0x7ff7ae3b094e+4453ae]
	chromedriver!GetHandleVerifier [0x7ff7ae06bf6e+1009ce]
	chromedriver!(No symbol) [0x7ff7adea0a05]
	chromedriver!(No symbol) [0x7ff7ade9bcf4]
	chromedriver!(No symbol) [0x7ff7ade9be84]
	chromedriver!(No symbol) [0x7ff7ade866ac]
	KERNEL32!BaseThreadInitThunk [0x7ff96bb5259d+1d]
	ntdll!RtlUserThreadStart [0x7ff96c96af78+28]</status>
</test>
<test id="s1-s1-t18" name="TC18 - Add Recommended Product To Cart" line="227">
<kw name="Open Application" owner="common" type="SETUP">
<kw name="Open Browser" owner="SeleniumLibrary">
<msg time="2026-09-26T00:05:52.918558" level="INFO">Opening browser 'chrome' to base url 'https://automationexercise.com'.</msg>
<arg>${BASE_URL}</arg>
<arg>${BROWSER}</arg>
<doc>Opens a new browser instance to the optional ``url``.</doc>
<status status="PASS" start="2026-09-26T00:05:52.918191" elapsed="5.411456"/>
</kw>
<kw name="Maximize Browser Window" owner="SeleniumLibrary">
<doc>Maximizes current browser window.</doc>
<status status="PASS" start="2026-09-26T00:05:58.329913" elapsed="0.036473"/>
</kw>
<kw name="Set Selenium Timeout" owner="SeleniumLibrary">
<arg>15 seconds</arg>
<doc>Sets the timeout that is used by various keywords.</doc>
<status status="PASS" start="2026-09-26T00:05:58.366595" elapsed="0.001092"/>
</kw>
<kw name="Delete All Cookies" owner="SeleniumLibrary">
<doc>Deletes all cookies.</doc>
<status status="PASS" start="2026-09-26T00:05:58.367882" elapsed="0.042056"/>
</kw>
<kw name="Go To" owner="SeleniumLibrary">
<msg time="2026-09-26T00:05:58.410588" level="INFO">Opening url 'https://automationexercise.com'</msg>
<arg>${BASE_URL}</arg>
<doc>Navigates the current browser window to the provided ``url``.</doc>
<status status="PASS" start="2026-09-26T00:05:58.410321" elapsed="23.739636"/>
</kw>
<kw name="Wait Until Location Is" owner="SeleniumLibrary">
<arg>${BASE_URL}/</arg>
<doc>Waits until the current URL is ``expected``.</doc>
<status status="PASS" start="2026-09-26T00:06:22.150239" elapsed="0.005942"/>
</kw>
<status status="PASS" start="2026-09-26T00:05:52.917700" elapsed="29.238606"/>
</kw>
<kw name="Add Recommended Product To Cart" owner="advanced_ecommerce">
<kw name="Go To" owner="SeleniumLibrary">
<msg time="2026-09-26T00:06:22.158001" level="INFO">Opening url 'https://automationexercise.com'</msg>
<arg>${BASE_URL}</arg>
<doc>Navigates the current browser window to the provided ``url``.</doc>
<status status="PASS" start="2026-09-26T00:06:22.157804" elapsed="22.710141"/>
</kw>
<kw name="Wait Until Element Is Visible" owner="SeleniumLibrary">
<arg>${RECOMMENDED_SECTION}</arg>
<arg>30 seconds</arg>
<doc>Waits until the element ``locator`` is visible.</doc>
<status status="PASS" start="2026-09-26T00:06:44.868183" elapsed="0.036654"/>
</kw>
<kw name="Execute Javascript" owner="SeleniumLibrary">
<msg time="2026-09-26T00:06:44.905211" level="INFO">Executing JavaScript:
window.scrollTo({top: document.body.scrollHeight, behavior: 'instant'});
Without any arguments.</msg>
<arg>window.scrollTo({top: document.body.scrollHeight, behavior: 'instant'});</arg>
<doc>Executes the given JavaScript code with possible arguments.</doc>
<status status="PASS" start="2026-09-26T00:06:44.905045" elapsed="0.200766"/>
</kw>
<kw name="Sleep" owner="BuiltIn">
<msg time="2026-09-26T00:06:46.107468" level="INFO">Slept 1 second.</msg>
<arg>1s</arg>
<doc>Pauses the test executed for the given time.</doc>
<status status="PASS" start="2026-09-26T00:06:45.106201" elapsed="1.001473"/>
</kw>
<kw name="Remove Advertisement Overlays" owner="common">
<kw name="Execute Javascript" owner="SeleniumLibrary">
<msg time="2026-09-26T00:06:46.110221" level="INFO">Executing JavaScript:
document.querySelectorAll('iframe[id^="aswift"], div[id^="aswift"], ins.adsbygoogle, [id^="google_ads_iframe"], [id*="google_ads_iframe"]').forEach(el =&gt; el.remove());
Without any arguments.</msg>
<arg>document.querySelectorAll('iframe[id^="aswift"], div[id^="aswift"], ins.adsbygoogle, [id^="google_ads_iframe"], [id*="google_ads_iframe"]').forEach(el =&gt; el.remove());</arg>
<doc>Executes the given JavaScript code with possible arguments.</doc>
<status status="PASS" start="2026-09-26T00:06:46.109608" elapsed="0.107147"/>
</kw>
<kw name="Execute Javascript" owner="SeleniumLibrary">
<msg time="2026-09-26T00:06:46.217123" level="INFO">Executing JavaScript:
document.querySelectorAll('body &gt; *').forEach(el =&gt; { const s = getComputedStyle(el); if (s.position === 'fixed' &amp;&amp; parseInt(s.zIndex || '0') &gt; 100000) el.remove(); });
Without any arguments.</msg>
<arg>document.querySelectorAll('body &gt; *').forEach(el =&gt; { const s = getComputedStyle(el); if (s.position === 'fixed' &amp;&amp; parseInt(s.zIndex || '0') &gt; 100000) el.remove(); });</arg>
<doc>Executes the given JavaScript code with possible arguments.</doc>
<status status="PASS" start="2026-09-26T00:06:46.216950" elapsed="0.005040"/>
</kw>
<status status="PASS" start="2026-09-26T00:06:46.108062" elapsed="0.114046"/>
</kw>
<kw name="Execute Javascript" owner="SeleniumLibrary">
<msg time="2026-09-26T00:06:46.222553" level="INFO">Executing JavaScript:
const root = document.querySelector('.recommended_items');if (!root) return false;const buttons = [...root.querySelectorAll('a.add-to-cart')];const visible = buttons.find(el =&gt; {const r = el.getBoundingClientRect();const s = getComputedStyle(el);return r.width &gt; 0 &amp;&amp;r.height &gt; 0 &amp;&amp;s.display !== 'none' &amp;&amp;s.visibility !== 'hidden';});if (!visible) return false;visible.scrollIntoView({block:'center'});visible.click();return true;
Without any arguments.</msg>
<msg time="2026-09-26T00:06:46.232901" level="INFO">${clicked} = True</msg>
<var>${clicked}</var>
<arg>const root = document.querySelector('.recommended_items');</arg>
<arg>if (!root) return false;</arg>
<arg>const buttons = [...root.querySelectorAll('a.add-to-cart')];</arg>
<arg>const visible = buttons.find(el =&gt; {</arg>
<arg>const r = el.getBoundingClientRect();</arg>
<arg>const s = getComputedStyle(el);</arg>
<arg>return r.width &gt; 0 &amp;&amp;</arg>
<arg>r.height &gt; 0 &amp;&amp;</arg>
<arg>s.display !== 'none' &amp;&amp;</arg>
<arg>s.visibility !== 'hidden';</arg>
<arg>});</arg>
<arg>if (!visible) return false;</arg>
<arg>visible.scrollIntoView({block:'center'});</arg>
<arg>visible.click();</arg>
<arg>return true;</arg>
<doc>Executes the given JavaScript code with possible arguments.</doc>
<status status="PASS" start="2026-09-26T00:06:46.222280" elapsed="0.010676"/>
</kw>
<kw name="Should Be True" owner="BuiltIn">
<arg>${clicked}</arg>
<doc>Fails if the given condition is not true.</doc>
<status status="PASS" start="2026-09-26T00:06:46.233195" elapsed="0.000514"/>
</kw>
<kw name="Wait Until Page Contains" owner="SeleniumLibrary">
<arg>Your product has been added to cart</arg>
<arg>15 seconds</arg>
<doc>Waits until ``text`` appears on the current page.</doc>
<status status="PASS" start="2026-09-26T00:06:46.234058" elapsed="0.010267"/>
</kw>
<kw name="Open Cart From Modal" owner="advanced_ecommerce">
<kw name="Remove Advertisement Overlays" owner="common">
<kw name="Execute Javascript" owner="SeleniumLibrary">
<msg time="2026-09-26T00:06:46.245426" level="INFO">Executing JavaScript:
document.querySelectorAll('iframe[id^="aswift"], div[id^="aswift"], ins.adsbygoogle, [id^="google_ads_iframe"], [id*="google_ads_iframe"]').forEach(el =&gt; el.remove());
Without any arguments.</msg>
<arg>document.querySelectorAll('iframe[id^="aswift"], div[id^="aswift"], ins.adsbygoogle, [id^="google_ads_iframe"], [id*="google_ads_iframe"]').forEach(el =&gt; el.remove());</arg>
<doc>Executes the given JavaScript code with possible arguments.</doc>
<status status="PASS" start="2026-09-26T00:06:46.245238" elapsed="0.003771"/>
</kw>
<kw name="Execute Javascript" owner="SeleniumLibrary">
<msg time="2026-09-26T00:06:46.249451" level="INFO">Executing JavaScript:
document.querySelectorAll('body &gt; *').forEach(el =&gt; { const s = getComputedStyle(el); if (s.position === 'fixed' &amp;&amp; parseInt(s.zIndex || '0') &gt; 100000) el.remove(); });
Without any arguments.</msg>
<arg>document.querySelectorAll('body &gt; *').forEach(el =&gt; { const s = getComputedStyle(el); if (s.position === 'fixed' &amp;&amp; parseInt(s.zIndex || '0') &gt; 100000) el.remove(); });</arg>
<doc>Executes the given JavaScript code with possible arguments.</doc>
<status status="PASS" start="2026-09-26T00:06:46.249231" elapsed="0.003944"/>
</kw>
<status status="PASS" start="2026-09-26T00:06:46.244990" elapsed="0.008337"/>
</kw>
<kw name="Wait Until Element Is Visible" owner="SeleniumLibrary">
<arg>${VIEW_CART_BUTTON}</arg>
<arg>15 seconds</arg>
<doc>Waits until the element ``locator`` is visible.</doc>
<status status="PASS" start="2026-09-26T00:06:46.253504" elapsed="1.142552"/>
</kw>
<kw name="Click Element" owner="SeleniumLibrary">
<msg time="2026-09-26T00:06:47.396918" level="INFO">Clicking element 'xpath=//u[normalize-space(.)='View Cart']/ancestor::a[1]'.</msg>
<arg>${VIEW_CART_BUTTON}</arg>
<doc>Click the element identified by ``locator``.</doc>
<status status="PASS" start="2026-09-26T00:06:47.396423" elapsed="22.874382"/>
</kw>
<kw name="Wait Until Location Contains" owner="SeleniumLibrary">
<arg>/view_cart</arg>
<doc>Waits until the current URL contains ``expected``.</doc>
<status status="PASS" start="2026-09-26T00:07:10.271001" elapsed="0.008803"/>
</kw>
<kw name="Wait Until Element Is Visible" owner="SeleniumLibrary">
<arg>${CART_PRODUCT_ROWS}</arg>
<arg>30 seconds</arg>
<doc>Waits until the element ``locator`` is visible.</doc>
<status status="PASS" start="2026-09-26T00:07:10.280071" elapsed="0.017175"/>
</kw>
<status status="PASS" start="2026-09-26T00:06:46.244658" elapsed="24.052698"/>
</kw>
<status status="PASS" start="2026-09-26T00:06:22.157374" elapsed="48.140023"/>
</kw>
<kw name="Verify Recommended Product In Cart" owner="advanced_ecommerce">
<kw name="Get Element Count" owner="SeleniumLibrary">
<msg time="2026-09-26T00:07:10.307440" level="INFO">${row_count} = 1</msg>
<var>${row_count}</var>
<arg>${CART_PRODUCT_ROWS}</arg>
<doc>Returns the number of elements matching ``locator``.</doc>
<status status="PASS" start="2026-09-26T00:07:10.298542" elapsed="0.008934"/>
</kw>
<kw name="Should Be True" owner="BuiltIn">
<arg>${row_count} &gt;= 1</arg>
<doc>Fails if the given condition is not true.</doc>
<status status="PASS" start="2026-09-26T00:07:10.307604" elapsed="0.000333"/>
</kw>
<status status="PASS" start="2026-09-26T00:07:10.298231" elapsed="0.009760"/>
</kw>
<kw name="Cleanup Test" type="TEARDOWN">
<kw name="Run Keyword If" owner="BuiltIn">
<arg>'${TEST STATUS}' == 'FAIL'</arg>
<arg>Capture Page Screenshot</arg>
<doc>Runs the given keyword with the given arguments, if ``condition`` is true.</doc>
<status status="PASS" start="2026-09-26T00:07:10.318756" elapsed="0.000474"/>
</kw>
<kw name="Close Application" owner="common">
<kw name="Close All Browsers" owner="SeleniumLibrary">
<doc>Closes all open browsers and resets the browser cache.</doc>
<status status="PASS" start="2026-09-26T00:07:10.319696" elapsed="2.717115"/>
</kw>
<status status="PASS" start="2026-09-26T00:07:10.319421" elapsed="2.717575"/>
</kw>
<status status="PASS" start="2026-09-26T00:07:10.318344" elapsed="2.718732"/>
</kw>
<status status="PASS" start="2026-09-26T00:05:52.916911" elapsed="80.121274"/>
</test>
<status status="FAIL" start="2026-09-25T23:53:42.522646" elapsed="810.517877"/>
</suite>
<status status="FAIL" start="2026-09-25T23:53:42.481233" elapsed="810.565066"/>
</suite>
<statistics>
<total>
<stat pass="16" fail="2" skip="0">All Tests</stat>
</total>
<tag>
</tag>
<suite>
<stat name="Tests" id="s1" pass="16" fail="2" skip="0">Tests</stat>
<stat name="Ecommerce Tests" id="s1-s1" pass="16" fail="2" skip="0">Tests.Ecommerce Tests</stat>
</suite>
</statistics>
<errors>
</errors>
</robot>
